ARM GAS  C:\Users\Angel\AppData\Local\Temp\ccY6OPUT.s 			page 1


   1              		.syntax unified
   2              		.cpu cortex-m0plus
   3              		.fpu softvfp
   4              		.eabi_attribute 20, 1
   5              		.eabi_attribute 21, 1
   6              		.eabi_attribute 23, 3
   7              		.eabi_attribute 24, 1
   8              		.eabi_attribute 25, 1
   9              		.eabi_attribute 26, 1
  10              		.eabi_attribute 30, 1
  11              		.eabi_attribute 34, 0
  12              		.eabi_attribute 18, 4
  13              		.thumb
  14              		.syntax unified
  15              		.file	"func_list.c"
  16              		.text
  17              	.Ltext0:
  18              		.cfi_sections	.debug_frame
  19              		.section	.text.get_func,"ax",%progbits
  20              		.align	2
  21              		.global	get_func
  22              		.code	16
  23              		.thumb_func
  24              		.type	get_func, %function
  25              	get_func:
  26              	.LFB441:
  27              		.file 1 "sources\\func_list\\func_list.c"
   1:sources\func_list/func_list.c **** #include "project.h"
   2:sources\func_list/func_list.c **** #include "stdio.h"
   3:sources\func_list/func_list.c **** #include "string.h"
   4:sources\func_list/func_list.c **** #include "tty_utils.h"
   5:sources\func_list/func_list.c **** #include "func_list.h"
   6:sources\func_list/func_list.c **** 
   7:sources\func_list/func_list.c **** func_ptr get_func(f_list_type *list, char *str)
   8:sources\func_list/func_list.c **** {
  28              		.loc 1 8 0
  29              		.cfi_startproc
  30              		@ args = 0, pretend = 0, frame = 24
  31              		@ frame_needed = 0, uses_anonymous_args = 0
  32              	.LVL0:
  33 0000 70B5     		push	{r4, r5, r6, lr}
  34              		.cfi_def_cfa_offset 16
  35              		.cfi_offset 4, -16
  36              		.cfi_offset 5, -12
  37              		.cfi_offset 6, -8
  38              		.cfi_offset 14, -4
  39 0002 86B0     		sub	sp, sp, #24
  40              		.cfi_def_cfa_offset 40
  41 0004 0600     		movs	r6, r0
  42 0006 0800     		movs	r0, r1
  43              	.LVL1:
   9:sources\func_list/func_list.c ****     int      i ;
  10:sources\func_list/func_list.c ****     func_ptr ptr = 0 ;
  11:sources\func_list/func_list.c ****     char cmd[CMD_LENGTH+1] ;
  12:sources\func_list/func_list.c ****     
  13:sources\func_list/func_list.c ****     sscanf(str, "%s", cmd) ;
  44              		.loc 1 13 0
ARM GAS  C:\Users\Angel\AppData\Local\Temp\ccY6OPUT.s 			page 2


  45 0008 01AA     		add	r2, sp, #4
  46 000a 0A49     		ldr	r1, .L5
  47              	.LVL2:
  48 000c FFF7FEFF 		bl	sscanf
  49              	.LVL3:
  14:sources\func_list/func_list.c ****     for (i = 0 ; list[i].name ; i++ ) {
  50              		.loc 1 14 0
  51 0010 0025     		movs	r5, #0
  52 0012 05E0     		b	.L2
  53              	.LVL4:
  54              	.L4:
  15:sources\func_list/func_list.c ****         if (strcmp(list[i].name, cmd) == 0) {
  55              		.loc 1 15 0
  56 0014 01A9     		add	r1, sp, #4
  57 0016 FFF7FEFF 		bl	strcmp
  58              	.LVL5:
  59 001a 0028     		cmp	r0, #0
  60 001c 07D0     		beq	.L3
  14:sources\func_list/func_list.c ****     for (i = 0 ; list[i].name ; i++ ) {
  61              		.loc 1 14 0 discriminator 2
  62 001e 0135     		adds	r5, r5, #1
  63              	.LVL6:
  64              	.L2:
  14:sources\func_list/func_list.c ****     for (i = 0 ; list[i].name ; i++ ) {
  65              		.loc 1 14 0 is_stmt 0 discriminator 1
  66 0020 6A00     		lsls	r2, r5, #1
  67 0022 5219     		adds	r2, r2, r5
  68 0024 9300     		lsls	r3, r2, #2
  69 0026 F418     		adds	r4, r6, r3
  70 0028 2068     		ldr	r0, [r4]
  71 002a 0028     		cmp	r0, #0
  72 002c F2D1     		bne	.L4
  73              	.L3:
  16:sources\func_list/func_list.c ****             break ;
  17:sources\func_list/func_list.c ****         }
  18:sources\func_list/func_list.c ****     }
  19:sources\func_list/func_list.c ****     ptr = list[i].func ;
  74              		.loc 1 19 0 is_stmt 1
  75 002e 6068     		ldr	r0, [r4, #4]
  76              	.LVL7:
  20:sources\func_list/func_list.c ****     
  21:sources\func_list/func_list.c ****     return( ptr ) ;
  22:sources\func_list/func_list.c **** }
  77              		.loc 1 22 0
  78 0030 06B0     		add	sp, sp, #24
  79              		@ sp needed
  80              	.LVL8:
  81              	.LVL9:
  82 0032 70BD     		pop	{r4, r5, r6, pc}
  83              	.L6:
  84              		.align	2
  85              	.L5:
  86 0034 00000000 		.word	.LC0
  87              		.cfi_endproc
  88              	.LFE441:
  89              		.size	get_func, .-get_func
  90              		.section	.text.show_help,"ax",%progbits
ARM GAS  C:\Users\Angel\AppData\Local\Temp\ccY6OPUT.s 			page 3


  91              		.align	2
  92              		.global	show_help
  93              		.code	16
  94              		.thumb_func
  95              		.type	show_help, %function
  96              	show_help:
  97              	.LFB442:
  23:sources\func_list/func_list.c **** 
  24:sources\func_list/func_list.c **** void show_help(f_list_type *list)
  25:sources\func_list/func_list.c **** {
  98              		.loc 1 25 0
  99              		.cfi_startproc
 100              		@ args = 0, pretend = 0, frame = 0
 101              		@ frame_needed = 0, uses_anonymous_args = 0
 102              	.LVL10:
 103 0000 70B5     		push	{r4, r5, r6, lr}
 104              		.cfi_def_cfa_offset 16
 105              		.cfi_offset 4, -16
 106              		.cfi_offset 5, -12
 107              		.cfi_offset 6, -8
 108              		.cfi_offset 14, -4
 109 0002 0600     		movs	r6, r0
  26:sources\func_list/func_list.c ****     int i ;
  27:sources\func_list/func_list.c ****     
  28:sources\func_list/func_list.c ****     print("=== command ===\n\r") ;
 110              		.loc 1 28 0
 111 0004 0D48     		ldr	r0, .L10
 112              	.LVL11:
 113 0006 FFF7FEFF 		bl	print
 114              	.LVL12:
  29:sources\func_list/func_list.c ****     for (i = 0 ; list[i].name ; i++ ) {
 115              		.loc 1 29 0
 116 000a 0025     		movs	r5, #0
 117 000c 0BE0     		b	.L8
 118              	.LVL13:
 119              	.L9:
  30:sources\func_list/func_list.c ****         print(list[i].name) ;
 120              		.loc 1 30 0 discriminator 3
 121 000e FFF7FEFF 		bl	print
 122              	.LVL14:
  31:sources\func_list/func_list.c ****         print(" : ") ;
 123              		.loc 1 31 0 discriminator 3
 124 0012 0B48     		ldr	r0, .L10+4
 125 0014 FFF7FEFF 		bl	print
 126              	.LVL15:
  32:sources\func_list/func_list.c ****         print(list[i].description) ;
 127              		.loc 1 32 0 discriminator 3
 128 0018 A068     		ldr	r0, [r4, #8]
 129 001a FFF7FEFF 		bl	print
 130              	.LVL16:
  33:sources\func_list/func_list.c ****         print("\n\r") ;
 131              		.loc 1 33 0 discriminator 3
 132 001e 0948     		ldr	r0, .L10+8
 133 0020 FFF7FEFF 		bl	print
 134              	.LVL17:
  29:sources\func_list/func_list.c ****         print(list[i].name) ;
 135              		.loc 1 29 0 discriminator 3
ARM GAS  C:\Users\Angel\AppData\Local\Temp\ccY6OPUT.s 			page 4


 136 0024 0135     		adds	r5, r5, #1
 137              	.LVL18:
 138              	.L8:
  29:sources\func_list/func_list.c ****         print(list[i].name) ;
 139              		.loc 1 29 0 is_stmt 0 discriminator 1
 140 0026 6A00     		lsls	r2, r5, #1
 141 0028 5219     		adds	r2, r2, r5
 142 002a 9300     		lsls	r3, r2, #2
 143 002c F418     		adds	r4, r6, r3
 144 002e 2068     		ldr	r0, [r4]
 145 0030 0028     		cmp	r0, #0
 146 0032 ECD1     		bne	.L9
  34:sources\func_list/func_list.c ****     }
  35:sources\func_list/func_list.c ****     print("===============\n\r") ;    
 147              		.loc 1 35 0 is_stmt 1
 148 0034 0448     		ldr	r0, .L10+12
 149 0036 FFF7FEFF 		bl	print
 150              	.LVL19:
  36:sources\func_list/func_list.c **** }...
 151              		.loc 1 36 0
 152              		@ sp needed
 153              	.LVL20:
 154              	.LVL21:
 155 003a 70BD     		pop	{r4, r5, r6, pc}
 156              	.L11:
 157              		.align	2
 158              	.L10:
 159 003c 04000000 		.word	.LC2
 160 0040 18000000 		.word	.LC4
 161 0044 1C000000 		.word	.LC6
 162 0048 20000000 		.word	.LC8
 163              		.cfi_endproc
 164              	.LFE442:
 165              		.size	show_help, .-show_help
 166              		.section	.rodata.str1.4,"aMS",%progbits,1
 167              		.align	2
 168              	.LC0:
 169 0000 257300   		.ascii	"%s\000"
 170 0003 00       		.space	1
 171              	.LC2:
 172 0004 3D3D3D20 		.ascii	"=== command ===\012\015\000"
 172      636F6D6D 
 172      616E6420 
 172      3D3D3D0A 
 172      0D00
 173 0016 0000     		.space	2
 174              	.LC4:
 175 0018 203A2000 		.ascii	" : \000"
 176              	.LC6:
 177 001c 0A0D00   		.ascii	"\012\015\000"
 178 001f 00       		.space	1
 179              	.LC8:
 180 0020 3D3D3D3D 		.ascii	"===============\012\015\000"
 180      3D3D3D3D 
 180      3D3D3D3D 
 180      3D3D3D0A 
 180      0D00
ARM GAS  C:\Users\Angel\AppData\Local\Temp\ccY6OPUT.s 			page 5


 181              		.text
 182              	.Letext0:
 183              		.file 2 "c:\\program files (x86)\\cypress\\psoc creator\\4.4\\psoc creator\\import\\gnu\\arm\\5.4.
 184              		.file 3 "c:\\program files (x86)\\cypress\\psoc creator\\4.4\\psoc creator\\import\\gnu\\arm\\5.4.
 185              		.file 4 "Generated_Source\\PSoC6\\pdl\\drivers/peripheral/device/cy_device.h"
 186              		.file 5 "Generated_Source\\PSoC6\\pdl\\drivers/peripheral/sar/cy_sar.h"
 187              		.file 6 "Generated_Source\\PSoC6\\pdl\\drivers/peripheral/scb/cy_scb_uart.h"
 188              		.file 7 "Generated_Source\\PSoC6/ADC_1.h"
 189              		.file 8 "sources\\func_list\\func_list.h"
 190              		.file 9 "Generated_Source\\PSoC6/UART.h"
 191              		.file 10 "c:\\program files (x86)\\cypress\\psoc creator\\4.4\\psoc creator\\import\\gnu\\arm\\5.4
 192              		.file 11 "c:\\program files (x86)\\cypress\\psoc creator\\4.4\\psoc creator\\import\\gnu\\arm\\5.4
 193              		.file 12 ".\\sources\\tty/tty_utils.h"
 194              		.section	.debug_info,"",%progbits
 195              	.Ldebug_info0:
 196 0000 80090000 		.4byte	0x980
 197 0004 0400     		.2byte	0x4
 198 0006 00000000 		.4byte	.Ldebug_abbrev0
 199 000a 04       		.byte	0x4
 200 000b 01       		.uleb128 0x1
 201 000c A1070000 		.4byte	.LASF168
 202 0010 0C       		.byte	0xc
 203 0011 29050000 		.4byte	.LASF169
 204 0015 73050000 		.4byte	.LASF170
 205 0019 00000000 		.4byte	.Ldebug_ranges0+0
 206 001d 00000000 		.4byte	0
 207 0021 00000000 		.4byte	.Ldebug_line0
 208 0025 02       		.uleb128 0x2
 209 0026 02       		.byte	0x2
 210 0027 05       		.byte	0x5
 211 0028 F7060000 		.4byte	.LASF0
 212 002c 02       		.uleb128 0x2
 213 002d 01       		.byte	0x1
 214 002e 08       		.byte	0x8
 215 002f C9060000 		.4byte	.LASF1
 216 0033 02       		.uleb128 0x2
 217 0034 01       		.byte	0x1
 218 0035 06       		.byte	0x6
 219 0036 91010000 		.4byte	.LASF2
 220 003a 03       		.uleb128 0x3
 221 003b 99000000 		.4byte	.LASF3
 222 003f 02       		.byte	0x2
 223 0040 1D       		.byte	0x1d
 224 0041 2C000000 		.4byte	0x2c
 225 0045 03       		.uleb128 0x3
 226 0046 24030000 		.4byte	.LASF4
 227 004a 02       		.byte	0x2
 228 004b 29       		.byte	0x29
 229 004c 25000000 		.4byte	0x25
 230 0050 03       		.uleb128 0x3
 231 0051 63080000 		.4byte	.LASF5
 232 0055 02       		.byte	0x2
 233 0056 2B       		.byte	0x2b
 234 0057 5B000000 		.4byte	0x5b
 235 005b 02       		.uleb128 0x2
 236 005c 02       		.byte	0x2
 237 005d 07       		.byte	0x7
ARM GAS  C:\Users\Angel\AppData\Local\Temp\ccY6OPUT.s 			page 6


 238 005e DC020000 		.4byte	.LASF6
 239 0062 02       		.uleb128 0x2
 240 0063 04       		.byte	0x4
 241 0064 05       		.byte	0x5
 242 0065 40020000 		.4byte	.LASF7
 243 0069 03       		.uleb128 0x3
 244 006a FD020000 		.4byte	.LASF8
 245 006e 02       		.byte	0x2
 246 006f 41       		.byte	0x41
 247 0070 74000000 		.4byte	0x74
 248 0074 02       		.uleb128 0x2
 249 0075 04       		.byte	0x4
 250 0076 07       		.byte	0x7
 251 0077 B2030000 		.4byte	.LASF9
 252 007b 02       		.uleb128 0x2
 253 007c 08       		.byte	0x8
 254 007d 05       		.byte	0x5
 255 007e 83010000 		.4byte	.LASF10
 256 0082 02       		.uleb128 0x2
 257 0083 08       		.byte	0x8
 258 0084 07       		.byte	0x7
 259 0085 F4000000 		.4byte	.LASF11
 260 0089 04       		.uleb128 0x4
 261 008a 04       		.byte	0x4
 262 008b 05       		.byte	0x5
 263 008c 696E7400 		.ascii	"int\000"
 264 0090 02       		.uleb128 0x2
 265 0091 04       		.byte	0x4
 266 0092 07       		.byte	0x7
 267 0093 76030000 		.4byte	.LASF12
 268 0097 03       		.uleb128 0x3
 269 0098 81080000 		.4byte	.LASF13
 270 009c 03       		.byte	0x3
 271 009d 18       		.byte	0x18
 272 009e 3A000000 		.4byte	0x3a
 273 00a2 03       		.uleb128 0x3
 274 00a3 67010000 		.4byte	.LASF14
 275 00a7 03       		.byte	0x3
 276 00a8 20       		.byte	0x20
 277 00a9 45000000 		.4byte	0x45
 278 00ad 03       		.uleb128 0x3
 279 00ae 83030000 		.4byte	.LASF15
 280 00b2 03       		.byte	0x3
 281 00b3 24       		.byte	0x24
 282 00b4 50000000 		.4byte	0x50
 283 00b8 03       		.uleb128 0x3
 284 00b9 63070000 		.4byte	.LASF16
 285 00bd 03       		.byte	0x3
 286 00be 30       		.byte	0x30
 287 00bf 69000000 		.4byte	0x69
 288 00c3 02       		.uleb128 0x2
 289 00c4 04       		.byte	0x4
 290 00c5 07       		.byte	0x7
 291 00c6 47050000 		.4byte	.LASF17
 292 00ca 05       		.uleb128 0x5
 293 00cb B8000000 		.4byte	0xb8
 294 00cf 02       		.uleb128 0x2
ARM GAS  C:\Users\Angel\AppData\Local\Temp\ccY6OPUT.s 			page 7


 295 00d0 08       		.byte	0x8
 296 00d1 04       		.byte	0x4
 297 00d2 33080000 		.4byte	.LASF18
 298 00d6 06       		.uleb128 0x6
 299 00d7 B8       		.byte	0xb8
 300 00d8 04       		.byte	0x4
 301 00d9 34       		.byte	0x34
 302 00da E7040000 		.4byte	0x4e7
 303 00de 07       		.uleb128 0x7
 304 00df DB000000 		.4byte	.LASF19
 305 00e3 04       		.byte	0x4
 306 00e4 37       		.byte	0x37
 307 00e5 B8000000 		.4byte	0xb8
 308 00e9 00       		.byte	0
 309 00ea 07       		.uleb128 0x7
 310 00eb 28070000 		.4byte	.LASF20
 311 00ef 04       		.byte	0x4
 312 00f0 38       		.byte	0x38
 313 00f1 B8000000 		.4byte	0xb8
 314 00f5 04       		.byte	0x4
 315 00f6 07       		.uleb128 0x7
 316 00f7 6B020000 		.4byte	.LASF21
 317 00fb 04       		.byte	0x4
 318 00fc 39       		.byte	0x39
 319 00fd B8000000 		.4byte	0xb8
 320 0101 08       		.byte	0x8
 321 0102 07       		.uleb128 0x7
 322 0103 A2060000 		.4byte	.LASF22
 323 0107 04       		.byte	0x4
 324 0108 3A       		.byte	0x3a
 325 0109 B8000000 		.4byte	0xb8
 326 010d 0C       		.byte	0xc
 327 010e 07       		.uleb128 0x7
 328 010f E0010000 		.4byte	.LASF23
 329 0113 04       		.byte	0x4
 330 0114 3B       		.byte	0x3b
 331 0115 B8000000 		.4byte	0xb8
 332 0119 10       		.byte	0x10
 333 011a 07       		.uleb128 0x7
 334 011b 18020000 		.4byte	.LASF24
 335 011f 04       		.byte	0x4
 336 0120 3C       		.byte	0x3c
 337 0121 B8000000 		.4byte	0xb8
 338 0125 14       		.byte	0x14
 339 0126 07       		.uleb128 0x7
 340 0127 09040000 		.4byte	.LASF25
 341 012b 04       		.byte	0x4
 342 012c 3D       		.byte	0x3d
 343 012d B8000000 		.4byte	0xb8
 344 0131 18       		.byte	0x18
 345 0132 07       		.uleb128 0x7
 346 0133 82000000 		.4byte	.LASF26
 347 0137 04       		.byte	0x4
 348 0138 3E       		.byte	0x3e
 349 0139 B8000000 		.4byte	0xb8
 350 013d 1C       		.byte	0x1c
 351 013e 07       		.uleb128 0x7
ARM GAS  C:\Users\Angel\AppData\Local\Temp\ccY6OPUT.s 			page 8


 352 013f 0F0A0000 		.4byte	.LASF27
 353 0143 04       		.byte	0x4
 354 0144 3F       		.byte	0x3f
 355 0145 B8000000 		.4byte	0xb8
 356 0149 20       		.byte	0x20
 357 014a 07       		.uleb128 0x7
 358 014b 21060000 		.4byte	.LASF28
 359 014f 04       		.byte	0x4
 360 0150 40       		.byte	0x40
 361 0151 B8000000 		.4byte	0xb8
 362 0155 24       		.byte	0x24
 363 0156 07       		.uleb128 0x7
 364 0157 FB040000 		.4byte	.LASF29
 365 015b 04       		.byte	0x4
 366 015c 43       		.byte	0x43
 367 015d 97000000 		.4byte	0x97
 368 0161 28       		.byte	0x28
 369 0162 07       		.uleb128 0x7
 370 0163 EF020000 		.4byte	.LASF30
 371 0167 04       		.byte	0x4
 372 0168 44       		.byte	0x44
 373 0169 97000000 		.4byte	0x97
 374 016d 29       		.byte	0x29
 375 016e 07       		.uleb128 0x7
 376 016f 050A0000 		.4byte	.LASF31
 377 0173 04       		.byte	0x4
 378 0174 45       		.byte	0x45
 379 0175 97000000 		.4byte	0x97
 380 0179 2A       		.byte	0x2a
 381 017a 07       		.uleb128 0x7
 382 017b 13060000 		.4byte	.LASF32
 383 017f 04       		.byte	0x4
 384 0180 46       		.byte	0x46
 385 0181 97000000 		.4byte	0x97
 386 0185 2B       		.byte	0x2b
 387 0186 07       		.uleb128 0x7
 388 0187 75040000 		.4byte	.LASF33
 389 018b 04       		.byte	0x4
 390 018c 47       		.byte	0x47
 391 018d 97000000 		.4byte	0x97
 392 0191 2C       		.byte	0x2c
 393 0192 07       		.uleb128 0x7
 394 0193 89080000 		.4byte	.LASF34
 395 0197 04       		.byte	0x4
 396 0198 48       		.byte	0x48
 397 0199 97000000 		.4byte	0x97
 398 019d 2D       		.byte	0x2d
 399 019e 07       		.uleb128 0x7
 400 019f E9010000 		.4byte	.LASF35
 401 01a3 04       		.byte	0x4
 402 01a4 49       		.byte	0x49
 403 01a5 97000000 		.4byte	0x97
 404 01a9 2E       		.byte	0x2e
 405 01aa 07       		.uleb128 0x7
 406 01ab 08050000 		.4byte	.LASF36
 407 01af 04       		.byte	0x4
 408 01b0 4A       		.byte	0x4a
ARM GAS  C:\Users\Angel\AppData\Local\Temp\ccY6OPUT.s 			page 9


 409 01b1 97000000 		.4byte	0x97
 410 01b5 2F       		.byte	0x2f
 411 01b6 07       		.uleb128 0x7
 412 01b7 44080000 		.4byte	.LASF37
 413 01bb 04       		.byte	0x4
 414 01bc 4B       		.byte	0x4b
 415 01bd 97000000 		.4byte	0x97
 416 01c1 30       		.byte	0x30
 417 01c2 07       		.uleb128 0x7
 418 01c3 F9030000 		.4byte	.LASF38
 419 01c7 04       		.byte	0x4
 420 01c8 4E       		.byte	0x4e
 421 01c9 97000000 		.4byte	0x97
 422 01cd 31       		.byte	0x31
 423 01ce 07       		.uleb128 0x7
 424 01cf 8B000000 		.4byte	.LASF39
 425 01d3 04       		.byte	0x4
 426 01d4 4F       		.byte	0x4f
 427 01d5 97000000 		.4byte	0x97
 428 01d9 32       		.byte	0x32
 429 01da 07       		.uleb128 0x7
 430 01db 6A030000 		.4byte	.LASF40
 431 01df 04       		.byte	0x4
 432 01e0 50       		.byte	0x50
 433 01e1 97000000 		.4byte	0x97
 434 01e5 33       		.byte	0x33
 435 01e6 07       		.uleb128 0x7
 436 01e7 62050000 		.4byte	.LASF41
 437 01eb 04       		.byte	0x4
 438 01ec 51       		.byte	0x51
 439 01ed 97000000 		.4byte	0x97
 440 01f1 34       		.byte	0x34
 441 01f2 07       		.uleb128 0x7
 442 01f3 DD080000 		.4byte	.LASF42
 443 01f7 04       		.byte	0x4
 444 01f8 52       		.byte	0x52
 445 01f9 A2000000 		.4byte	0xa2
 446 01fd 36       		.byte	0x36
 447 01fe 07       		.uleb128 0x7
 448 01ff 9D020000 		.4byte	.LASF43
 449 0203 04       		.byte	0x4
 450 0204 53       		.byte	0x53
 451 0205 A2000000 		.4byte	0xa2
 452 0209 38       		.byte	0x38
 453 020a 07       		.uleb128 0x7
 454 020b 2C090000 		.4byte	.LASF44
 455 020f 04       		.byte	0x4
 456 0210 54       		.byte	0x54
 457 0211 A2000000 		.4byte	0xa2
 458 0215 3A       		.byte	0x3a
 459 0216 07       		.uleb128 0x7
 460 0217 09020000 		.4byte	.LASF45
 461 021b 04       		.byte	0x4
 462 021c 55       		.byte	0x55
 463 021d 97000000 		.4byte	0x97
 464 0221 3C       		.byte	0x3c
 465 0222 07       		.uleb128 0x7
ARM GAS  C:\Users\Angel\AppData\Local\Temp\ccY6OPUT.s 			page 10


 466 0223 C4020000 		.4byte	.LASF46
 467 0227 04       		.byte	0x4
 468 0228 56       		.byte	0x56
 469 0229 97000000 		.4byte	0x97
 470 022d 3D       		.byte	0x3d
 471 022e 07       		.uleb128 0x7
 472 022f 33070000 		.4byte	.LASF47
 473 0233 04       		.byte	0x4
 474 0234 57       		.byte	0x57
 475 0235 97000000 		.4byte	0x97
 476 0239 3E       		.byte	0x3e
 477 023a 07       		.uleb128 0x7
 478 023b 76000000 		.4byte	.LASF48
 479 023f 04       		.byte	0x4
 480 0240 58       		.byte	0x58
 481 0241 97000000 		.4byte	0x97
 482 0245 3F       		.byte	0x3f
 483 0246 07       		.uleb128 0x7
 484 0247 2C060000 		.4byte	.LASF49
 485 024b 04       		.byte	0x4
 486 024c 59       		.byte	0x59
 487 024d 97000000 		.4byte	0x97
 488 0251 40       		.byte	0x40
 489 0252 07       		.uleb128 0x7
 490 0253 08030000 		.4byte	.LASF50
 491 0257 04       		.byte	0x4
 492 0258 5A       		.byte	0x5a
 493 0259 97000000 		.4byte	0x97
 494 025d 41       		.byte	0x41
 495 025e 07       		.uleb128 0x7
 496 025f B4040000 		.4byte	.LASF51
 497 0263 04       		.byte	0x4
 498 0264 5B       		.byte	0x5b
 499 0265 97000000 		.4byte	0x97
 500 0269 42       		.byte	0x42
 501 026a 07       		.uleb128 0x7
 502 026b FF050000 		.4byte	.LASF52
 503 026f 04       		.byte	0x4
 504 0270 5C       		.byte	0x5c
 505 0271 97000000 		.4byte	0x97
 506 0275 43       		.byte	0x43
 507 0276 07       		.uleb128 0x7
 508 0277 74020000 		.4byte	.LASF53
 509 027b 04       		.byte	0x4
 510 027c 5D       		.byte	0x5d
 511 027d 97000000 		.4byte	0x97
 512 0281 44       		.byte	0x44
 513 0282 07       		.uleb128 0x7
 514 0283 0C000000 		.4byte	.LASF54
 515 0287 04       		.byte	0x4
 516 0288 5E       		.byte	0x5e
 517 0289 B8000000 		.4byte	0xb8
 518 028d 48       		.byte	0x48
 519 028e 07       		.uleb128 0x7
 520 028f 5D020000 		.4byte	.LASF55
 521 0293 04       		.byte	0x4
 522 0294 5F       		.byte	0x5f
ARM GAS  C:\Users\Angel\AppData\Local\Temp\ccY6OPUT.s 			page 11


 523 0295 B8000000 		.4byte	0xb8
 524 0299 4C       		.byte	0x4c
 525 029a 07       		.uleb128 0x7
 526 029b 4A0A0000 		.4byte	.LASF56
 527 029f 04       		.byte	0x4
 528 02a0 60       		.byte	0x60
 529 02a1 97000000 		.4byte	0x97
 530 02a5 50       		.byte	0x50
 531 02a6 07       		.uleb128 0x7
 532 02a7 41010000 		.4byte	.LASF57
 533 02ab 04       		.byte	0x4
 534 02ac 61       		.byte	0x61
 535 02ad 97000000 		.4byte	0x97
 536 02b1 51       		.byte	0x51
 537 02b2 07       		.uleb128 0x7
 538 02b3 41090000 		.4byte	.LASF58
 539 02b7 04       		.byte	0x4
 540 02b8 62       		.byte	0x62
 541 02b9 97000000 		.4byte	0x97
 542 02bd 52       		.byte	0x52
 543 02be 07       		.uleb128 0x7
 544 02bf 96080000 		.4byte	.LASF59
 545 02c3 04       		.byte	0x4
 546 02c4 63       		.byte	0x63
 547 02c5 97000000 		.4byte	0x97
 548 02c9 53       		.byte	0x53
 549 02ca 07       		.uleb128 0x7
 550 02cb 41070000 		.4byte	.LASF60
 551 02cf 04       		.byte	0x4
 552 02d0 64       		.byte	0x64
 553 02d1 97000000 		.4byte	0x97
 554 02d5 54       		.byte	0x54
 555 02d6 07       		.uleb128 0x7
 556 02d7 53010000 		.4byte	.LASF61
 557 02db 04       		.byte	0x4
 558 02dc 65       		.byte	0x65
 559 02dd 97000000 		.4byte	0x97
 560 02e1 55       		.byte	0x55
 561 02e2 07       		.uleb128 0x7
 562 02e3 9E030000 		.4byte	.LASF62
 563 02e7 04       		.byte	0x4
 564 02e8 66       		.byte	0x66
 565 02e9 97000000 		.4byte	0x97
 566 02ed 56       		.byte	0x56
 567 02ee 07       		.uleb128 0x7
 568 02ef 12040000 		.4byte	.LASF63
 569 02f3 04       		.byte	0x4
 570 02f4 67       		.byte	0x67
 571 02f5 97000000 		.4byte	0x97
 572 02f9 57       		.byte	0x57
 573 02fa 07       		.uleb128 0x7
 574 02fb 3B000000 		.4byte	.LASF64
 575 02ff 04       		.byte	0x4
 576 0300 68       		.byte	0x68
 577 0301 97000000 		.4byte	0x97
 578 0305 58       		.byte	0x58
 579 0306 07       		.uleb128 0x7
ARM GAS  C:\Users\Angel\AppData\Local\Temp\ccY6OPUT.s 			page 12


 580 0307 E3060000 		.4byte	.LASF65
 581 030b 04       		.byte	0x4
 582 030c 69       		.byte	0x69
 583 030d 97000000 		.4byte	0x97
 584 0311 59       		.byte	0x59
 585 0312 07       		.uleb128 0x7
 586 0313 50050000 		.4byte	.LASF66
 587 0317 04       		.byte	0x4
 588 0318 6E       		.byte	0x6e
 589 0319 AD000000 		.4byte	0xad
 590 031d 5A       		.byte	0x5a
 591 031e 07       		.uleb128 0x7
 592 031f C6080000 		.4byte	.LASF67
 593 0323 04       		.byte	0x4
 594 0324 6F       		.byte	0x6f
 595 0325 AD000000 		.4byte	0xad
 596 0329 5C       		.byte	0x5c
 597 032a 07       		.uleb128 0x7
 598 032b E5000000 		.4byte	.LASF68
 599 032f 04       		.byte	0x4
 600 0330 70       		.byte	0x70
 601 0331 97000000 		.4byte	0x97
 602 0335 5E       		.byte	0x5e
 603 0336 07       		.uleb128 0x7
 604 0337 74060000 		.4byte	.LASF69
 605 033b 04       		.byte	0x4
 606 033c 71       		.byte	0x71
 607 033d 97000000 		.4byte	0x97
 608 0341 5F       		.byte	0x5f
 609 0342 07       		.uleb128 0x7
 610 0343 EE050000 		.4byte	.LASF70
 611 0347 04       		.byte	0x4
 612 0348 72       		.byte	0x72
 613 0349 97000000 		.4byte	0x97
 614 034d 60       		.byte	0x60
 615 034e 07       		.uleb128 0x7
 616 034f 4D060000 		.4byte	.LASF71
 617 0353 04       		.byte	0x4
 618 0354 73       		.byte	0x73
 619 0355 B8000000 		.4byte	0xb8
 620 0359 64       		.byte	0x64
 621 035a 07       		.uleb128 0x7
 622 035b 0B010000 		.4byte	.LASF72
 623 035f 04       		.byte	0x4
 624 0360 76       		.byte	0x76
 625 0361 AD000000 		.4byte	0xad
 626 0365 68       		.byte	0x68
 627 0366 07       		.uleb128 0x7
 628 0367 8C030000 		.4byte	.LASF73
 629 036b 04       		.byte	0x4
 630 036c 77       		.byte	0x77
 631 036d AD000000 		.4byte	0xad
 632 0371 6A       		.byte	0x6a
 633 0372 07       		.uleb128 0x7
 634 0373 26040000 		.4byte	.LASF74
 635 0377 04       		.byte	0x4
 636 0378 78       		.byte	0x78
ARM GAS  C:\Users\Angel\AppData\Local\Temp\ccY6OPUT.s 			page 13


 637 0379 AD000000 		.4byte	0xad
 638 037d 6C       		.byte	0x6c
 639 037e 07       		.uleb128 0x7
 640 037f 68040000 		.4byte	.LASF75
 641 0383 04       		.byte	0x4
 642 0384 79       		.byte	0x79
 643 0385 AD000000 		.4byte	0xad
 644 0389 6E       		.byte	0x6e
 645 038a 07       		.uleb128 0x7
 646 038b 14070000 		.4byte	.LASF76
 647 038f 04       		.byte	0x4
 648 0390 7B       		.byte	0x7b
 649 0391 97000000 		.4byte	0x97
 650 0395 70       		.byte	0x70
 651 0396 07       		.uleb128 0x7
 652 0397 9D010000 		.4byte	.LASF77
 653 039b 04       		.byte	0x4
 654 039c 7C       		.byte	0x7c
 655 039d 97000000 		.4byte	0x97
 656 03a1 71       		.byte	0x71
 657 03a2 07       		.uleb128 0x7
 658 03a3 1C0A0000 		.4byte	.LASF78
 659 03a7 04       		.byte	0x4
 660 03a8 7D       		.byte	0x7d
 661 03a9 97000000 		.4byte	0x97
 662 03ad 72       		.byte	0x72
 663 03ae 07       		.uleb128 0x7
 664 03af BB050000 		.4byte	.LASF79
 665 03b3 04       		.byte	0x4
 666 03b4 7E       		.byte	0x7e
 667 03b5 97000000 		.4byte	0x97
 668 03b9 73       		.byte	0x73
 669 03ba 07       		.uleb128 0x7
 670 03bb 51070000 		.4byte	.LASF80
 671 03bf 04       		.byte	0x4
 672 03c0 80       		.byte	0x80
 673 03c1 AD000000 		.4byte	0xad
 674 03c5 74       		.byte	0x74
 675 03c6 07       		.uleb128 0x7
 676 03c7 6E080000 		.4byte	.LASF81
 677 03cb 04       		.byte	0x4
 678 03cc 81       		.byte	0x81
 679 03cd AD000000 		.4byte	0xad
 680 03d1 76       		.byte	0x76
 681 03d2 07       		.uleb128 0x7
 682 03d3 AF020000 		.4byte	.LASF82
 683 03d7 04       		.byte	0x4
 684 03d8 82       		.byte	0x82
 685 03d9 AD000000 		.4byte	0xad
 686 03dd 78       		.byte	0x78
 687 03de 07       		.uleb128 0x7
 688 03df AF000000 		.4byte	.LASF83
 689 03e3 04       		.byte	0x4
 690 03e4 83       		.byte	0x83
 691 03e5 AD000000 		.4byte	0xad
 692 03e9 7A       		.byte	0x7a
 693 03ea 07       		.uleb128 0x7
ARM GAS  C:\Users\Angel\AppData\Local\Temp\ccY6OPUT.s 			page 14


 694 03eb 8F090000 		.4byte	.LASF84
 695 03ef 04       		.byte	0x4
 696 03f0 86       		.byte	0x86
 697 03f1 97000000 		.4byte	0x97
 698 03f5 7C       		.byte	0x7c
 699 03f6 07       		.uleb128 0x7
 700 03f7 EA080000 		.4byte	.LASF85
 701 03fb 04       		.byte	0x4
 702 03fc 87       		.byte	0x87
 703 03fd 97000000 		.4byte	0x97
 704 0401 7D       		.byte	0x7d
 705 0402 07       		.uleb128 0x7
 706 0403 4F000000 		.4byte	.LASF86
 707 0407 04       		.byte	0x4
 708 0408 88       		.byte	0x88
 709 0409 97000000 		.4byte	0x97
 710 040d 7E       		.byte	0x7e
 711 040e 07       		.uleb128 0x7
 712 040f 49020000 		.4byte	.LASF87
 713 0413 04       		.byte	0x4
 714 0414 89       		.byte	0x89
 715 0415 97000000 		.4byte	0x97
 716 0419 7F       		.byte	0x7f
 717 041a 07       		.uleb128 0x7
 718 041b 56030000 		.4byte	.LASF88
 719 041f 04       		.byte	0x4
 720 0420 8A       		.byte	0x8a
 721 0421 97000000 		.4byte	0x97
 722 0425 80       		.byte	0x80
 723 0426 07       		.uleb128 0x7
 724 0427 E4040000 		.4byte	.LASF89
 725 042b 04       		.byte	0x4
 726 042c 8D       		.byte	0x8d
 727 042d B8000000 		.4byte	0xb8
 728 0431 84       		.byte	0x84
 729 0432 07       		.uleb128 0x7
 730 0433 C4000000 		.4byte	.LASF90
 731 0437 04       		.byte	0x4
 732 0438 8E       		.byte	0x8e
 733 0439 B8000000 		.4byte	0xb8
 734 043d 88       		.byte	0x88
 735 043e 07       		.uleb128 0x7
 736 043f 7A090000 		.4byte	.LASF91
 737 0443 04       		.byte	0x4
 738 0444 8F       		.byte	0x8f
 739 0445 B8000000 		.4byte	0xb8
 740 0449 8C       		.byte	0x8c
 741 044a 07       		.uleb128 0x7
 742 044b 14050000 		.4byte	.LASF92
 743 044f 04       		.byte	0x4
 744 0450 90       		.byte	0x90
 745 0451 B8000000 		.4byte	0xb8
 746 0455 90       		.byte	0x90
 747 0456 07       		.uleb128 0x7
 748 0457 37030000 		.4byte	.LASF93
 749 045b 04       		.byte	0x4
 750 045c 91       		.byte	0x91
ARM GAS  C:\Users\Angel\AppData\Local\Temp\ccY6OPUT.s 			page 15


 751 045d B8000000 		.4byte	0xb8
 752 0461 94       		.byte	0x94
 753 0462 07       		.uleb128 0x7
 754 0463 CE040000 		.4byte	.LASF94
 755 0467 04       		.byte	0x4
 756 0468 92       		.byte	0x92
 757 0469 B8000000 		.4byte	0xb8
 758 046d 98       		.byte	0x98
 759 046e 07       		.uleb128 0x7
 760 046f D6090000 		.4byte	.LASF95
 761 0473 04       		.byte	0x4
 762 0474 93       		.byte	0x93
 763 0475 B8000000 		.4byte	0xb8
 764 0479 9C       		.byte	0x9c
 765 047a 07       		.uleb128 0x7
 766 047b 25010000 		.4byte	.LASF96
 767 047f 04       		.byte	0x4
 768 0480 94       		.byte	0x94
 769 0481 B8000000 		.4byte	0xb8
 770 0485 A0       		.byte	0xa0
 771 0486 07       		.uleb128 0x7
 772 0487 F4010000 		.4byte	.LASF97
 773 048b 04       		.byte	0x4
 774 048c 95       		.byte	0x95
 775 048d AD000000 		.4byte	0xad
 776 0491 A4       		.byte	0xa4
 777 0492 07       		.uleb128 0x7
 778 0493 80070000 		.4byte	.LASF98
 779 0497 04       		.byte	0x4
 780 0498 96       		.byte	0x96
 781 0499 AD000000 		.4byte	0xad
 782 049d A6       		.byte	0xa6
 783 049e 07       		.uleb128 0x7
 784 049f 68060000 		.4byte	.LASF99
 785 04a3 04       		.byte	0x4
 786 04a4 97       		.byte	0x97
 787 04a5 AD000000 		.4byte	0xad
 788 04a9 A8       		.byte	0xa8
 789 04aa 07       		.uleb128 0x7
 790 04ab 55080000 		.4byte	.LASF100
 791 04af 04       		.byte	0x4
 792 04b0 98       		.byte	0x98
 793 04b1 AD000000 		.4byte	0xad
 794 04b5 AA       		.byte	0xaa
 795 04b6 07       		.uleb128 0x7
 796 04b7 35040000 		.4byte	.LASF101
 797 04bb 04       		.byte	0x4
 798 04bc 99       		.byte	0x99
 799 04bd AD000000 		.4byte	0xad
 800 04c1 AC       		.byte	0xac
 801 04c2 07       		.uleb128 0x7
 802 04c3 D2050000 		.4byte	.LASF102
 803 04c7 04       		.byte	0x4
 804 04c8 9A       		.byte	0x9a
 805 04c9 AD000000 		.4byte	0xad
 806 04cd AE       		.byte	0xae
 807 04ce 07       		.uleb128 0x7
ARM GAS  C:\Users\Angel\AppData\Local\Temp\ccY6OPUT.s 			page 16


 808 04cf CF080000 		.4byte	.LASF103
 809 04d3 04       		.byte	0x4
 810 04d4 9D       		.byte	0x9d
 811 04d5 AD000000 		.4byte	0xad
 812 04d9 B0       		.byte	0xb0
 813 04da 07       		.uleb128 0x7
 814 04db 62000000 		.4byte	.LASF104
 815 04df 04       		.byte	0x4
 816 04e0 9E       		.byte	0x9e
 817 04e1 B8000000 		.4byte	0xb8
 818 04e5 B4       		.byte	0xb4
 819 04e6 00       		.byte	0
 820 04e7 03       		.uleb128 0x3
 821 04e8 8D040000 		.4byte	.LASF105
 822 04ec 04       		.byte	0x4
 823 04ed 9F       		.byte	0x9f
 824 04ee D6000000 		.4byte	0xd6
 825 04f2 08       		.uleb128 0x8
 826 04f3 04       		.byte	0x4
 827 04f4 F8040000 		.4byte	0x4f8
 828 04f8 09       		.uleb128 0x9
 829 04f9 02       		.uleb128 0x2
 830 04fa 01       		.byte	0x1
 831 04fb 08       		.byte	0x8
 832 04fc 3F080000 		.4byte	.LASF106
 833 0500 02       		.uleb128 0x2
 834 0501 04       		.byte	0x4
 835 0502 04       		.byte	0x4
 836 0503 47060000 		.4byte	.LASF107
 837 0507 02       		.uleb128 0x2
 838 0508 08       		.byte	0x8
 839 0509 04       		.byte	0x4
 840 050a A8020000 		.4byte	.LASF108
 841 050e 0A       		.uleb128 0xa
 842 050f 04       		.byte	0x4
 843 0510 02       		.uleb128 0x2
 844 0511 01       		.byte	0x1
 845 0512 02       		.byte	0x2
 846 0513 C3060000 		.4byte	.LASF109
 847 0517 0B       		.uleb128 0xb
 848 0518 01       		.byte	0x1
 849 0519 2C000000 		.4byte	0x2c
 850 051d 05       		.byte	0x5
 851 051e 1304     		.2byte	0x413
 852 0520 3D050000 		.4byte	0x53d
 853 0524 0C       		.uleb128 0xc
 854 0525 22020000 		.4byte	.LASF110
 855 0529 00       		.byte	0
 856 052a 0C       		.uleb128 0xc
 857 052b AA060000 		.4byte	.LASF111
 858 052f 01       		.byte	0x1
 859 0530 0C       		.uleb128 0xc
 860 0531 85020000 		.4byte	.LASF112
 861 0535 02       		.byte	0x2
 862 0536 0C       		.uleb128 0xc
 863 0537 A4090000 		.4byte	.LASF113
 864 053b 03       		.byte	0x3
ARM GAS  C:\Users\Angel\AppData\Local\Temp\ccY6OPUT.s 			page 17


 865 053c 00       		.byte	0
 866 053d 0D       		.uleb128 0xd
 867 053e B2010000 		.4byte	.LASF114
 868 0542 05       		.byte	0x5
 869 0543 1804     		.2byte	0x418
 870 0545 17050000 		.4byte	0x517
 871 0549 0E       		.uleb128 0xe
 872 054a 78       		.byte	0x78
 873 054b 05       		.byte	0x5
 874 054c 0205     		.2byte	0x502
 875 054e 16060000 		.4byte	0x616
 876 0552 0F       		.uleb128 0xf
 877 0553 A8080000 		.4byte	.LASF115
 878 0557 05       		.byte	0x5
 879 0558 0405     		.2byte	0x504
 880 055a B8000000 		.4byte	0xb8
 881 055e 00       		.byte	0
 882 055f 0F       		.uleb128 0xf
 883 0560 51090000 		.4byte	.LASF116
 884 0564 05       		.byte	0x5
 885 0565 0505     		.2byte	0x505
 886 0567 B8000000 		.4byte	0xb8
 887 056b 04       		.byte	0x4
 888 056c 0F       		.uleb128 0xf
 889 056d CF020000 		.4byte	.LASF117
 890 0571 05       		.byte	0x5
 891 0572 0605     		.2byte	0x506
 892 0574 B8000000 		.4byte	0xb8
 893 0578 08       		.byte	0x8
 894 0579 0F       		.uleb128 0xf
 895 057a AE050000 		.4byte	.LASF118
 896 057e 05       		.byte	0x5
 897 057f 0705     		.2byte	0x507
 898 0581 B8000000 		.4byte	0xb8
 899 0585 0C       		.byte	0xc
 900 0586 0F       		.uleb128 0xf
 901 0587 54040000 		.4byte	.LASF119
 902 058b 05       		.byte	0x5
 903 058c 0805     		.2byte	0x508
 904 058e B8000000 		.4byte	0xb8
 905 0592 10       		.byte	0x10
 906 0593 0F       		.uleb128 0xf
 907 0594 CC090000 		.4byte	.LASF120
 908 0598 05       		.byte	0x5
 909 0599 0905     		.2byte	0x509
 910 059b 3D050000 		.4byte	0x53d
 911 059f 14       		.byte	0x14
 912 05a0 0F       		.uleb128 0xf
 913 05a1 9B060000 		.4byte	.LASF121
 914 05a5 05       		.byte	0x5
 915 05a6 0A05     		.2byte	0x50a
 916 05a8 B8000000 		.4byte	0xb8
 917 05ac 18       		.byte	0x18
 918 05ad 0F       		.uleb128 0xf
 919 05ae 9D040000 		.4byte	.LASF122
 920 05b2 05       		.byte	0x5
 921 05b3 0B05     		.2byte	0x50b
ARM GAS  C:\Users\Angel\AppData\Local\Temp\ccY6OPUT.s 			page 18


 922 05b5 16060000 		.4byte	0x616
 923 05b9 1C       		.byte	0x1c
 924 05ba 0F       		.uleb128 0xf
 925 05bb 0B070000 		.4byte	.LASF123
 926 05bf 05       		.byte	0x5
 927 05c0 0C05     		.2byte	0x50c
 928 05c2 B8000000 		.4byte	0xb8
 929 05c6 5C       		.byte	0x5c
 930 05c7 0F       		.uleb128 0xf
 931 05c8 A3000000 		.4byte	.LASF124
 932 05cc 05       		.byte	0x5
 933 05cd 0D05     		.2byte	0x50d
 934 05cf B8000000 		.4byte	0xb8
 935 05d3 60       		.byte	0x60
 936 05d4 0F       		.uleb128 0xf
 937 05d5 39060000 		.4byte	.LASF125
 938 05d9 05       		.byte	0x5
 939 05da 0E05     		.2byte	0x50e
 940 05dc B8000000 		.4byte	0xb8
 941 05e0 64       		.byte	0x64
 942 05e1 0F       		.uleb128 0xf
 943 05e2 01070000 		.4byte	.LASF126
 944 05e6 05       		.byte	0x5
 945 05e7 0F05     		.2byte	0x50f
 946 05e9 B8000000 		.4byte	0xb8
 947 05ed 68       		.byte	0x68
 948 05ee 0F       		.uleb128 0xf
 949 05ef F5090000 		.4byte	.LASF127
 950 05f3 05       		.byte	0x5
 951 05f4 1005     		.2byte	0x510
 952 05f6 B8000000 		.4byte	0xb8
 953 05fa 6C       		.byte	0x6c
 954 05fb 0F       		.uleb128 0xf
 955 05fc E0050000 		.4byte	.LASF128
 956 0600 05       		.byte	0x5
 957 0601 1105     		.2byte	0x511
 958 0603 10050000 		.4byte	0x510
 959 0607 70       		.byte	0x70
 960 0608 0F       		.uleb128 0xf
 961 0609 95070000 		.4byte	.LASF129
 962 060d 05       		.byte	0x5
 963 060e 1205     		.2byte	0x512
 964 0610 B8000000 		.4byte	0xb8
 965 0614 74       		.byte	0x74
 966 0615 00       		.byte	0
 967 0616 10       		.uleb128 0x10
 968 0617 B8000000 		.4byte	0xb8
 969 061b 26060000 		.4byte	0x626
 970 061f 11       		.uleb128 0x11
 971 0620 C3000000 		.4byte	0xc3
 972 0624 0F       		.byte	0xf
 973 0625 00       		.byte	0
 974 0626 0D       		.uleb128 0xd
 975 0627 6F010000 		.4byte	.LASF130
 976 062b 05       		.byte	0x5
 977 062c 1305     		.2byte	0x513
 978 062e 49050000 		.4byte	0x549
ARM GAS  C:\Users\Angel\AppData\Local\Temp\ccY6OPUT.s 			page 19


 979 0632 08       		.uleb128 0x8
 980 0633 04       		.byte	0x4
 981 0634 38060000 		.4byte	0x638
 982 0638 12       		.uleb128 0x12
 983 0639 43060000 		.4byte	0x643
 984 063d 13       		.uleb128 0x13
 985 063e B8000000 		.4byte	0xb8
 986 0642 00       		.byte	0
 987 0643 0D       		.uleb128 0xd
 988 0644 CD030000 		.4byte	.LASF131
 989 0648 06       		.byte	0x6
 990 0649 D901     		.2byte	0x1d9
 991 064b 32060000 		.4byte	0x632
 992 064f 14       		.uleb128 0x14
 993 0650 320A0000 		.4byte	.LASF154
 994 0654 38       		.byte	0x38
 995 0655 06       		.byte	0x6
 996 0656 7502     		.2byte	0x275
 997 0658 13070000 		.4byte	0x713
 998 065c 0F       		.uleb128 0xf
 999 065d EC090000 		.4byte	.LASF132
 1000 0661 06       		.byte	0x6
 1001 0662 7802     		.2byte	0x278
 1002 0664 CA000000 		.4byte	0xca
 1003 0668 00       		.byte	0
 1004 0669 0F       		.uleb128 0xf
 1005 066a 0A060000 		.4byte	.LASF133
 1006 066e 06       		.byte	0x6
 1007 066f 7902     		.2byte	0x279
 1008 0671 CA000000 		.4byte	0xca
 1009 0675 04       		.byte	0x4
 1010 0676 0F       		.uleb128 0xf
 1011 0677 1B010000 		.4byte	.LASF134
 1012 067b 06       		.byte	0x6
 1013 067c 7B02     		.2byte	0x27b
 1014 067e 0E050000 		.4byte	0x50e
 1015 0682 08       		.byte	0x8
 1016 0683 0F       		.uleb128 0xf
 1017 0684 AD080000 		.4byte	.LASF135
 1018 0688 06       		.byte	0x6
 1019 0689 7C02     		.2byte	0x27c
 1020 068b B8000000 		.4byte	0xb8
 1021 068f 0C       		.byte	0xc
 1022 0690 0F       		.uleb128 0xf
 1023 0691 C0040000 		.4byte	.LASF136
 1024 0695 06       		.byte	0x6
 1025 0696 7D02     		.2byte	0x27d
 1026 0698 CA000000 		.4byte	0xca
 1027 069c 10       		.byte	0x10
 1028 069d 0F       		.uleb128 0xf
 1029 069e BE090000 		.4byte	.LASF137
 1030 06a2 06       		.byte	0x6
 1031 06a3 7E02     		.2byte	0x27e
 1032 06a5 CA000000 		.4byte	0xca
 1033 06a9 14       		.byte	0x14
 1034 06aa 0F       		.uleb128 0xf
 1035 06ab 03090000 		.4byte	.LASF138
ARM GAS  C:\Users\Angel\AppData\Local\Temp\ccY6OPUT.s 			page 20


 1036 06af 06       		.byte	0x6
 1037 06b0 8002     		.2byte	0x280
 1038 06b2 0E050000 		.4byte	0x50e
 1039 06b6 18       		.byte	0x18
 1040 06b7 0F       		.uleb128 0xf
 1041 06b8 1E000000 		.4byte	.LASF139
 1042 06bc 06       		.byte	0x6
 1043 06bd 8102     		.2byte	0x281
 1044 06bf B8000000 		.4byte	0xb8
 1045 06c3 1C       		.byte	0x1c
 1046 06c4 0F       		.uleb128 0xf
 1047 06c5 2E030000 		.4byte	.LASF140
 1048 06c9 06       		.byte	0x6
 1049 06ca 8202     		.2byte	0x282
 1050 06cc CA000000 		.4byte	0xca
 1051 06d0 20       		.byte	0x20
 1052 06d1 0F       		.uleb128 0xf
 1053 06d2 3B010000 		.4byte	.LASF141
 1054 06d6 06       		.byte	0x6
 1055 06d7 8402     		.2byte	0x284
 1056 06d9 0E050000 		.4byte	0x50e
 1057 06dd 24       		.byte	0x24
 1058 06de 0F       		.uleb128 0xf
 1059 06df 4C030000 		.4byte	.LASF142
 1060 06e3 06       		.byte	0x6
 1061 06e4 8502     		.2byte	0x285
 1062 06e6 B8000000 		.4byte	0xb8
 1063 06ea 28       		.byte	0x28
 1064 06eb 0F       		.uleb128 0xf
 1065 06ec 8A060000 		.4byte	.LASF143
 1066 06f0 06       		.byte	0x6
 1067 06f1 8602     		.2byte	0x286
 1068 06f3 CA000000 		.4byte	0xca
 1069 06f7 2C       		.byte	0x2c
 1070 06f8 0F       		.uleb128 0xf
 1071 06f9 5F040000 		.4byte	.LASF144
 1072 06fd 06       		.byte	0x6
 1073 06fe 8B02     		.2byte	0x28b
 1074 0700 43060000 		.4byte	0x643
 1075 0704 30       		.byte	0x30
 1076 0705 0F       		.uleb128 0xf
 1077 0706 FB080000 		.4byte	.LASF145
 1078 070a 06       		.byte	0x6
 1079 070b 8E02     		.2byte	0x28e
 1080 070d B8000000 		.4byte	0xb8
 1081 0711 34       		.byte	0x34
 1082 0712 00       		.byte	0
 1083 0713 0D       		.uleb128 0xd
 1084 0714 09090000 		.4byte	.LASF146
 1085 0718 06       		.byte	0x6
 1086 0719 9102     		.2byte	0x291
 1087 071b 4F060000 		.4byte	0x64f
 1088 071f 06       		.uleb128 0x6
 1089 0720 14       		.byte	0x14
 1090 0721 07       		.byte	0x7
 1091 0722 3B       		.byte	0x3b
 1092 0723 64070000 		.4byte	0x764
ARM GAS  C:\Users\Angel\AppData\Local\Temp\ccY6OPUT.s 			page 21


 1093 0727 07       		.uleb128 0x7
 1094 0728 A8040000 		.4byte	.LASF147
 1095 072c 07       		.byte	0x7
 1096 072d 3D       		.byte	0x3d
 1097 072e B8000000 		.4byte	0xb8
 1098 0732 00       		.byte	0
 1099 0733 07       		.uleb128 0x7
 1100 0734 81040000 		.4byte	.LASF148
 1101 0738 07       		.byte	0x7
 1102 0739 3E       		.byte	0x3e
 1103 073a B8000000 		.4byte	0xb8
 1104 073e 04       		.byte	0x4
 1105 073f 07       		.uleb128 0x7
 1106 0740 18030000 		.4byte	.LASF149
 1107 0744 07       		.byte	0x7
 1108 0745 3F       		.byte	0x3f
 1109 0746 64070000 		.4byte	0x764
 1110 074a 08       		.byte	0x8
 1111 074b 07       		.uleb128 0x7
 1112 074c BB080000 		.4byte	.LASF150
 1113 0750 07       		.byte	0x7
 1114 0751 40       		.byte	0x40
 1115 0752 B8000000 		.4byte	0xb8
 1116 0756 0C       		.byte	0xc
 1117 0757 07       		.uleb128 0x7
 1118 0758 D5010000 		.4byte	.LASF151
 1119 075c 07       		.byte	0x7
 1120 075d 45       		.byte	0x45
 1121 075e B8000000 		.4byte	0xb8
 1122 0762 10       		.byte	0x10
 1123 0763 00       		.byte	0
 1124 0764 08       		.uleb128 0x8
 1125 0765 04       		.byte	0x4
 1126 0766 6A070000 		.4byte	0x76a
 1127 076a 15       		.uleb128 0x15
 1128 076b 26060000 		.4byte	0x626
 1129 076f 03       		.uleb128 0x3
 1130 0770 5C090000 		.4byte	.LASF152
 1131 0774 07       		.byte	0x7
 1132 0775 48       		.byte	0x48
 1133 0776 1F070000 		.4byte	0x71f
 1134 077a 08       		.uleb128 0x8
 1135 077b 04       		.byte	0x4
 1136 077c F9040000 		.4byte	0x4f9
 1137 0780 03       		.uleb128 0x3
 1138 0781 23090000 		.4byte	.LASF153
 1139 0785 08       		.byte	0x8
 1140 0786 07       		.byte	0x7
 1141 0787 F2040000 		.4byte	0x4f2
 1142 078b 16       		.uleb128 0x16
 1143 078c 28000000 		.4byte	.LASF155
 1144 0790 0C       		.byte	0xc
 1145 0791 08       		.byte	0x8
 1146 0792 09       		.byte	0x9
 1147 0793 BC070000 		.4byte	0x7bc
 1148 0797 07       		.uleb128 0x7
 1149 0798 04040000 		.4byte	.LASF156
ARM GAS  C:\Users\Angel\AppData\Local\Temp\ccY6OPUT.s 			page 22


 1150 079c 08       		.byte	0x8
 1151 079d 0A       		.byte	0xa
 1152 079e 7A070000 		.4byte	0x77a
 1153 07a2 00       		.byte	0
 1154 07a3 07       		.uleb128 0x7
 1155 07a4 50080000 		.4byte	.LASF157
 1156 07a8 08       		.byte	0x8
 1157 07a9 0B       		.byte	0xb
 1158 07aa 80070000 		.4byte	0x780
 1159 07ae 04       		.byte	0x4
 1160 07af 07       		.uleb128 0x7
 1161 07b0 00000000 		.4byte	.LASF158
 1162 07b4 08       		.byte	0x8
 1163 07b5 0C       		.byte	0xc
 1164 07b6 7A070000 		.4byte	0x77a
 1165 07ba 08       		.byte	0x8
 1166 07bb 00       		.byte	0
 1167 07bc 03       		.uleb128 0x3
 1168 07bd D7060000 		.4byte	.LASF159
 1169 07c1 08       		.byte	0x8
 1170 07c2 0D       		.byte	0xd
 1171 07c3 8B070000 		.4byte	0x78b
 1172 07c7 17       		.uleb128 0x17
 1173 07c8 C4030000 		.4byte	.LASF171
 1174 07cc 01       		.byte	0x1
 1175 07cd 07       		.byte	0x7
 1176 07ce 80070000 		.4byte	0x780
 1177 07d2 00000000 		.4byte	.LFB441
 1178 07d6 38000000 		.4byte	.LFE441-.LFB441
 1179 07da 01       		.uleb128 0x1
 1180 07db 9C       		.byte	0x9c
 1181 07dc 5D080000 		.4byte	0x85d
 1182 07e0 18       		.uleb128 0x18
 1183 07e1 170A0000 		.4byte	.LASF160
 1184 07e5 01       		.byte	0x1
 1185 07e6 07       		.byte	0x7
 1186 07e7 5D080000 		.4byte	0x85d
 1187 07eb 00000000 		.4byte	.LLST0
 1188 07ef 19       		.uleb128 0x19
 1189 07f0 73747200 		.ascii	"str\000"
 1190 07f4 01       		.byte	0x1
 1191 07f5 07       		.byte	0x7
 1192 07f6 7A070000 		.4byte	0x77a
 1193 07fa 2C000000 		.4byte	.LLST1
 1194 07fe 1A       		.uleb128 0x1a
 1195 07ff 6900     		.ascii	"i\000"
 1196 0801 01       		.byte	0x1
 1197 0802 09       		.byte	0x9
 1198 0803 89000000 		.4byte	0x89
 1199 0807 58000000 		.4byte	.LLST2
 1200 080b 1A       		.uleb128 0x1a
 1201 080c 70747200 		.ascii	"ptr\000"
 1202 0810 01       		.byte	0x1
 1203 0811 0A       		.byte	0xa
 1204 0812 80070000 		.4byte	0x780
 1205 0816 77000000 		.4byte	.LLST3
 1206 081a 1B       		.uleb128 0x1b
ARM GAS  C:\Users\Angel\AppData\Local\Temp\ccY6OPUT.s 			page 23


 1207 081b 636D6400 		.ascii	"cmd\000"
 1208 081f 01       		.byte	0x1
 1209 0820 0B       		.byte	0xb
 1210 0821 63080000 		.4byte	0x863
 1211 0825 02       		.uleb128 0x2
 1212 0826 91       		.byte	0x91
 1213 0827 5C       		.sleb128 -36
 1214 0828 1C       		.uleb128 0x1c
 1215 0829 10000000 		.4byte	.LVL3
 1216 082d 62090000 		.4byte	0x962
 1217 0831 4C080000 		.4byte	0x84c
 1218 0835 1D       		.uleb128 0x1d
 1219 0836 01       		.uleb128 0x1
 1220 0837 50       		.byte	0x50
 1221 0838 03       		.uleb128 0x3
 1222 0839 F3       		.byte	0xf3
 1223 083a 01       		.uleb128 0x1
 1224 083b 51       		.byte	0x51
 1225 083c 1D       		.uleb128 0x1d
 1226 083d 01       		.uleb128 0x1
 1227 083e 51       		.byte	0x51
 1228 083f 05       		.uleb128 0x5
 1229 0840 03       		.byte	0x3
 1230 0841 00000000 		.4byte	.LC0
 1231 0845 1D       		.uleb128 0x1d
 1232 0846 01       		.uleb128 0x1
 1233 0847 52       		.byte	0x52
 1234 0848 02       		.uleb128 0x2
 1235 0849 91       		.byte	0x91
 1236 084a 5C       		.sleb128 -36
 1237 084b 00       		.byte	0
 1238 084c 1E       		.uleb128 0x1e
 1239 084d 1A000000 		.4byte	.LVL5
 1240 0851 6D090000 		.4byte	0x96d
 1241 0855 1D       		.uleb128 0x1d
 1242 0856 01       		.uleb128 0x1
 1243 0857 51       		.byte	0x51
 1244 0858 02       		.uleb128 0x2
 1245 0859 91       		.byte	0x91
 1246 085a 5C       		.sleb128 -36
 1247 085b 00       		.byte	0
 1248 085c 00       		.byte	0
 1249 085d 08       		.uleb128 0x8
 1250 085e 04       		.byte	0x4
 1251 085f BC070000 		.4byte	0x7bc
 1252 0863 10       		.uleb128 0x10
 1253 0864 F9040000 		.4byte	0x4f9
 1254 0868 73080000 		.4byte	0x873
 1255 086c 11       		.uleb128 0x11
 1256 086d C3000000 		.4byte	0xc3
 1257 0871 10       		.byte	0x10
 1258 0872 00       		.byte	0
 1259 0873 1F       		.uleb128 0x1f
 1260 0874 70090000 		.4byte	.LASF172
 1261 0878 01       		.byte	0x1
 1262 0879 18       		.byte	0x18
 1263 087a 00000000 		.4byte	.LFB442
ARM GAS  C:\Users\Angel\AppData\Local\Temp\ccY6OPUT.s 			page 24


 1264 087e 4C000000 		.4byte	.LFE442-.LFB442
 1265 0882 01       		.uleb128 0x1
 1266 0883 9C       		.byte	0x9c
 1267 0884 0F090000 		.4byte	0x90f
 1268 0888 18       		.uleb128 0x18
 1269 0889 170A0000 		.4byte	.LASF160
 1270 088d 01       		.byte	0x1
 1271 088e 18       		.byte	0x18
 1272 088f 5D080000 		.4byte	0x85d
 1273 0893 96000000 		.4byte	.LLST4
 1274 0897 1A       		.uleb128 0x1a
 1275 0898 6900     		.ascii	"i\000"
 1276 089a 01       		.byte	0x1
 1277 089b 1A       		.byte	0x1a
 1278 089c 89000000 		.4byte	0x89
 1279 08a0 C2000000 		.4byte	.LLST5
 1280 08a4 1C       		.uleb128 0x1c
 1281 08a5 0A000000 		.4byte	.LVL12
 1282 08a9 78090000 		.4byte	0x978
 1283 08ad BB080000 		.4byte	0x8bb
 1284 08b1 1D       		.uleb128 0x1d
 1285 08b2 01       		.uleb128 0x1
 1286 08b3 50       		.byte	0x50
 1287 08b4 05       		.uleb128 0x5
 1288 08b5 03       		.byte	0x3
 1289 08b6 04000000 		.4byte	.LC2
 1290 08ba 00       		.byte	0
 1291 08bb 20       		.uleb128 0x20
 1292 08bc 12000000 		.4byte	.LVL14
 1293 08c0 78090000 		.4byte	0x978
 1294 08c4 1C       		.uleb128 0x1c
 1295 08c5 18000000 		.4byte	.LVL15
 1296 08c9 78090000 		.4byte	0x978
 1297 08cd DB080000 		.4byte	0x8db
 1298 08d1 1D       		.uleb128 0x1d
 1299 08d2 01       		.uleb128 0x1
 1300 08d3 50       		.byte	0x50
 1301 08d4 05       		.uleb128 0x5
 1302 08d5 03       		.byte	0x3
 1303 08d6 18000000 		.4byte	.LC4
 1304 08da 00       		.byte	0
 1305 08db 20       		.uleb128 0x20
 1306 08dc 1E000000 		.4byte	.LVL16
 1307 08e0 78090000 		.4byte	0x978
 1308 08e4 1C       		.uleb128 0x1c
 1309 08e5 24000000 		.4byte	.LVL17
 1310 08e9 78090000 		.4byte	0x978
 1311 08ed FB080000 		.4byte	0x8fb
 1312 08f1 1D       		.uleb128 0x1d
 1313 08f2 01       		.uleb128 0x1
 1314 08f3 50       		.byte	0x50
 1315 08f4 05       		.uleb128 0x5
 1316 08f5 03       		.byte	0x3
 1317 08f6 1C000000 		.4byte	.LC6
 1318 08fa 00       		.byte	0
 1319 08fb 1E       		.uleb128 0x1e
 1320 08fc 3A000000 		.4byte	.LVL19
ARM GAS  C:\Users\Angel\AppData\Local\Temp\ccY6OPUT.s 			page 25


 1321 0900 78090000 		.4byte	0x978
 1322 0904 1D       		.uleb128 0x1d
 1323 0905 01       		.uleb128 0x1
 1324 0906 50       		.byte	0x50
 1325 0907 05       		.uleb128 0x5
 1326 0908 03       		.byte	0x3
 1327 0909 20000000 		.4byte	.LC8
 1328 090d 00       		.byte	0
 1329 090e 00       		.byte	0
 1330 090f 21       		.uleb128 0x21
 1331 0910 5E060000 		.4byte	.LASF161
 1332 0914 04       		.byte	0x4
 1333 0915 A7       		.byte	0xa7
 1334 0916 1A090000 		.4byte	0x91a
 1335 091a 08       		.uleb128 0x8
 1336 091b 04       		.byte	0x4
 1337 091c 20090000 		.4byte	0x920
 1338 0920 15       		.uleb128 0x15
 1339 0921 E7040000 		.4byte	0x4e7
 1340 0925 21       		.uleb128 0x21
 1341 0926 EC030000 		.4byte	.LASF162
 1342 092a 09       		.byte	0x9
 1343 092b 87       		.byte	0x87
 1344 092c 13070000 		.4byte	0x713
 1345 0930 22       		.uleb128 0x22
 1346 0931 6C070000 		.4byte	.LASF163
 1347 0935 07       		.byte	0x7
 1348 0936 6001     		.2byte	0x160
 1349 0938 B8000000 		.4byte	0xb8
 1350 093c 10       		.uleb128 0x10
 1351 093d 4C090000 		.4byte	0x94c
 1352 0941 4C090000 		.4byte	0x94c
 1353 0945 11       		.uleb128 0x11
 1354 0946 C3000000 		.4byte	0xc3
 1355 094a 00       		.byte	0
 1356 094b 00       		.byte	0
 1357 094c 15       		.uleb128 0x15
 1358 094d 6F070000 		.4byte	0x76f
 1359 0951 22       		.uleb128 0x22
 1360 0952 43040000 		.4byte	.LASF164
 1361 0956 07       		.byte	0x7
 1362 0957 6401     		.2byte	0x164
 1363 0959 5D090000 		.4byte	0x95d
 1364 095d 15       		.uleb128 0x15
 1365 095e 3C090000 		.4byte	0x93c
 1366 0962 23       		.uleb128 0x23
 1367 0963 5B050000 		.4byte	.LASF165
 1368 0967 5B050000 		.4byte	.LASF165
 1369 096b 0A       		.byte	0xa
 1370 096c BF       		.byte	0xbf
 1371 096d 23       		.uleb128 0x23
 1372 096e 34000000 		.4byte	.LASF166
 1373 0972 34000000 		.4byte	.LASF166
 1374 0976 0B       		.byte	0xb
 1375 0977 1C       		.byte	0x1c
 1376 0978 23       		.uleb128 0x23
 1377 0979 3A020000 		.4byte	.LASF167
ARM GAS  C:\Users\Angel\AppData\Local\Temp\ccY6OPUT.s 			page 26


 1378 097d 3A020000 		.4byte	.LASF167
 1379 0981 0C       		.byte	0xc
 1380 0982 13       		.byte	0x13
 1381 0983 00       		.byte	0
 1382              		.section	.debug_abbrev,"",%progbits
 1383              	.Ldebug_abbrev0:
 1384 0000 01       		.uleb128 0x1
 1385 0001 11       		.uleb128 0x11
 1386 0002 01       		.byte	0x1
 1387 0003 25       		.uleb128 0x25
 1388 0004 0E       		.uleb128 0xe
 1389 0005 13       		.uleb128 0x13
 1390 0006 0B       		.uleb128 0xb
 1391 0007 03       		.uleb128 0x3
 1392 0008 0E       		.uleb128 0xe
 1393 0009 1B       		.uleb128 0x1b
 1394 000a 0E       		.uleb128 0xe
 1395 000b 55       		.uleb128 0x55
 1396 000c 17       		.uleb128 0x17
 1397 000d 11       		.uleb128 0x11
 1398 000e 01       		.uleb128 0x1
 1399 000f 10       		.uleb128 0x10
 1400 0010 17       		.uleb128 0x17
 1401 0011 00       		.byte	0
 1402 0012 00       		.byte	0
 1403 0013 02       		.uleb128 0x2
 1404 0014 24       		.uleb128 0x24
 1405 0015 00       		.byte	0
 1406 0016 0B       		.uleb128 0xb
 1407 0017 0B       		.uleb128 0xb
 1408 0018 3E       		.uleb128 0x3e
 1409 0019 0B       		.uleb128 0xb
 1410 001a 03       		.uleb128 0x3
 1411 001b 0E       		.uleb128 0xe
 1412 001c 00       		.byte	0
 1413 001d 00       		.byte	0
 1414 001e 03       		.uleb128 0x3
 1415 001f 16       		.uleb128 0x16
 1416 0020 00       		.byte	0
 1417 0021 03       		.uleb128 0x3
 1418 0022 0E       		.uleb128 0xe
 1419 0023 3A       		.uleb128 0x3a
 1420 0024 0B       		.uleb128 0xb
 1421 0025 3B       		.uleb128 0x3b
 1422 0026 0B       		.uleb128 0xb
 1423 0027 49       		.uleb128 0x49
 1424 0028 13       		.uleb128 0x13
 1425 0029 00       		.byte	0
 1426 002a 00       		.byte	0
 1427 002b 04       		.uleb128 0x4
 1428 002c 24       		.uleb128 0x24
 1429 002d 00       		.byte	0
 1430 002e 0B       		.uleb128 0xb
 1431 002f 0B       		.uleb128 0xb
 1432 0030 3E       		.uleb128 0x3e
 1433 0031 0B       		.uleb128 0xb
 1434 0032 03       		.uleb128 0x3
ARM GAS  C:\Users\Angel\AppData\Local\Temp\ccY6OPUT.s 			page 27


 1435 0033 08       		.uleb128 0x8
 1436 0034 00       		.byte	0
 1437 0035 00       		.byte	0
 1438 0036 05       		.uleb128 0x5
 1439 0037 35       		.uleb128 0x35
 1440 0038 00       		.byte	0
 1441 0039 49       		.uleb128 0x49
 1442 003a 13       		.uleb128 0x13
 1443 003b 00       		.byte	0
 1444 003c 00       		.byte	0
 1445 003d 06       		.uleb128 0x6
 1446 003e 13       		.uleb128 0x13
 1447 003f 01       		.byte	0x1
 1448 0040 0B       		.uleb128 0xb
 1449 0041 0B       		.uleb128 0xb
 1450 0042 3A       		.uleb128 0x3a
 1451 0043 0B       		.uleb128 0xb
 1452 0044 3B       		.uleb128 0x3b
 1453 0045 0B       		.uleb128 0xb
 1454 0046 01       		.uleb128 0x1
 1455 0047 13       		.uleb128 0x13
 1456 0048 00       		.byte	0
 1457 0049 00       		.byte	0
 1458 004a 07       		.uleb128 0x7
 1459 004b 0D       		.uleb128 0xd
 1460 004c 00       		.byte	0
 1461 004d 03       		.uleb128 0x3
 1462 004e 0E       		.uleb128 0xe
 1463 004f 3A       		.uleb128 0x3a
 1464 0050 0B       		.uleb128 0xb
 1465 0051 3B       		.uleb128 0x3b
 1466 0052 0B       		.uleb128 0xb
 1467 0053 49       		.uleb128 0x49
 1468 0054 13       		.uleb128 0x13
 1469 0055 38       		.uleb128 0x38
 1470 0056 0B       		.uleb128 0xb
 1471 0057 00       		.byte	0
 1472 0058 00       		.byte	0
 1473 0059 08       		.uleb128 0x8
 1474 005a 0F       		.uleb128 0xf
 1475 005b 00       		.byte	0
 1476 005c 0B       		.uleb128 0xb
 1477 005d 0B       		.uleb128 0xb
 1478 005e 49       		.uleb128 0x49
 1479 005f 13       		.uleb128 0x13
 1480 0060 00       		.byte	0
 1481 0061 00       		.byte	0
 1482 0062 09       		.uleb128 0x9
 1483 0063 15       		.uleb128 0x15
 1484 0064 00       		.byte	0
 1485 0065 27       		.uleb128 0x27
 1486 0066 19       		.uleb128 0x19
 1487 0067 00       		.byte	0
 1488 0068 00       		.byte	0
 1489 0069 0A       		.uleb128 0xa
 1490 006a 0F       		.uleb128 0xf
 1491 006b 00       		.byte	0
ARM GAS  C:\Users\Angel\AppData\Local\Temp\ccY6OPUT.s 			page 28


 1492 006c 0B       		.uleb128 0xb
 1493 006d 0B       		.uleb128 0xb
 1494 006e 00       		.byte	0
 1495 006f 00       		.byte	0
 1496 0070 0B       		.uleb128 0xb
 1497 0071 04       		.uleb128 0x4
 1498 0072 01       		.byte	0x1
 1499 0073 0B       		.uleb128 0xb
 1500 0074 0B       		.uleb128 0xb
 1501 0075 49       		.uleb128 0x49
 1502 0076 13       		.uleb128 0x13
 1503 0077 3A       		.uleb128 0x3a
 1504 0078 0B       		.uleb128 0xb
 1505 0079 3B       		.uleb128 0x3b
 1506 007a 05       		.uleb128 0x5
 1507 007b 01       		.uleb128 0x1
 1508 007c 13       		.uleb128 0x13
 1509 007d 00       		.byte	0
 1510 007e 00       		.byte	0
 1511 007f 0C       		.uleb128 0xc
 1512 0080 28       		.uleb128 0x28
 1513 0081 00       		.byte	0
 1514 0082 03       		.uleb128 0x3
 1515 0083 0E       		.uleb128 0xe
 1516 0084 1C       		.uleb128 0x1c
 1517 0085 0B       		.uleb128 0xb
 1518 0086 00       		.byte	0
 1519 0087 00       		.byte	0
 1520 0088 0D       		.uleb128 0xd
 1521 0089 16       		.uleb128 0x16
 1522 008a 00       		.byte	0
 1523 008b 03       		.uleb128 0x3
 1524 008c 0E       		.uleb128 0xe
 1525 008d 3A       		.uleb128 0x3a
 1526 008e 0B       		.uleb128 0xb
 1527 008f 3B       		.uleb128 0x3b
 1528 0090 05       		.uleb128 0x5
 1529 0091 49       		.uleb128 0x49
 1530 0092 13       		.uleb128 0x13
 1531 0093 00       		.byte	0
 1532 0094 00       		.byte	0
 1533 0095 0E       		.uleb128 0xe
 1534 0096 13       		.uleb128 0x13
 1535 0097 01       		.byte	0x1
 1536 0098 0B       		.uleb128 0xb
 1537 0099 0B       		.uleb128 0xb
 1538 009a 3A       		.uleb128 0x3a
 1539 009b 0B       		.uleb128 0xb
 1540 009c 3B       		.uleb128 0x3b
 1541 009d 05       		.uleb128 0x5
 1542 009e 01       		.uleb128 0x1
 1543 009f 13       		.uleb128 0x13
 1544 00a0 00       		.byte	0
 1545 00a1 00       		.byte	0
 1546 00a2 0F       		.uleb128 0xf
 1547 00a3 0D       		.uleb128 0xd
 1548 00a4 00       		.byte	0
ARM GAS  C:\Users\Angel\AppData\Local\Temp\ccY6OPUT.s 			page 29


 1549 00a5 03       		.uleb128 0x3
 1550 00a6 0E       		.uleb128 0xe
 1551 00a7 3A       		.uleb128 0x3a
 1552 00a8 0B       		.uleb128 0xb
 1553 00a9 3B       		.uleb128 0x3b
 1554 00aa 05       		.uleb128 0x5
 1555 00ab 49       		.uleb128 0x49
 1556 00ac 13       		.uleb128 0x13
 1557 00ad 38       		.uleb128 0x38
 1558 00ae 0B       		.uleb128 0xb
 1559 00af 00       		.byte	0
 1560 00b0 00       		.byte	0
 1561 00b1 10       		.uleb128 0x10
 1562 00b2 01       		.uleb128 0x1
 1563 00b3 01       		.byte	0x1
 1564 00b4 49       		.uleb128 0x49
 1565 00b5 13       		.uleb128 0x13
 1566 00b6 01       		.uleb128 0x1
 1567 00b7 13       		.uleb128 0x13
 1568 00b8 00       		.byte	0
 1569 00b9 00       		.byte	0
 1570 00ba 11       		.uleb128 0x11
 1571 00bb 21       		.uleb128 0x21
 1572 00bc 00       		.byte	0
 1573 00bd 49       		.uleb128 0x49
 1574 00be 13       		.uleb128 0x13
 1575 00bf 2F       		.uleb128 0x2f
 1576 00c0 0B       		.uleb128 0xb
 1577 00c1 00       		.byte	0
 1578 00c2 00       		.byte	0
 1579 00c3 12       		.uleb128 0x12
 1580 00c4 15       		.uleb128 0x15
 1581 00c5 01       		.byte	0x1
 1582 00c6 27       		.uleb128 0x27
 1583 00c7 19       		.uleb128 0x19
 1584 00c8 01       		.uleb128 0x1
 1585 00c9 13       		.uleb128 0x13
 1586 00ca 00       		.byte	0
 1587 00cb 00       		.byte	0
 1588 00cc 13       		.uleb128 0x13
 1589 00cd 05       		.uleb128 0x5
 1590 00ce 00       		.byte	0
 1591 00cf 49       		.uleb128 0x49
 1592 00d0 13       		.uleb128 0x13
 1593 00d1 00       		.byte	0
 1594 00d2 00       		.byte	0
 1595 00d3 14       		.uleb128 0x14
 1596 00d4 13       		.uleb128 0x13
 1597 00d5 01       		.byte	0x1
 1598 00d6 03       		.uleb128 0x3
 1599 00d7 0E       		.uleb128 0xe
 1600 00d8 0B       		.uleb128 0xb
 1601 00d9 0B       		.uleb128 0xb
 1602 00da 3A       		.uleb128 0x3a
 1603 00db 0B       		.uleb128 0xb
 1604 00dc 3B       		.uleb128 0x3b
 1605 00dd 05       		.uleb128 0x5
ARM GAS  C:\Users\Angel\AppData\Local\Temp\ccY6OPUT.s 			page 30


 1606 00de 01       		.uleb128 0x1
 1607 00df 13       		.uleb128 0x13
 1608 00e0 00       		.byte	0
 1609 00e1 00       		.byte	0
 1610 00e2 15       		.uleb128 0x15
 1611 00e3 26       		.uleb128 0x26
 1612 00e4 00       		.byte	0
 1613 00e5 49       		.uleb128 0x49
 1614 00e6 13       		.uleb128 0x13
 1615 00e7 00       		.byte	0
 1616 00e8 00       		.byte	0
 1617 00e9 16       		.uleb128 0x16
 1618 00ea 13       		.uleb128 0x13
 1619 00eb 01       		.byte	0x1
 1620 00ec 03       		.uleb128 0x3
 1621 00ed 0E       		.uleb128 0xe
 1622 00ee 0B       		.uleb128 0xb
 1623 00ef 0B       		.uleb128 0xb
 1624 00f0 3A       		.uleb128 0x3a
 1625 00f1 0B       		.uleb128 0xb
 1626 00f2 3B       		.uleb128 0x3b
 1627 00f3 0B       		.uleb128 0xb
 1628 00f4 01       		.uleb128 0x1
 1629 00f5 13       		.uleb128 0x13
 1630 00f6 00       		.byte	0
 1631 00f7 00       		.byte	0
 1632 00f8 17       		.uleb128 0x17
 1633 00f9 2E       		.uleb128 0x2e
 1634 00fa 01       		.byte	0x1
 1635 00fb 3F       		.uleb128 0x3f
 1636 00fc 19       		.uleb128 0x19
 1637 00fd 03       		.uleb128 0x3
 1638 00fe 0E       		.uleb128 0xe
 1639 00ff 3A       		.uleb128 0x3a
 1640 0100 0B       		.uleb128 0xb
 1641 0101 3B       		.uleb128 0x3b
 1642 0102 0B       		.uleb128 0xb
 1643 0103 27       		.uleb128 0x27
 1644 0104 19       		.uleb128 0x19
 1645 0105 49       		.uleb128 0x49
 1646 0106 13       		.uleb128 0x13
 1647 0107 11       		.uleb128 0x11
 1648 0108 01       		.uleb128 0x1
 1649 0109 12       		.uleb128 0x12
 1650 010a 06       		.uleb128 0x6
 1651 010b 40       		.uleb128 0x40
 1652 010c 18       		.uleb128 0x18
 1653 010d 9742     		.uleb128 0x2117
 1654 010f 19       		.uleb128 0x19
 1655 0110 01       		.uleb128 0x1
 1656 0111 13       		.uleb128 0x13
 1657 0112 00       		.byte	0
 1658 0113 00       		.byte	0
 1659 0114 18       		.uleb128 0x18
 1660 0115 05       		.uleb128 0x5
 1661 0116 00       		.byte	0
 1662 0117 03       		.uleb128 0x3
ARM GAS  C:\Users\Angel\AppData\Local\Temp\ccY6OPUT.s 			page 31


 1663 0118 0E       		.uleb128 0xe
 1664 0119 3A       		.uleb128 0x3a
 1665 011a 0B       		.uleb128 0xb
 1666 011b 3B       		.uleb128 0x3b
 1667 011c 0B       		.uleb128 0xb
 1668 011d 49       		.uleb128 0x49
 1669 011e 13       		.uleb128 0x13
 1670 011f 02       		.uleb128 0x2
 1671 0120 17       		.uleb128 0x17
 1672 0121 00       		.byte	0
 1673 0122 00       		.byte	0
 1674 0123 19       		.uleb128 0x19
 1675 0124 05       		.uleb128 0x5
 1676 0125 00       		.byte	0
 1677 0126 03       		.uleb128 0x3
 1678 0127 08       		.uleb128 0x8
 1679 0128 3A       		.uleb128 0x3a
 1680 0129 0B       		.uleb128 0xb
 1681 012a 3B       		.uleb128 0x3b
 1682 012b 0B       		.uleb128 0xb
 1683 012c 49       		.uleb128 0x49
 1684 012d 13       		.uleb128 0x13
 1685 012e 02       		.uleb128 0x2
 1686 012f 17       		.uleb128 0x17
 1687 0130 00       		.byte	0
 1688 0131 00       		.byte	0
 1689 0132 1A       		.uleb128 0x1a
 1690 0133 34       		.uleb128 0x34
 1691 0134 00       		.byte	0
 1692 0135 03       		.uleb128 0x3
 1693 0136 08       		.uleb128 0x8
 1694 0137 3A       		.uleb128 0x3a
 1695 0138 0B       		.uleb128 0xb
 1696 0139 3B       		.uleb128 0x3b
 1697 013a 0B       		.uleb128 0xb
 1698 013b 49       		.uleb128 0x49
 1699 013c 13       		.uleb128 0x13
 1700 013d 02       		.uleb128 0x2
 1701 013e 17       		.uleb128 0x17
 1702 013f 00       		.byte	0
 1703 0140 00       		.byte	0
 1704 0141 1B       		.uleb128 0x1b
 1705 0142 34       		.uleb128 0x34
 1706 0143 00       		.byte	0
 1707 0144 03       		.uleb128 0x3
 1708 0145 08       		.uleb128 0x8
 1709 0146 3A       		.uleb128 0x3a
 1710 0147 0B       		.uleb128 0xb
 1711 0148 3B       		.uleb128 0x3b
 1712 0149 0B       		.uleb128 0xb
 1713 014a 49       		.uleb128 0x49
 1714 014b 13       		.uleb128 0x13
 1715 014c 02       		.uleb128 0x2
 1716 014d 18       		.uleb128 0x18
 1717 014e 00       		.byte	0
 1718 014f 00       		.byte	0
 1719 0150 1C       		.uleb128 0x1c
ARM GAS  C:\Users\Angel\AppData\Local\Temp\ccY6OPUT.s 			page 32


 1720 0151 898201   		.uleb128 0x4109
 1721 0154 01       		.byte	0x1
 1722 0155 11       		.uleb128 0x11
 1723 0156 01       		.uleb128 0x1
 1724 0157 31       		.uleb128 0x31
 1725 0158 13       		.uleb128 0x13
 1726 0159 01       		.uleb128 0x1
 1727 015a 13       		.uleb128 0x13
 1728 015b 00       		.byte	0
 1729 015c 00       		.byte	0
 1730 015d 1D       		.uleb128 0x1d
 1731 015e 8A8201   		.uleb128 0x410a
 1732 0161 00       		.byte	0
 1733 0162 02       		.uleb128 0x2
 1734 0163 18       		.uleb128 0x18
 1735 0164 9142     		.uleb128 0x2111
 1736 0166 18       		.uleb128 0x18
 1737 0167 00       		.byte	0
 1738 0168 00       		.byte	0
 1739 0169 1E       		.uleb128 0x1e
 1740 016a 898201   		.uleb128 0x4109
 1741 016d 01       		.byte	0x1
 1742 016e 11       		.uleb128 0x11
 1743 016f 01       		.uleb128 0x1
 1744 0170 31       		.uleb128 0x31
 1745 0171 13       		.uleb128 0x13
 1746 0172 00       		.byte	0
 1747 0173 00       		.byte	0
 1748 0174 1F       		.uleb128 0x1f
 1749 0175 2E       		.uleb128 0x2e
 1750 0176 01       		.byte	0x1
 1751 0177 3F       		.uleb128 0x3f
 1752 0178 19       		.uleb128 0x19
 1753 0179 03       		.uleb128 0x3
 1754 017a 0E       		.uleb128 0xe
 1755 017b 3A       		.uleb128 0x3a
 1756 017c 0B       		.uleb128 0xb
 1757 017d 3B       		.uleb128 0x3b
 1758 017e 0B       		.uleb128 0xb
 1759 017f 27       		.uleb128 0x27
 1760 0180 19       		.uleb128 0x19
 1761 0181 11       		.uleb128 0x11
 1762 0182 01       		.uleb128 0x1
 1763 0183 12       		.uleb128 0x12
 1764 0184 06       		.uleb128 0x6
 1765 0185 40       		.uleb128 0x40
 1766 0186 18       		.uleb128 0x18
 1767 0187 9742     		.uleb128 0x2117
 1768 0189 19       		.uleb128 0x19
 1769 018a 01       		.uleb128 0x1
 1770 018b 13       		.uleb128 0x13
 1771 018c 00       		.byte	0
 1772 018d 00       		.byte	0
 1773 018e 20       		.uleb128 0x20
 1774 018f 898201   		.uleb128 0x4109
 1775 0192 00       		.byte	0
 1776 0193 11       		.uleb128 0x11
ARM GAS  C:\Users\Angel\AppData\Local\Temp\ccY6OPUT.s 			page 33


 1777 0194 01       		.uleb128 0x1
 1778 0195 31       		.uleb128 0x31
 1779 0196 13       		.uleb128 0x13
 1780 0197 00       		.byte	0
 1781 0198 00       		.byte	0
 1782 0199 21       		.uleb128 0x21
 1783 019a 34       		.uleb128 0x34
 1784 019b 00       		.byte	0
 1785 019c 03       		.uleb128 0x3
 1786 019d 0E       		.uleb128 0xe
 1787 019e 3A       		.uleb128 0x3a
 1788 019f 0B       		.uleb128 0xb
 1789 01a0 3B       		.uleb128 0x3b
 1790 01a1 0B       		.uleb128 0xb
 1791 01a2 49       		.uleb128 0x49
 1792 01a3 13       		.uleb128 0x13
 1793 01a4 3F       		.uleb128 0x3f
 1794 01a5 19       		.uleb128 0x19
 1795 01a6 3C       		.uleb128 0x3c
 1796 01a7 19       		.uleb128 0x19
 1797 01a8 00       		.byte	0
 1798 01a9 00       		.byte	0
 1799 01aa 22       		.uleb128 0x22
 1800 01ab 34       		.uleb128 0x34
 1801 01ac 00       		.byte	0
 1802 01ad 03       		.uleb128 0x3
 1803 01ae 0E       		.uleb128 0xe
 1804 01af 3A       		.uleb128 0x3a
 1805 01b0 0B       		.uleb128 0xb
 1806 01b1 3B       		.uleb128 0x3b
 1807 01b2 05       		.uleb128 0x5
 1808 01b3 49       		.uleb128 0x49
 1809 01b4 13       		.uleb128 0x13
 1810 01b5 3F       		.uleb128 0x3f
 1811 01b6 19       		.uleb128 0x19
 1812 01b7 3C       		.uleb128 0x3c
 1813 01b8 19       		.uleb128 0x19
 1814 01b9 00       		.byte	0
 1815 01ba 00       		.byte	0
 1816 01bb 23       		.uleb128 0x23
 1817 01bc 2E       		.uleb128 0x2e
 1818 01bd 00       		.byte	0
 1819 01be 3F       		.uleb128 0x3f
 1820 01bf 19       		.uleb128 0x19
 1821 01c0 3C       		.uleb128 0x3c
 1822 01c1 19       		.uleb128 0x19
 1823 01c2 6E       		.uleb128 0x6e
 1824 01c3 0E       		.uleb128 0xe
 1825 01c4 03       		.uleb128 0x3
 1826 01c5 0E       		.uleb128 0xe
 1827 01c6 3A       		.uleb128 0x3a
 1828 01c7 0B       		.uleb128 0xb
 1829 01c8 3B       		.uleb128 0x3b
 1830 01c9 0B       		.uleb128 0xb
 1831 01ca 00       		.byte	0
 1832 01cb 00       		.byte	0
 1833 01cc 00       		.byte	0
ARM GAS  C:\Users\Angel\AppData\Local\Temp\ccY6OPUT.s 			page 34


 1834              		.section	.debug_loc,"",%progbits
 1835              	.Ldebug_loc0:
 1836              	.LLST0:
 1837 0000 00000000 		.4byte	.LVL0
 1838 0004 08000000 		.4byte	.LVL1
 1839 0008 0100     		.2byte	0x1
 1840 000a 50       		.byte	0x50
 1841 000b 08000000 		.4byte	.LVL1
 1842 000f 32000000 		.4byte	.LVL9
 1843 0013 0100     		.2byte	0x1
 1844 0015 56       		.byte	0x56
 1845 0016 32000000 		.4byte	.LVL9
 1846 001a 38000000 		.4byte	.LFE441
 1847 001e 0400     		.2byte	0x4
 1848 0020 F3       		.byte	0xf3
 1849 0021 01       		.uleb128 0x1
 1850 0022 50       		.byte	0x50
 1851 0023 9F       		.byte	0x9f
 1852 0024 00000000 		.4byte	0
 1853 0028 00000000 		.4byte	0
 1854              	.LLST1:
 1855 002c 00000000 		.4byte	.LVL0
 1856 0030 0C000000 		.4byte	.LVL2
 1857 0034 0100     		.2byte	0x1
 1858 0036 51       		.byte	0x51
 1859 0037 0C000000 		.4byte	.LVL2
 1860 003b 0F000000 		.4byte	.LVL3-1
 1861 003f 0100     		.2byte	0x1
 1862 0041 50       		.byte	0x50
 1863 0042 0F000000 		.4byte	.LVL3-1
 1864 0046 38000000 		.4byte	.LFE441
 1865 004a 0400     		.2byte	0x4
 1866 004c F3       		.byte	0xf3
 1867 004d 01       		.uleb128 0x1
 1868 004e 51       		.byte	0x51
 1869 004f 9F       		.byte	0x9f
 1870 0050 00000000 		.4byte	0
 1871 0054 00000000 		.4byte	0
 1872              	.LLST2:
 1873 0058 10000000 		.4byte	.LVL3
 1874 005c 14000000 		.4byte	.LVL4
 1875 0060 0200     		.2byte	0x2
 1876 0062 30       		.byte	0x30
 1877 0063 9F       		.byte	0x9f
 1878 0064 14000000 		.4byte	.LVL4
 1879 0068 32000000 		.4byte	.LVL8
 1880 006c 0100     		.2byte	0x1
 1881 006e 55       		.byte	0x55
 1882 006f 00000000 		.4byte	0
 1883 0073 00000000 		.4byte	0
 1884              	.LLST3:
 1885 0077 08000000 		.4byte	.LVL1
 1886 007b 30000000 		.4byte	.LVL7
 1887 007f 0200     		.2byte	0x2
 1888 0081 30       		.byte	0x30
 1889 0082 9F       		.byte	0x9f
 1890 0083 30000000 		.4byte	.LVL7
ARM GAS  C:\Users\Angel\AppData\Local\Temp\ccY6OPUT.s 			page 35


 1891 0087 38000000 		.4byte	.LFE441
 1892 008b 0100     		.2byte	0x1
 1893 008d 50       		.byte	0x50
 1894 008e 00000000 		.4byte	0
 1895 0092 00000000 		.4byte	0
 1896              	.LLST4:
 1897 0096 00000000 		.4byte	.LVL10
 1898 009a 06000000 		.4byte	.LVL11
 1899 009e 0100     		.2byte	0x1
 1900 00a0 50       		.byte	0x50
 1901 00a1 06000000 		.4byte	.LVL11
 1902 00a5 3A000000 		.4byte	.LVL21
 1903 00a9 0100     		.2byte	0x1
 1904 00ab 56       		.byte	0x56
 1905 00ac 3A000000 		.4byte	.LVL21
 1906 00b0 4C000000 		.4byte	.LFE442
 1907 00b4 0400     		.2byte	0x4
 1908 00b6 F3       		.byte	0xf3
 1909 00b7 01       		.uleb128 0x1
 1910 00b8 50       		.byte	0x50
 1911 00b9 9F       		.byte	0x9f
 1912 00ba 00000000 		.4byte	0
 1913 00be 00000000 		.4byte	0
 1914              	.LLST5:
 1915 00c2 0A000000 		.4byte	.LVL12
 1916 00c6 0E000000 		.4byte	.LVL13
 1917 00ca 0200     		.2byte	0x2
 1918 00cc 30       		.byte	0x30
 1919 00cd 9F       		.byte	0x9f
 1920 00ce 0E000000 		.4byte	.LVL13
 1921 00d2 3A000000 		.4byte	.LVL20
 1922 00d6 0100     		.2byte	0x1
 1923 00d8 55       		.byte	0x55
 1924 00d9 00000000 		.4byte	0
 1925 00dd 00000000 		.4byte	0
 1926              		.section	.debug_aranges,"",%progbits
 1927 0000 24000000 		.4byte	0x24
 1928 0004 0200     		.2byte	0x2
 1929 0006 00000000 		.4byte	.Ldebug_info0
 1930 000a 04       		.byte	0x4
 1931 000b 00       		.byte	0
 1932 000c 0000     		.2byte	0
 1933 000e 0000     		.2byte	0
 1934 0010 00000000 		.4byte	.LFB441
 1935 0014 38000000 		.4byte	.LFE441-.LFB441
 1936 0018 00000000 		.4byte	.LFB442
 1937 001c 4C000000 		.4byte	.LFE442-.LFB442
 1938 0020 00000000 		.4byte	0
 1939 0024 00000000 		.4byte	0
 1940              		.section	.debug_ranges,"",%progbits
 1941              	.Ldebug_ranges0:
 1942 0000 00000000 		.4byte	.LFB441
 1943 0004 38000000 		.4byte	.LFE441
 1944 0008 00000000 		.4byte	.LFB442
 1945 000c 4C000000 		.4byte	.LFE442
 1946 0010 00000000 		.4byte	0
 1947 0014 00000000 		.4byte	0
ARM GAS  C:\Users\Angel\AppData\Local\Temp\ccY6OPUT.s 			page 36


 1948              		.section	.debug_line,"",%progbits
 1949              	.Ldebug_line0:
 1950 0000 24030000 		.section	.debug_str,"MS",%progbits,1
 1950      0200CD02 
 1950      00000201 
 1950      FB0E0D00 
 1950      01010101 
 1951              	.LASF158:
 1952 0000 64657363 		.ascii	"description\000"
 1952      72697074 
 1952      696F6E00 
 1953              	.LASF54:
 1954 000c 70726F74 		.ascii	"protBusMasterMask\000"
 1954      4275734D 
 1954      61737465 
 1954      724D6173 
 1954      6B00
 1955              	.LASF139:
 1956 001e 72784275 		.ascii	"rxBufSize\000"
 1956      6653697A 
 1956      6500
 1957              	.LASF155:
 1958 0028 5F665F6C 		.ascii	"_f_list_st_\000"
 1958      6973745F 
 1958      73745F00 
 1959              	.LASF166:
 1960 0034 73747263 		.ascii	"strcmp\000"
 1960      6D7000
 1961              	.LASF64:
 1962 003b 666C6173 		.ascii	"flashCtlMainWs3Freq\000"
 1962      6843746C 
 1962      4D61696E 
 1962      57733346 
 1962      72657100 
 1963              	.LASF86:
 1964 004f 6770696F 		.ascii	"gpioPrtCfgInOffset\000"
 1964      50727443 
 1964      6667496E 
 1964      4F666673 
 1964      657400
 1965              	.LASF104:
 1966 0062 6970634C 		.ascii	"ipcLockStatusOffset\000"
 1966      6F636B53 
 1966      74617475 
 1966      734F6666 
 1966      73657400 
 1967              	.LASF48:
 1968 0076 70657269 		.ascii	"periClockNr\000"
 1968      436C6F63 
 1968      6B4E7200 
 1969              	.LASF26:
 1970 0082 70617373 		.ascii	"passBase\000"
 1970      42617365 
 1970      00
 1971              	.LASF39:
 1972 008b 63707573 		.ascii	"cpussIpcIrqNr\000"
 1972      73497063 
ARM GAS  C:\Users\Angel\AppData\Local\Temp\ccY6OPUT.s 			page 37


 1972      4972714E 
 1972      7200
 1973              	.LASF3:
 1974 0099 5F5F7569 		.ascii	"__uint8_t\000"
 1974      6E74385F 
 1974      7400
 1975              	.LASF124:
 1976 00a3 73617449 		.ascii	"satIntrMask\000"
 1976      6E74724D 
 1976      61736B00 
 1977              	.LASF83:
 1978 00af 70657269 		.ascii	"periDiv24_5CtlOffset\000"
 1978      44697632 
 1978      345F3543 
 1978      746C4F66 
 1978      66736574 
 1979              	.LASF90:
 1980 00c4 63707573 		.ascii	"cpussCm4ClockCtlOffset\000"
 1980      73436D34 
 1980      436C6F63 
 1980      6B43746C 
 1980      4F666673 
 1981              	.LASF19:
 1982 00db 63707573 		.ascii	"cpussBase\000"
 1982      73426173 
 1982      6500
 1983              	.LASF68:
 1984 00e5 64774368 		.ascii	"dwChCtlPrioPos\000"
 1984      43746C50 
 1984      72696F50 
 1984      6F7300
 1985              	.LASF11:
 1986 00f4 6C6F6E67 		.ascii	"long long unsigned int\000"
 1986      206C6F6E 
 1986      6720756E 
 1986      7369676E 
 1986      65642069 
 1987              	.LASF72:
 1988 010b 70657269 		.ascii	"periTrCmdOffset\000"
 1988      5472436D 
 1988      644F6666 
 1988      73657400 
 1989              	.LASF134:
 1990 011b 72785269 		.ascii	"rxRingBuf\000"
 1990      6E674275 
 1990      6600
 1991              	.LASF96:
 1992 0125 63707573 		.ascii	"cpussSysTickCtlOffset\000"
 1992      73537973 
 1992      5469636B 
 1992      43746C4F 
 1992      66667365 
 1993              	.LASF141:
 1994 013b 74784275 		.ascii	"txBuf\000"
 1994      6600
 1995              	.LASF57:
 1996 0141 666C6173 		.ascii	"flashPipeRequired\000"
ARM GAS  C:\Users\Angel\AppData\Local\Temp\ccY6OPUT.s 			page 38


 1996      68506970 
 1996      65526571 
 1996      75697265 
 1996      6400
 1997              	.LASF61:
 1998 0153 666C6173 		.ascii	"flashCtlMainWs0Freq\000"
 1998      6843746C 
 1998      4D61696E 
 1998      57733046 
 1998      72657100 
 1999              	.LASF14:
 2000 0167 696E7431 		.ascii	"int16_t\000"
 2000      365F7400 
 2001              	.LASF130:
 2002 016f 63795F73 		.ascii	"cy_stc_sar_config_t\000"
 2002      74635F73 
 2002      61725F63 
 2002      6F6E6669 
 2002      675F7400 
 2003              	.LASF10:
 2004 0183 6C6F6E67 		.ascii	"long long int\000"
 2004      206C6F6E 
 2004      6720696E 
 2004      7400
 2005              	.LASF2:
 2006 0191 7369676E 		.ascii	"signed char\000"
 2006      65642063 
 2006      68617200 
 2007              	.LASF77:
 2008 019d 70657269 		.ascii	"periDivCmdTypeSelPos\000"
 2008      44697643 
 2008      6D645479 
 2008      70655365 
 2008      6C506F73 
 2009              	.LASF114:
 2010 01b2 63795F65 		.ascii	"cy_en_sar_range_detect_condition_t\000"
 2010      6E5F7361 
 2010      725F7261 
 2010      6E67655F 
 2010      64657465 
 2011              	.LASF151:
 2012 01d5 636C6B44 		.ascii	"clkDivider\000"
 2012      69766964 
 2012      657200
 2013              	.LASF23:
 2014 01e0 70726F74 		.ascii	"protBase\000"
 2014      42617365 
 2014      00
 2015              	.LASF35:
 2016 01e9 69706356 		.ascii	"ipcVersion\000"
 2016      65727369 
 2016      6F6E00
 2017              	.LASF97:
 2018 01f4 63707573 		.ascii	"cpussCm0NmiCtlOffset\000"
 2018      73436D30 
 2018      4E6D6943 
 2018      746C4F66 
ARM GAS  C:\Users\Angel\AppData\Local\Temp\ccY6OPUT.s 			page 39


 2018      66736574 
 2019              	.LASF45:
 2020 0209 73727373 		.ascii	"srssNumClkpath\000"
 2020      4E756D43 
 2020      6C6B7061 
 2020      746800
 2021              	.LASF24:
 2022 0218 6873696F 		.ascii	"hsiomBase\000"
 2022      6D426173 
 2022      6500
 2023              	.LASF110:
 2024 0222 43595F53 		.ascii	"CY_SAR_RANGE_COND_BELOW\000"
 2024      41525F52 
 2024      414E4745 
 2024      5F434F4E 
 2024      445F4245 
 2025              	.LASF167:
 2026 023a 7072696E 		.ascii	"print\000"
 2026      7400
 2027              	.LASF7:
 2028 0240 6C6F6E67 		.ascii	"long int\000"
 2028      20696E74 
 2028      00
 2029              	.LASF87:
 2030 0249 6770696F 		.ascii	"gpioPrtCfgOutOffset\000"
 2030      50727443 
 2030      66674F75 
 2030      744F6666 
 2030      73657400 
 2031              	.LASF55:
 2032 025d 63727970 		.ascii	"cryptoMemSize\000"
 2032      746F4D65 
 2032      6D53697A 
 2032      6500
 2033              	.LASF21:
 2034 026b 70657269 		.ascii	"periBase\000"
 2034      42617365 
 2034      00
 2035              	.LASF53:
 2036 0274 73797350 		.ascii	"sysPmSimoPresent\000"
 2036      6D53696D 
 2036      6F507265 
 2036      73656E74 
 2036      00
 2037              	.LASF112:
 2038 0285 43595F53 		.ascii	"CY_SAR_RANGE_COND_ABOVE\000"
 2038      41525F52 
 2038      414E4745 
 2038      5F434F4E 
 2038      445F4142 
 2039              	.LASF43:
 2040 029d 63707573 		.ascii	"cpussFmIrq\000"
 2040      73466D49 
 2040      727100
 2041              	.LASF108:
 2042 02a8 646F7562 		.ascii	"double\000"
 2042      6C6500
ARM GAS  C:\Users\Angel\AppData\Local\Temp\ccY6OPUT.s 			page 40


 2043              	.LASF82:
 2044 02af 70657269 		.ascii	"periDiv16_5CtlOffset\000"
 2044      44697631 
 2044      365F3543 
 2044      746C4F66 
 2044      66736574 
 2045              	.LASF46:
 2046 02c4 73727373 		.ascii	"srssNumPll\000"
 2046      4E756D50 
 2046      6C6C00
 2047              	.LASF117:
 2048 02cf 73616D70 		.ascii	"sampleTime01\000"
 2048      6C655469 
 2048      6D653031 
 2048      00
 2049              	.LASF6:
 2050 02dc 73686F72 		.ascii	"short unsigned int\000"
 2050      7420756E 
 2050      7369676E 
 2050      65642069 
 2050      6E7400
 2051              	.LASF30:
 2052 02ef 63727970 		.ascii	"cryptoVersion\000"
 2052      746F5665 
 2052      7273696F 
 2052      6E00
 2053              	.LASF8:
 2054 02fd 5F5F7569 		.ascii	"__uint32_t\000"
 2054      6E743332 
 2054      5F7400
 2055              	.LASF50:
 2056 0308 70617373 		.ascii	"passSarChannels\000"
 2056      53617243 
 2056      68616E6E 
 2056      656C7300 
 2057              	.LASF149:
 2058 0318 6877436F 		.ascii	"hwConfigStc\000"
 2058      6E666967 
 2058      53746300 
 2059              	.LASF4:
 2060 0324 5F5F696E 		.ascii	"__int16_t\000"
 2060      7431365F 
 2060      7400
 2061              	.LASF140:
 2062 032e 72784275 		.ascii	"rxBufIdx\000"
 2062      66496478 
 2062      00
 2063              	.LASF93:
 2064 0337 63707573 		.ascii	"cpussCm4PwrCtlOffset\000"
 2064      73436D34 
 2064      50777243 
 2064      746C4F66 
 2064      66736574 
 2065              	.LASF142:
 2066 034c 74784275 		.ascii	"txBufSize\000"
 2066      6653697A 
 2066      6500
ARM GAS  C:\Users\Angel\AppData\Local\Temp\ccY6OPUT.s 			page 41


 2067              	.LASF88:
 2068 0356 6770696F 		.ascii	"gpioPrtCfgSioOffset\000"
 2068      50727443 
 2068      66675369 
 2068      6F4F6666 
 2068      73657400 
 2069              	.LASF40:
 2070 036a 63707573 		.ascii	"cpussDwChNr\000"
 2070      73447743 
 2070      684E7200 
 2071              	.LASF12:
 2072 0376 756E7369 		.ascii	"unsigned int\000"
 2072      676E6564 
 2072      20696E74 
 2072      00
 2073              	.LASF15:
 2074 0383 75696E74 		.ascii	"uint16_t\000"
 2074      31365F74 
 2074      00
 2075              	.LASF73:
 2076 038c 70657269 		.ascii	"periTrCmdGrSelMsk\000"
 2076      5472436D 
 2076      64477253 
 2076      656C4D73 
 2076      6B00
 2077              	.LASF62:
 2078 039e 666C6173 		.ascii	"flashCtlMainWs1Freq\000"
 2078      6843746C 
 2078      4D61696E 
 2078      57733146 
 2078      72657100 
 2079              	.LASF9:
 2080 03b2 6C6F6E67 		.ascii	"long unsigned int\000"
 2080      20756E73 
 2080      69676E65 
 2080      6420696E 
 2080      7400
 2081              	.LASF171:
 2082 03c4 6765745F 		.ascii	"get_func\000"
 2082      66756E63 
 2082      00
 2083              	.LASF131:
 2084 03cd 63795F63 		.ascii	"cy_cb_scb_uart_handle_events_t\000"
 2084      625F7363 
 2084      625F7561 
 2084      72745F68 
 2084      616E646C 
 2085              	.LASF162:
 2086 03ec 55415254 		.ascii	"UART_context\000"
 2086      5F636F6E 
 2086      74657874 
 2086      00
 2087              	.LASF38:
 2088 03f9 63707573 		.ascii	"cpussIpcNr\000"
 2088      73497063 
 2088      4E7200
 2089              	.LASF156:
ARM GAS  C:\Users\Angel\AppData\Local\Temp\ccY6OPUT.s 			page 42


 2090 0404 6E616D65 		.ascii	"name\000"
 2090      00
 2091              	.LASF25:
 2092 0409 6770696F 		.ascii	"gpioBase\000"
 2092      42617365 
 2092      00
 2093              	.LASF63:
 2094 0412 666C6173 		.ascii	"flashCtlMainWs2Freq\000"
 2094      6843746C 
 2094      4D61696E 
 2094      57733246 
 2094      72657100 
 2095              	.LASF74:
 2096 0426 70657269 		.ascii	"periTrGrOffset\000"
 2096      54724772 
 2096      4F666673 
 2096      657400
 2097              	.LASF101:
 2098 0435 63707573 		.ascii	"cpussRam1Ctl0\000"
 2098      7352616D 
 2098      3143746C 
 2098      3000
 2099              	.LASF164:
 2100 0443 4144435F 		.ascii	"ADC_1_allConfigs\000"
 2100      315F616C 
 2100      6C436F6E 
 2100      66696773 
 2100      00
 2101              	.LASF119:
 2102 0454 72616E67 		.ascii	"rangeThres\000"
 2102      65546872 
 2102      657300
 2103              	.LASF144:
 2104 045f 63624576 		.ascii	"cbEvents\000"
 2104      656E7473 
 2104      00
 2105              	.LASF75:
 2106 0468 70657269 		.ascii	"periTrGrSize\000"
 2106      54724772 
 2106      53697A65 
 2106      00
 2107              	.LASF33:
 2108 0475 6770696F 		.ascii	"gpioVersion\000"
 2108      56657273 
 2108      696F6E00 
 2109              	.LASF148:
 2110 0481 6E756D43 		.ascii	"numChannels\000"
 2110      68616E6E 
 2110      656C7300 
 2111              	.LASF105:
 2112 048d 63795F73 		.ascii	"cy_stc_device_t\000"
 2112      74635F64 
 2112      65766963 
 2112      655F7400 
 2113              	.LASF122:
 2114 049d 6368616E 		.ascii	"chanConfig\000"
 2114      436F6E66 
ARM GAS  C:\Users\Angel\AppData\Local\Temp\ccY6OPUT.s 			page 43


 2114      696700
 2115              	.LASF147:
 2116 04a8 6368616E 		.ascii	"channelBase\000"
 2116      6E656C42 
 2116      61736500 
 2117              	.LASF51:
 2118 04b4 65704D6F 		.ascii	"epMonitorNr\000"
 2118      6E69746F 
 2118      724E7200 
 2119              	.LASF136:
 2120 04c0 72785269 		.ascii	"rxRingBufHead\000"
 2120      6E674275 
 2120      66486561 
 2120      6400
 2121              	.LASF94:
 2122 04ce 63707573 		.ascii	"cpussTrimRamCtlOffset\000"
 2122      73547269 
 2122      6D52616D 
 2122      43746C4F 
 2122      66667365 
 2123              	.LASF89:
 2124 04e4 63707573 		.ascii	"cpussCm0ClockCtlOffset\000"
 2124      73436D30 
 2124      436C6F63 
 2124      6B43746C 
 2124      4F666673 
 2125              	.LASF29:
 2126 04fb 63707573 		.ascii	"cpussVersion\000"
 2126      73566572 
 2126      73696F6E 
 2126      00
 2127              	.LASF36:
 2128 0508 70657269 		.ascii	"periVersion\000"
 2128      56657273 
 2128      696F6E00 
 2129              	.LASF92:
 2130 0514 63707573 		.ascii	"cpussCm0StatusOffset\000"
 2130      73436D30 
 2130      53746174 
 2130      75734F66 
 2130      66736574 
 2131              	.LASF169:
 2132 0529 736F7572 		.ascii	"sources\\func_list\\func_list.c\000"
 2132      6365735C 
 2132      66756E63 
 2132      5F6C6973 
 2132      745C6675 
 2133              	.LASF17:
 2134 0547 73697A65 		.ascii	"sizetype\000"
 2134      74797065 
 2134      00
 2135              	.LASF66:
 2136 0550 64774368 		.ascii	"dwChOffset\000"
 2136      4F666673 
 2136      657400
 2137              	.LASF165:
 2138 055b 73736361 		.ascii	"sscanf\000"
ARM GAS  C:\Users\Angel\AppData\Local\Temp\ccY6OPUT.s 			page 44


 2138      6E6600
 2139              	.LASF41:
 2140 0562 63707573 		.ascii	"cpussFlashPaSize\000"
 2140      73466C61 
 2140      73685061 
 2140      53697A65 
 2140      00
 2141              	.LASF170:
 2142 0573 433A5C55 		.ascii	"C:\\Users\\Angel\\OneDrive\\Desktop\\clcd_063proto_"
 2142      73657273 
 2142      5C416E67 
 2142      656C5C4F 
 2142      6E654472 
 2143 05a1 32313031 		.ascii	"210114.cydsn\000"
 2143      31342E63 
 2143      7964736E 
 2143      00
 2144              	.LASF118:
 2145 05ae 73616D70 		.ascii	"sampleTime23\000"
 2145      6C655469 
 2145      6D653233 
 2145      00
 2146              	.LASF79:
 2147 05bb 70657269 		.ascii	"periDivCmdPaTypeSelPos\000"
 2147      44697643 
 2147      6D645061 
 2147      54797065 
 2147      53656C50 
 2148              	.LASF102:
 2149 05d2 63707573 		.ascii	"cpussRam2Ctl0\000"
 2149      7352616D 
 2149      3243746C 
 2149      3000
 2150              	.LASF128:
 2151 05e0 636F6E66 		.ascii	"configRouting\000"
 2151      6967526F 
 2151      7574696E 
 2151      6700
 2152              	.LASF70:
 2153 05ee 64775374 		.ascii	"dwStatusChIdxPos\000"
 2153      61747573 
 2153      43684964 
 2153      78506F73 
 2153      00
 2154              	.LASF52:
 2155 05ff 75646250 		.ascii	"udbPresent\000"
 2155      72657365 
 2155      6E7400
 2156              	.LASF133:
 2157 060a 72785374 		.ascii	"rxStatus\000"
 2157      61747573 
 2157      00
 2158              	.LASF32:
 2159 0613 666C6173 		.ascii	"flashcVersion\000"
 2159      68635665 
 2159      7273696F 
 2159      6E00
ARM GAS  C:\Users\Angel\AppData\Local\Temp\ccY6OPUT.s 			page 45


 2160              	.LASF28:
 2161 0621 63727970 		.ascii	"cryptoBase\000"
 2161      746F4261 
 2161      736500
 2162              	.LASF49:
 2163 062c 736D6966 		.ascii	"smifDeviceNr\000"
 2163      44657669 
 2163      63654E72 
 2163      00
 2164              	.LASF125:
 2165 0639 72616E67 		.ascii	"rangeIntrMask\000"
 2165      65496E74 
 2165      724D6173 
 2165      6B00
 2166              	.LASF107:
 2167 0647 666C6F61 		.ascii	"float\000"
 2167      7400
 2168              	.LASF71:
 2169 064d 64775374 		.ascii	"dwStatusChIdxMsk\000"
 2169      61747573 
 2169      43684964 
 2169      784D736B 
 2169      00
 2170              	.LASF161:
 2171 065e 63795F64 		.ascii	"cy_device\000"
 2171      65766963 
 2171      6500
 2172              	.LASF99:
 2173 0668 63707573 		.ascii	"cpussRomCtl\000"
 2173      73526F6D 
 2173      43746C00 
 2174              	.LASF69:
 2175 0674 64774368 		.ascii	"dwChCtlPreemptablePos\000"
 2175      43746C50 
 2175      7265656D 
 2175      70746162 
 2175      6C65506F 
 2176              	.LASF143:
 2177 068a 74784C65 		.ascii	"txLeftToTransmit\000"
 2177      6674546F 
 2177      5472616E 
 2177      736D6974 
 2177      00
 2178              	.LASF121:
 2179 069b 6368616E 		.ascii	"chanEn\000"
 2179      456E00
 2180              	.LASF22:
 2181 06a2 75646242 		.ascii	"udbBase\000"
 2181      61736500 
 2182              	.LASF111:
 2183 06aa 43595F53 		.ascii	"CY_SAR_RANGE_COND_INSIDE\000"
 2183      41525F52 
 2183      414E4745 
 2183      5F434F4E 
 2183      445F494E 
 2184              	.LASF109:
 2185 06c3 5F426F6F 		.ascii	"_Bool\000"
ARM GAS  C:\Users\Angel\AppData\Local\Temp\ccY6OPUT.s 			page 46


 2185      6C00
 2186              	.LASF1:
 2187 06c9 756E7369 		.ascii	"unsigned char\000"
 2187      676E6564 
 2187      20636861 
 2187      7200
 2188              	.LASF159:
 2189 06d7 665F6C69 		.ascii	"f_list_type\000"
 2189      73745F74 
 2189      79706500 
 2190              	.LASF65:
 2191 06e3 666C6173 		.ascii	"flashCtlMainWs4Freq\000"
 2191      6843746C 
 2191      4D61696E 
 2191      57733446 
 2191      72657100 
 2192              	.LASF0:
 2193 06f7 73686F72 		.ascii	"short int\000"
 2193      7420696E 
 2193      7400
 2194              	.LASF126:
 2195 0701 6D757853 		.ascii	"muxSwitch\000"
 2195      77697463 
 2195      6800
 2196              	.LASF123:
 2197 070b 696E7472 		.ascii	"intrMask\000"
 2197      4D61736B 
 2197      00
 2198              	.LASF76:
 2199 0714 70657269 		.ascii	"periDivCmdDivSelMsk\000"
 2199      44697643 
 2199      6D644469 
 2199      7653656C 
 2199      4D736B00 
 2200              	.LASF20:
 2201 0728 666C6173 		.ascii	"flashcBase\000"
 2201      68634261 
 2201      736500
 2202              	.LASF47:
 2203 0733 73727373 		.ascii	"srssNumHfroot\000"
 2203      4E756D48 
 2203      66726F6F 
 2203      7400
 2204              	.LASF60:
 2205 0741 666C6173 		.ascii	"flashEraseDelay\000"
 2205      68457261 
 2205      73654465 
 2205      6C617900 
 2206              	.LASF80:
 2207 0751 70657269 		.ascii	"periDiv8CtlOffset\000"
 2207      44697638 
 2207      43746C4F 
 2207      66667365 
 2207      7400
 2208              	.LASF16:
 2209 0763 75696E74 		.ascii	"uint32_t\000"
 2209      33325F74 
ARM GAS  C:\Users\Angel\AppData\Local\Temp\ccY6OPUT.s 			page 47


 2209      00
 2210              	.LASF163:
 2211 076c 4144435F 		.ascii	"ADC_1_currentConfig\000"
 2211      315F6375 
 2211      7272656E 
 2211      74436F6E 
 2211      66696700 
 2212              	.LASF98:
 2213 0780 63707573 		.ascii	"cpussCm4NmiCtlOffset\000"
 2213      73436D34 
 2213      4E6D6943 
 2213      746C4F66 
 2213      66736574 
 2214              	.LASF129:
 2215 0795 76726566 		.ascii	"vrefMvValue\000"
 2215      4D765661 
 2215      6C756500 
 2216              	.LASF168:
 2217 07a1 474E5520 		.ascii	"GNU C11 5.4.1 20160609 (release) [ARM/embedded-5-br"
 2217      43313120 
 2217      352E342E 
 2217      31203230 
 2217      31363036 
 2218 07d4 616E6368 		.ascii	"anch revision 237715] -mcpu=cortex-m0plus -mthumb -"
 2218      20726576 
 2218      6973696F 
 2218      6E203233 
 2218      37373135 
 2219 0807 67202D4F 		.ascii	"g -Og -ffunction-sections -ffat-lto-objects\000"
 2219      67202D66 
 2219      66756E63 
 2219      74696F6E 
 2219      2D736563 
 2220              	.LASF18:
 2221 0833 6C6F6E67 		.ascii	"long double\000"
 2221      20646F75 
 2221      626C6500 
 2222              	.LASF106:
 2223 083f 63686172 		.ascii	"char\000"
 2223      00
 2224              	.LASF37:
 2225 0844 70726F74 		.ascii	"protVersion\000"
 2225      56657273 
 2225      696F6E00 
 2226              	.LASF157:
 2227 0850 66756E63 		.ascii	"func\000"
 2227      00
 2228              	.LASF100:
 2229 0855 63707573 		.ascii	"cpussRam0Ctl0\000"
 2229      7352616D 
 2229      3043746C 
 2229      3000
 2230              	.LASF5:
 2231 0863 5F5F7569 		.ascii	"__uint16_t\000"
 2231      6E743136 
 2231      5F7400
 2232              	.LASF81:
ARM GAS  C:\Users\Angel\AppData\Local\Temp\ccY6OPUT.s 			page 48


 2233 086e 70657269 		.ascii	"periDiv16CtlOffset\000"
 2233      44697631 
 2233      3643746C 
 2233      4F666673 
 2233      657400
 2234              	.LASF13:
 2235 0881 75696E74 		.ascii	"uint8_t\000"
 2235      385F7400 
 2236              	.LASF34:
 2237 0889 6873696F 		.ascii	"hsiomVersion\000"
 2237      6D566572 
 2237      73696F6E 
 2237      00
 2238              	.LASF59:
 2239 0896 666C6173 		.ascii	"flashProgramDelay\000"
 2239      6850726F 
 2239      6772616D 
 2239      44656C61 
 2239      7900
 2240              	.LASF115:
 2241 08a8 6374726C 		.ascii	"ctrl\000"
 2241      00
 2242              	.LASF135:
 2243 08ad 72785269 		.ascii	"rxRingBufSize\000"
 2243      6E674275 
 2243      6653697A 
 2243      6500
 2244              	.LASF150:
 2245 08bb 6D697363 		.ascii	"miscConfig\000"
 2245      436F6E66 
 2245      696700
 2246              	.LASF67:
 2247 08c6 64774368 		.ascii	"dwChSize\000"
 2247      53697A65 
 2247      00
 2248              	.LASF103:
 2249 08cf 69706353 		.ascii	"ipcStructSize\000"
 2249      74727563 
 2249      7453697A 
 2249      6500
 2250              	.LASF42:
 2251 08dd 63707573 		.ascii	"cpussIpc0Irq\000"
 2251      73497063 
 2251      30497271 
 2251      00
 2252              	.LASF85:
 2253 08ea 6770696F 		.ascii	"gpioPrtCfgOffset\000"
 2253      50727443 
 2253      66674F66 
 2253      66736574 
 2253      00
 2254              	.LASF145:
 2255 08fb 696E6974 		.ascii	"initKey\000"
 2255      4B657900 
 2256              	.LASF138:
 2257 0903 72784275 		.ascii	"rxBuf\000"
 2257      6600
ARM GAS  C:\Users\Angel\AppData\Local\Temp\ccY6OPUT.s 			page 49


 2258              	.LASF146:
 2259 0909 63795F73 		.ascii	"cy_stc_scb_uart_context_t\000"
 2259      74635F73 
 2259      63625F75 
 2259      6172745F 
 2259      636F6E74 
 2260              	.LASF153:
 2261 0923 66756E63 		.ascii	"func_ptr\000"
 2261      5F707472 
 2261      00
 2262              	.LASF44:
 2263 092c 63707573 		.ascii	"cpussNotConnectedIrq\000"
 2263      734E6F74 
 2263      436F6E6E 
 2263      65637465 
 2263      64497271 
 2264              	.LASF58:
 2265 0941 666C6173 		.ascii	"flashWriteDelay\000"
 2265      68577269 
 2265      74654465 
 2265      6C617900 
 2266              	.LASF116:
 2267 0951 73616D70 		.ascii	"sampleCtrl\000"
 2267      6C654374 
 2267      726C00
 2268              	.LASF152:
 2269 095c 4144435F 		.ascii	"ADC_1_CONFIG_STRUCT\000"
 2269      315F434F 
 2269      4E464947 
 2269      5F535452 
 2269      55435400 
 2270              	.LASF172:
 2271 0970 73686F77 		.ascii	"show_help\000"
 2271      5F68656C 
 2271      7000
 2272              	.LASF91:
 2273 097a 63707573 		.ascii	"cpussCm4StatusOffset\000"
 2273      73436D34 
 2273      53746174 
 2273      75734F66 
 2273      66736574 
 2274              	.LASF84:
 2275 098f 6770696F 		.ascii	"gpioPrtIntrCfgOffset\000"
 2275      50727449 
 2275      6E747243 
 2275      66674F66 
 2275      66736574 
 2276              	.LASF113:
 2277 09a4 43595F53 		.ascii	"CY_SAR_RANGE_COND_OUTSIDE\000"
 2277      41525F52 
 2277      414E4745 
 2277      5F434F4E 
 2277      445F4F55 
 2278              	.LASF137:
 2279 09be 72785269 		.ascii	"rxRingBufTail\000"
 2279      6E674275 
 2279      66546169 
ARM GAS  C:\Users\Angel\AppData\Local\Temp\ccY6OPUT.s 			page 50


 2279      6C00
 2280              	.LASF120:
 2281 09cc 72616E67 		.ascii	"rangeCond\000"
 2281      65436F6E 
 2281      6400
 2282              	.LASF95:
 2283 09d6 63707573 		.ascii	"cpussTrimRomCtlOffset\000"
 2283      73547269 
 2283      6D526F6D 
 2283      43746C4F 
 2283      66667365 
 2284              	.LASF132:
 2285 09ec 74785374 		.ascii	"txStatus\000"
 2285      61747573 
 2285      00
 2286              	.LASF127:
 2287 09f5 6D757853 		.ascii	"muxSwitchSqCtrl\000"
 2287      77697463 
 2287      68537143 
 2287      74726C00 
 2288              	.LASF31:
 2289 0a05 64775665 		.ascii	"dwVersion\000"
 2289      7273696F 
 2289      6E00
 2290              	.LASF27:
 2291 0a0f 69706342 		.ascii	"ipcBase\000"
 2291      61736500 
 2292              	.LASF160:
 2293 0a17 6C697374 		.ascii	"list\000"
 2293      00
 2294              	.LASF78:
 2295 0a1c 70657269 		.ascii	"periDivCmdPaDivSelPos\000"
 2295      44697643 
 2295      6D645061 
 2295      44697653 
 2295      656C506F 
 2296              	.LASF154:
 2297 0a32 63795F73 		.ascii	"cy_stc_scb_uart_context\000"
 2297      74635F73 
 2297      63625F75 
 2297      6172745F 
 2297      636F6E74 
 2298              	.LASF56:
 2299 0a4a 666C6173 		.ascii	"flashRwwRequired\000"
 2299      68527777 
 2299      52657175 
 2299      69726564 
 2299      00
 2300              		.ident	"GCC: (GNU Tools for ARM Embedded Processors) 5.4.1 20160609 (release) [ARM/embedded-5-bran
