ARM GAS  C:\Users\Angel\AppData\Local\Temp\cchT2LBQ.s 			page 1


   1              		.syntax unified
   2              		.cpu cortex-m4
   3              		.eabi_attribute 27, 1
   4              		.fpu fpv4-sp-d16
   5              		.eabi_attribute 20, 1
   6              		.eabi_attribute 21, 1
   7              		.eabi_attribute 23, 3
   8              		.eabi_attribute 24, 1
   9              		.eabi_attribute 25, 1
  10              		.eabi_attribute 26, 1
  11              		.eabi_attribute 30, 1
  12              		.eabi_attribute 34, 1
  13              		.eabi_attribute 18, 4
  14              		.thumb
  15              		.syntax unified
  16              		.file	"func_list.c"
  17              		.text
  18              	.Ltext0:
  19              		.cfi_sections	.debug_frame
  20              		.section	.text.get_func,"ax",%progbits
  21              		.align	2
  22              		.global	get_func
  23              		.thumb
  24              		.thumb_func
  25              		.type	get_func, %function
  26              	get_func:
  27              	.LFB529:
  28              		.file 1 "sources\\func_list\\func_list.c"
   1:sources\func_list/func_list.c **** #include "project.h"
   2:sources\func_list/func_list.c **** #include "stdio.h"
   3:sources\func_list/func_list.c **** #include "string.h"
   4:sources\func_list/func_list.c **** #include "tty_utils.h"
   5:sources\func_list/func_list.c **** #include "func_list.h"
   6:sources\func_list/func_list.c **** 
   7:sources\func_list/func_list.c **** func_ptr get_func(f_list_type *list, char *str)
   8:sources\func_list/func_list.c **** {
  29              		.loc 1 8 0
  30              		.cfi_startproc
  31              		@ args = 0, pretend = 0, frame = 24
  32              		@ frame_needed = 0, uses_anonymous_args = 0
  33              	.LVL0:
  34 0000 70B5     		push	{r4, r5, r6, lr}
  35              		.cfi_def_cfa_offset 16
  36              		.cfi_offset 4, -16
  37              		.cfi_offset 5, -12
  38              		.cfi_offset 6, -8
  39              		.cfi_offset 14, -4
  40 0002 86B0     		sub	sp, sp, #24
  41              		.cfi_def_cfa_offset 40
  42 0004 0546     		mov	r5, r0
  43 0006 0846     		mov	r0, r1
  44              	.LVL1:
   9:sources\func_list/func_list.c ****     int      i ;
  10:sources\func_list/func_list.c ****     func_ptr ptr = 0 ;
  11:sources\func_list/func_list.c ****     char cmd[CMD_LENGTH+1] ;
  12:sources\func_list/func_list.c ****     
  13:sources\func_list/func_list.c ****     sscanf(str, "%s", cmd) ;
ARM GAS  C:\Users\Angel\AppData\Local\Temp\cchT2LBQ.s 			page 2


  45              		.loc 1 13 0
  46 0008 01AA     		add	r2, sp, #4
  47 000a 0A49     		ldr	r1, .L6
  48              	.LVL2:
  49 000c FFF7FEFF 		bl	sscanf
  50              	.LVL3:
  14:sources\func_list/func_list.c ****     for (i = 0 ; list[i].name ; i++ ) {
  51              		.loc 1 14 0
  52 0010 0024     		movs	r4, #0
  53 0012 04E0     		b	.L2
  54              	.LVL4:
  55              	.L4:
  15:sources\func_list/func_list.c ****         if (strcmp(list[i].name, cmd) == 0) {
  56              		.loc 1 15 0
  57 0014 01A9     		add	r1, sp, #4
  58 0016 FFF7FEFF 		bl	strcmp
  59              	.LVL5:
  60 001a 38B1     		cbz	r0, .L3
  14:sources\func_list/func_list.c ****     for (i = 0 ; list[i].name ; i++ ) {
  61              		.loc 1 14 0 discriminator 2
  62 001c 0134     		adds	r4, r4, #1
  63              	.LVL6:
  64              	.L2:
  14:sources\func_list/func_list.c ****     for (i = 0 ; list[i].name ; i++ ) {
  65              		.loc 1 14 0 is_stmt 0 discriminator 1
  66 001e 04EB4402 		add	r2, r4, r4, lsl #1
  67 0022 9300     		lsls	r3, r2, #2
  68 0024 EE18     		adds	r6, r5, r3
  69 0026 E858     		ldr	r0, [r5, r3]
  70 0028 0028     		cmp	r0, #0
  71 002a F3D1     		bne	.L4
  72              	.L3:
  73              	.LVL7:
  16:sources\func_list/func_list.c ****             break ;
  17:sources\func_list/func_list.c ****         }
  18:sources\func_list/func_list.c ****     }
  19:sources\func_list/func_list.c ****     ptr = list[i].func ;
  20:sources\func_list/func_list.c ****     
  21:sources\func_list/func_list.c ****     return( ptr ) ;
  22:sources\func_list/func_list.c **** }
  74              		.loc 1 22 0 is_stmt 1
  75 002c 7068     		ldr	r0, [r6, #4]
  76 002e 06B0     		add	sp, sp, #24
  77              		.cfi_def_cfa_offset 16
  78              		@ sp needed
  79 0030 70BD     		pop	{r4, r5, r6, pc}
  80              	.LVL8:
  81              	.L7:
  82 0032 00BF     		.align	2
  83              	.L6:
  84 0034 00000000 		.word	.LC0
  85              		.cfi_endproc
  86              	.LFE529:
  87              		.size	get_func, .-get_func
  88              		.section	.text.show_help,"ax",%progbits
  89              		.align	2
  90              		.global	show_help
ARM GAS  C:\Users\Angel\AppData\Local\Temp\cchT2LBQ.s 			page 3


  91              		.thumb
  92              		.thumb_func
  93              		.type	show_help, %function
  94              	show_help:
  95              	.LFB530:
  23:sources\func_list/func_list.c **** 
  24:sources\func_list/func_list.c **** void show_help(f_list_type *list)
  25:sources\func_list/func_list.c **** {
  96              		.loc 1 25 0
  97              		.cfi_startproc
  98              		@ args = 0, pretend = 0, frame = 0
  99              		@ frame_needed = 0, uses_anonymous_args = 0
 100              	.LVL9:
 101 0000 70B5     		push	{r4, r5, r6, lr}
 102              		.cfi_def_cfa_offset 16
 103              		.cfi_offset 4, -16
 104              		.cfi_offset 5, -12
 105              		.cfi_offset 6, -8
 106              		.cfi_offset 14, -4
 107 0002 0546     		mov	r5, r0
  26:sources\func_list/func_list.c ****     int i ;
  27:sources\func_list/func_list.c ****     
  28:sources\func_list/func_list.c ****     print("=== command ===\n\r") ;
 108              		.loc 1 28 0
 109 0004 0D48     		ldr	r0, .L12
 110              	.LVL10:
 111 0006 FFF7FEFF 		bl	print
 112              	.LVL11:
  29:sources\func_list/func_list.c ****     for (i = 0 ; list[i].name ; i++ ) {
 113              		.loc 1 29 0
 114 000a 0024     		movs	r4, #0
 115 000c 0BE0     		b	.L9
 116              	.LVL12:
 117              	.L10:
  30:sources\func_list/func_list.c ****         print(list[i].name) ;
 118              		.loc 1 30 0 discriminator 3
 119 000e FFF7FEFF 		bl	print
 120              	.LVL13:
  31:sources\func_list/func_list.c ****         print(" : ") ;
 121              		.loc 1 31 0 discriminator 3
 122 0012 0B48     		ldr	r0, .L12+4
 123 0014 FFF7FEFF 		bl	print
 124              	.LVL14:
  32:sources\func_list/func_list.c ****         print(list[i].description) ;
 125              		.loc 1 32 0 discriminator 3
 126 0018 B068     		ldr	r0, [r6, #8]
 127 001a FFF7FEFF 		bl	print
 128              	.LVL15:
  33:sources\func_list/func_list.c ****         print("\n\r") ;
 129              		.loc 1 33 0 discriminator 3
 130 001e 0948     		ldr	r0, .L12+8
 131 0020 FFF7FEFF 		bl	print
 132              	.LVL16:
  29:sources\func_list/func_list.c ****         print(list[i].name) ;
 133              		.loc 1 29 0 discriminator 3
 134 0024 0134     		adds	r4, r4, #1
 135              	.LVL17:
ARM GAS  C:\Users\Angel\AppData\Local\Temp\cchT2LBQ.s 			page 4


 136              	.L9:
  29:sources\func_list/func_list.c ****         print(list[i].name) ;
 137              		.loc 1 29 0 is_stmt 0 discriminator 1
 138 0026 04EB4402 		add	r2, r4, r4, lsl #1
 139 002a 9300     		lsls	r3, r2, #2
 140 002c EE18     		adds	r6, r5, r3
 141 002e E858     		ldr	r0, [r5, r3]
 142 0030 0028     		cmp	r0, #0
 143 0032 ECD1     		bne	.L10
  34:sources\func_list/func_list.c ****     }
  35:sources\func_list/func_list.c ****     print("===============\n\r") ;    
 144              		.loc 1 35 0 is_stmt 1
 145 0034 0448     		ldr	r0, .L12+12
 146 0036 FFF7FEFF 		bl	print
 147              	.LVL18:
 148 003a 70BD     		pop	{r4, r5, r6, pc}
 149              	.LVL19:
 150              	.L13:
 151              		.align	2
 152              	.L12:
 153 003c 04000000 		.word	.LC1
 154 0040 18000000 		.word	.LC2
 155 0044 1C000000 		.word	.LC3
 156 0048 20000000 		.word	.LC4
 157              		.cfi_endproc
 158              	.LFE530:
 159              		.size	show_help, .-show_help
 160              		.section	.rodata.str1.4,"aMS",%progbits,1
 161              		.align	2
 162              	.LC0:
 163 0000 257300   		.ascii	"%s\000"
 164 0003 00       		.space	1
 165              	.LC1:
 166 0004 3D3D3D20 		.ascii	"=== command ===\012\015\000"
 166      636F6D6D 
 166      616E6420 
 166      3D3D3D0A 
 166      0D00
 167 0016 0000     		.space	2
 168              	.LC2:
 169 0018 203A2000 		.ascii	" : \000"
 170              	.LC3:
 171 001c 0A0D00   		.ascii	"\012\015\000"
 172 001f 00       		.space	1
 173              	.LC4:
 174 0020 3D3D3D3D 		.ascii	"===============\012\015\000"
 174      3D3D3D3D 
 174      3D3D3D3D 
 174      3D3D3D0A 
 174      0D00
 175              		.text
 176              	.Letext0:
 177              		.file 2 "c:\\program files (x86)\\cypress\\psoc creator\\4.4\\psoc creator\\import\\gnu\\arm\\5.4.
 178              		.file 3 "c:\\program files (x86)\\cypress\\psoc creator\\4.4\\psoc creator\\import\\gnu\\arm\\5.4.
 179              		.file 4 "Generated_Source\\PSoC6\\pdl\\drivers/peripheral/device/cy_device.h"
 180              		.file 5 "Generated_Source\\PSoC6\\pdl\\drivers/peripheral/sar/cy_sar.h"
 181              		.file 6 "Generated_Source\\PSoC6\\pdl\\drivers/peripheral/scb/cy_scb_uart.h"
ARM GAS  C:\Users\Angel\AppData\Local\Temp\cchT2LBQ.s 			page 5


 182              		.file 7 "Generated_Source\\PSoC6/ADC_1.h"
 183              		.file 8 "sources\\func_list\\func_list.h"
 184              		.file 9 "Generated_Source\\PSoC6\\pdl\\cmsis/include/core_cm4.h"
 185              		.file 10 "Generated_Source\\PSoC6/UART.h"
 186              		.file 11 "c:\\program files (x86)\\cypress\\psoc creator\\4.4\\psoc creator\\import\\gnu\\arm\\5.4
 187              		.file 12 "c:\\program files (x86)\\cypress\\psoc creator\\4.4\\psoc creator\\import\\gnu\\arm\\5.4
 188              		.file 13 ".\\sources\\tty/tty_utils.h"
 189              		.section	.debug_info,"",%progbits
 190              	.Ldebug_info0:
 191 0000 A7090000 		.4byte	0x9a7
 192 0004 0400     		.2byte	0x4
 193 0006 00000000 		.4byte	.Ldebug_abbrev0
 194 000a 04       		.byte	0x4
 195 000b 01       		.uleb128 0x1
 196 000c 5E060000 		.4byte	.LASF171
 197 0010 0C       		.byte	0xc
 198 0011 40050000 		.4byte	.LASF172
 199 0015 8A050000 		.4byte	.LASF173
 200 0019 00000000 		.4byte	.Ldebug_ranges0+0
 201 001d 00000000 		.4byte	0
 202 0021 00000000 		.4byte	.Ldebug_line0
 203 0025 02       		.uleb128 0x2
 204 0026 02       		.byte	0x2
 205 0027 05       		.byte	0x5
 206 0028 C9070000 		.4byte	.LASF0
 207 002c 02       		.uleb128 0x2
 208 002d 01       		.byte	0x1
 209 002e 06       		.byte	0x6
 210 002f 98010000 		.4byte	.LASF1
 211 0033 03       		.uleb128 0x3
 212 0034 99000000 		.4byte	.LASF3
 213 0038 02       		.byte	0x2
 214 0039 1D       		.byte	0x1d
 215 003a 3E000000 		.4byte	0x3e
 216 003e 02       		.uleb128 0x2
 217 003f 01       		.byte	0x1
 218 0040 08       		.byte	0x8
 219 0041 9B070000 		.4byte	.LASF2
 220 0045 03       		.uleb128 0x3
 221 0046 2B030000 		.4byte	.LASF4
 222 004a 02       		.byte	0x2
 223 004b 29       		.byte	0x29
 224 004c 25000000 		.4byte	0x25
 225 0050 03       		.uleb128 0x3
 226 0051 A3080000 		.4byte	.LASF5
 227 0055 02       		.byte	0x2
 228 0056 2B       		.byte	0x2b
 229 0057 5B000000 		.4byte	0x5b
 230 005b 02       		.uleb128 0x2
 231 005c 02       		.byte	0x2
 232 005d 07       		.byte	0x7
 233 005e E3020000 		.4byte	.LASF6
 234 0062 03       		.uleb128 0x3
 235 0063 C1040000 		.4byte	.LASF7
 236 0067 02       		.byte	0x2
 237 0068 3F       		.byte	0x3f
 238 0069 6D000000 		.4byte	0x6d
ARM GAS  C:\Users\Angel\AppData\Local\Temp\cchT2LBQ.s 			page 6


 239 006d 02       		.uleb128 0x2
 240 006e 04       		.byte	0x4
 241 006f 05       		.byte	0x5
 242 0070 47020000 		.4byte	.LASF8
 243 0074 03       		.uleb128 0x3
 244 0075 04030000 		.4byte	.LASF9
 245 0079 02       		.byte	0x2
 246 007a 41       		.byte	0x41
 247 007b 7F000000 		.4byte	0x7f
 248 007f 02       		.uleb128 0x2
 249 0080 04       		.byte	0x4
 250 0081 07       		.byte	0x7
 251 0082 B9030000 		.4byte	.LASF10
 252 0086 02       		.uleb128 0x2
 253 0087 08       		.byte	0x8
 254 0088 05       		.byte	0x5
 255 0089 8A010000 		.4byte	.LASF11
 256 008d 02       		.uleb128 0x2
 257 008e 08       		.byte	0x8
 258 008f 07       		.byte	0x7
 259 0090 F4000000 		.4byte	.LASF12
 260 0094 04       		.uleb128 0x4
 261 0095 04       		.byte	0x4
 262 0096 05       		.byte	0x5
 263 0097 696E7400 		.ascii	"int\000"
 264 009b 02       		.uleb128 0x2
 265 009c 04       		.byte	0x4
 266 009d 07       		.byte	0x7
 267 009e 7D030000 		.4byte	.LASF13
 268 00a2 03       		.uleb128 0x3
 269 00a3 C1080000 		.4byte	.LASF14
 270 00a7 03       		.byte	0x3
 271 00a8 18       		.byte	0x18
 272 00a9 33000000 		.4byte	0x33
 273 00ad 03       		.uleb128 0x3
 274 00ae 6E010000 		.4byte	.LASF15
 275 00b2 03       		.byte	0x3
 276 00b3 20       		.byte	0x20
 277 00b4 45000000 		.4byte	0x45
 278 00b8 03       		.uleb128 0x3
 279 00b9 8A030000 		.4byte	.LASF16
 280 00bd 03       		.byte	0x3
 281 00be 24       		.byte	0x24
 282 00bf 50000000 		.4byte	0x50
 283 00c3 03       		.uleb128 0x3
 284 00c4 93070000 		.4byte	.LASF17
 285 00c8 03       		.byte	0x3
 286 00c9 2C       		.byte	0x2c
 287 00ca 62000000 		.4byte	0x62
 288 00ce 03       		.uleb128 0x3
 289 00cf 35080000 		.4byte	.LASF18
 290 00d3 03       		.byte	0x3
 291 00d4 30       		.byte	0x30
 292 00d5 74000000 		.4byte	0x74
 293 00d9 02       		.uleb128 0x2
 294 00da 04       		.byte	0x4
 295 00db 07       		.byte	0x7
ARM GAS  C:\Users\Angel\AppData\Local\Temp\cchT2LBQ.s 			page 7


 296 00dc 5E050000 		.4byte	.LASF19
 297 00e0 05       		.uleb128 0x5
 298 00e1 CE000000 		.4byte	0xce
 299 00e5 02       		.uleb128 0x2
 300 00e6 08       		.byte	0x8
 301 00e7 04       		.byte	0x4
 302 00e8 73080000 		.4byte	.LASF20
 303 00ec 06       		.uleb128 0x6
 304 00ed B8       		.byte	0xb8
 305 00ee 04       		.byte	0x4
 306 00ef 34       		.byte	0x34
 307 00f0 FD040000 		.4byte	0x4fd
 308 00f4 07       		.uleb128 0x7
 309 00f5 DB000000 		.4byte	.LASF21
 310 00f9 04       		.byte	0x4
 311 00fa 37       		.byte	0x37
 312 00fb CE000000 		.4byte	0xce
 313 00ff 00       		.byte	0
 314 0100 07       		.uleb128 0x7
 315 0101 FA070000 		.4byte	.LASF22
 316 0105 04       		.byte	0x4
 317 0106 38       		.byte	0x38
 318 0107 CE000000 		.4byte	0xce
 319 010b 04       		.byte	0x4
 320 010c 07       		.uleb128 0x7
 321 010d 72020000 		.4byte	.LASF23
 322 0111 04       		.byte	0x4
 323 0112 39       		.byte	0x39
 324 0113 CE000000 		.4byte	0xce
 325 0117 08       		.byte	0x8
 326 0118 07       		.uleb128 0x7
 327 0119 6C070000 		.4byte	.LASF24
 328 011d 04       		.byte	0x4
 329 011e 3A       		.byte	0x3a
 330 011f CE000000 		.4byte	0xce
 331 0123 0C       		.byte	0xc
 332 0124 07       		.uleb128 0x7
 333 0125 E7010000 		.4byte	.LASF25
 334 0129 04       		.byte	0x4
 335 012a 3B       		.byte	0x3b
 336 012b CE000000 		.4byte	0xce
 337 012f 10       		.byte	0x10
 338 0130 07       		.uleb128 0x7
 339 0131 1F020000 		.4byte	.LASF26
 340 0135 04       		.byte	0x4
 341 0136 3C       		.byte	0x3c
 342 0137 CE000000 		.4byte	0xce
 343 013b 14       		.byte	0x14
 344 013c 07       		.uleb128 0x7
 345 013d 10040000 		.4byte	.LASF27
 346 0141 04       		.byte	0x4
 347 0142 3D       		.byte	0x3d
 348 0143 CE000000 		.4byte	0xce
 349 0147 18       		.byte	0x18
 350 0148 07       		.uleb128 0x7
 351 0149 82000000 		.4byte	.LASF28
 352 014d 04       		.byte	0x4
ARM GAS  C:\Users\Angel\AppData\Local\Temp\cchT2LBQ.s 			page 8


 353 014e 3E       		.byte	0x3e
 354 014f CE000000 		.4byte	0xce
 355 0153 1C       		.byte	0x1c
 356 0154 07       		.uleb128 0x7
 357 0155 4F0A0000 		.4byte	.LASF29
 358 0159 04       		.byte	0x4
 359 015a 3F       		.byte	0x3f
 360 015b CE000000 		.4byte	0xce
 361 015f 20       		.byte	0x20
 362 0160 07       		.uleb128 0x7
 363 0161 38060000 		.4byte	.LASF30
 364 0165 04       		.byte	0x4
 365 0166 40       		.byte	0x40
 366 0167 CE000000 		.4byte	0xce
 367 016b 24       		.byte	0x24
 368 016c 07       		.uleb128 0x7
 369 016d 12050000 		.4byte	.LASF31
 370 0171 04       		.byte	0x4
 371 0172 43       		.byte	0x43
 372 0173 A2000000 		.4byte	0xa2
 373 0177 28       		.byte	0x28
 374 0178 07       		.uleb128 0x7
 375 0179 F6020000 		.4byte	.LASF32
 376 017d 04       		.byte	0x4
 377 017e 44       		.byte	0x44
 378 017f A2000000 		.4byte	0xa2
 379 0183 29       		.byte	0x29
 380 0184 07       		.uleb128 0x7
 381 0185 450A0000 		.4byte	.LASF33
 382 0189 04       		.byte	0x4
 383 018a 45       		.byte	0x45
 384 018b A2000000 		.4byte	0xa2
 385 018f 2A       		.byte	0x2a
 386 0190 07       		.uleb128 0x7
 387 0191 2A060000 		.4byte	.LASF34
 388 0195 04       		.byte	0x4
 389 0196 46       		.byte	0x46
 390 0197 A2000000 		.4byte	0xa2
 391 019b 2B       		.byte	0x2b
 392 019c 07       		.uleb128 0x7
 393 019d 7C040000 		.4byte	.LASF35
 394 01a1 04       		.byte	0x4
 395 01a2 47       		.byte	0x47
 396 01a3 A2000000 		.4byte	0xa2
 397 01a7 2C       		.byte	0x2c
 398 01a8 07       		.uleb128 0x7
 399 01a9 C9080000 		.4byte	.LASF36
 400 01ad 04       		.byte	0x4
 401 01ae 48       		.byte	0x48
 402 01af A2000000 		.4byte	0xa2
 403 01b3 2D       		.byte	0x2d
 404 01b4 07       		.uleb128 0x7
 405 01b5 F0010000 		.4byte	.LASF37
 406 01b9 04       		.byte	0x4
 407 01ba 49       		.byte	0x49
 408 01bb A2000000 		.4byte	0xa2
 409 01bf 2E       		.byte	0x2e
ARM GAS  C:\Users\Angel\AppData\Local\Temp\cchT2LBQ.s 			page 9


 410 01c0 07       		.uleb128 0x7
 411 01c1 1F050000 		.4byte	.LASF38
 412 01c5 04       		.byte	0x4
 413 01c6 4A       		.byte	0x4a
 414 01c7 A2000000 		.4byte	0xa2
 415 01cb 2F       		.byte	0x2f
 416 01cc 07       		.uleb128 0x7
 417 01cd 84080000 		.4byte	.LASF39
 418 01d1 04       		.byte	0x4
 419 01d2 4B       		.byte	0x4b
 420 01d3 A2000000 		.4byte	0xa2
 421 01d7 30       		.byte	0x30
 422 01d8 07       		.uleb128 0x7
 423 01d9 00040000 		.4byte	.LASF40
 424 01dd 04       		.byte	0x4
 425 01de 4E       		.byte	0x4e
 426 01df A2000000 		.4byte	0xa2
 427 01e3 31       		.byte	0x31
 428 01e4 07       		.uleb128 0x7
 429 01e5 8B000000 		.4byte	.LASF41
 430 01e9 04       		.byte	0x4
 431 01ea 4F       		.byte	0x4f
 432 01eb A2000000 		.4byte	0xa2
 433 01ef 32       		.byte	0x32
 434 01f0 07       		.uleb128 0x7
 435 01f1 71030000 		.4byte	.LASF42
 436 01f5 04       		.byte	0x4
 437 01f6 50       		.byte	0x50
 438 01f7 A2000000 		.4byte	0xa2
 439 01fb 33       		.byte	0x33
 440 01fc 07       		.uleb128 0x7
 441 01fd 79050000 		.4byte	.LASF43
 442 0201 04       		.byte	0x4
 443 0202 51       		.byte	0x51
 444 0203 A2000000 		.4byte	0xa2
 445 0207 34       		.byte	0x34
 446 0208 07       		.uleb128 0x7
 447 0209 1D090000 		.4byte	.LASF44
 448 020d 04       		.byte	0x4
 449 020e 52       		.byte	0x52
 450 020f AD000000 		.4byte	0xad
 451 0213 36       		.byte	0x36
 452 0214 07       		.uleb128 0x7
 453 0215 A4020000 		.4byte	.LASF45
 454 0219 04       		.byte	0x4
 455 021a 53       		.byte	0x53
 456 021b AD000000 		.4byte	0xad
 457 021f 38       		.byte	0x38
 458 0220 07       		.uleb128 0x7
 459 0221 6C090000 		.4byte	.LASF46
 460 0225 04       		.byte	0x4
 461 0226 54       		.byte	0x54
 462 0227 AD000000 		.4byte	0xad
 463 022b 3A       		.byte	0x3a
 464 022c 07       		.uleb128 0x7
 465 022d 10020000 		.4byte	.LASF47
 466 0231 04       		.byte	0x4
ARM GAS  C:\Users\Angel\AppData\Local\Temp\cchT2LBQ.s 			page 10


 467 0232 55       		.byte	0x55
 468 0233 A2000000 		.4byte	0xa2
 469 0237 3C       		.byte	0x3c
 470 0238 07       		.uleb128 0x7
 471 0239 CB020000 		.4byte	.LASF48
 472 023d 04       		.byte	0x4
 473 023e 56       		.byte	0x56
 474 023f A2000000 		.4byte	0xa2
 475 0243 3D       		.byte	0x3d
 476 0244 07       		.uleb128 0x7
 477 0245 05080000 		.4byte	.LASF49
 478 0249 04       		.byte	0x4
 479 024a 57       		.byte	0x57
 480 024b A2000000 		.4byte	0xa2
 481 024f 3E       		.byte	0x3e
 482 0250 07       		.uleb128 0x7
 483 0251 76000000 		.4byte	.LASF50
 484 0255 04       		.byte	0x4
 485 0256 58       		.byte	0x58
 486 0257 A2000000 		.4byte	0xa2
 487 025b 3F       		.byte	0x3f
 488 025c 07       		.uleb128 0x7
 489 025d 43060000 		.4byte	.LASF51
 490 0261 04       		.byte	0x4
 491 0262 59       		.byte	0x59
 492 0263 A2000000 		.4byte	0xa2
 493 0267 40       		.byte	0x40
 494 0268 07       		.uleb128 0x7
 495 0269 0F030000 		.4byte	.LASF52
 496 026d 04       		.byte	0x4
 497 026e 5A       		.byte	0x5a
 498 026f A2000000 		.4byte	0xa2
 499 0273 41       		.byte	0x41
 500 0274 07       		.uleb128 0x7
 501 0275 CB040000 		.4byte	.LASF53
 502 0279 04       		.byte	0x4
 503 027a 5B       		.byte	0x5b
 504 027b A2000000 		.4byte	0xa2
 505 027f 42       		.byte	0x42
 506 0280 07       		.uleb128 0x7
 507 0281 16060000 		.4byte	.LASF54
 508 0285 04       		.byte	0x4
 509 0286 5C       		.byte	0x5c
 510 0287 A2000000 		.4byte	0xa2
 511 028b 43       		.byte	0x43
 512 028c 07       		.uleb128 0x7
 513 028d 7B020000 		.4byte	.LASF55
 514 0291 04       		.byte	0x4
 515 0292 5D       		.byte	0x5d
 516 0293 A2000000 		.4byte	0xa2
 517 0297 44       		.byte	0x44
 518 0298 07       		.uleb128 0x7
 519 0299 0C000000 		.4byte	.LASF56
 520 029d 04       		.byte	0x4
 521 029e 5E       		.byte	0x5e
 522 029f CE000000 		.4byte	0xce
 523 02a3 48       		.byte	0x48
ARM GAS  C:\Users\Angel\AppData\Local\Temp\cchT2LBQ.s 			page 11


 524 02a4 07       		.uleb128 0x7
 525 02a5 64020000 		.4byte	.LASF57
 526 02a9 04       		.byte	0x4
 527 02aa 5F       		.byte	0x5f
 528 02ab CE000000 		.4byte	0xce
 529 02af 4C       		.byte	0x4c
 530 02b0 07       		.uleb128 0x7
 531 02b1 8A0A0000 		.4byte	.LASF58
 532 02b5 04       		.byte	0x4
 533 02b6 60       		.byte	0x60
 534 02b7 A2000000 		.4byte	0xa2
 535 02bb 50       		.byte	0x50
 536 02bc 07       		.uleb128 0x7
 537 02bd 48010000 		.4byte	.LASF59
 538 02c1 04       		.byte	0x4
 539 02c2 61       		.byte	0x61
 540 02c3 A2000000 		.4byte	0xa2
 541 02c7 51       		.byte	0x51
 542 02c8 07       		.uleb128 0x7
 543 02c9 81090000 		.4byte	.LASF60
 544 02cd 04       		.byte	0x4
 545 02ce 62       		.byte	0x62
 546 02cf A2000000 		.4byte	0xa2
 547 02d3 52       		.byte	0x52
 548 02d4 07       		.uleb128 0x7
 549 02d5 D6080000 		.4byte	.LASF61
 550 02d9 04       		.byte	0x4
 551 02da 63       		.byte	0x63
 552 02db A2000000 		.4byte	0xa2
 553 02df 53       		.byte	0x53
 554 02e0 07       		.uleb128 0x7
 555 02e1 13080000 		.4byte	.LASF62
 556 02e5 04       		.byte	0x4
 557 02e6 64       		.byte	0x64
 558 02e7 A2000000 		.4byte	0xa2
 559 02eb 54       		.byte	0x54
 560 02ec 07       		.uleb128 0x7
 561 02ed 5A010000 		.4byte	.LASF63
 562 02f1 04       		.byte	0x4
 563 02f2 65       		.byte	0x65
 564 02f3 A2000000 		.4byte	0xa2
 565 02f7 55       		.byte	0x55
 566 02f8 07       		.uleb128 0x7
 567 02f9 A5030000 		.4byte	.LASF64
 568 02fd 04       		.byte	0x4
 569 02fe 66       		.byte	0x66
 570 02ff A2000000 		.4byte	0xa2
 571 0303 56       		.byte	0x56
 572 0304 07       		.uleb128 0x7
 573 0305 19040000 		.4byte	.LASF65
 574 0309 04       		.byte	0x4
 575 030a 67       		.byte	0x67
 576 030b A2000000 		.4byte	0xa2
 577 030f 57       		.byte	0x57
 578 0310 07       		.uleb128 0x7
 579 0311 3B000000 		.4byte	.LASF66
 580 0315 04       		.byte	0x4
ARM GAS  C:\Users\Angel\AppData\Local\Temp\cchT2LBQ.s 			page 12


 581 0316 68       		.byte	0x68
 582 0317 A2000000 		.4byte	0xa2
 583 031b 58       		.byte	0x58
 584 031c 07       		.uleb128 0x7
 585 031d B5070000 		.4byte	.LASF67
 586 0321 04       		.byte	0x4
 587 0322 69       		.byte	0x69
 588 0323 A2000000 		.4byte	0xa2
 589 0327 59       		.byte	0x59
 590 0328 07       		.uleb128 0x7
 591 0329 67050000 		.4byte	.LASF68
 592 032d 04       		.byte	0x4
 593 032e 6E       		.byte	0x6e
 594 032f B8000000 		.4byte	0xb8
 595 0333 5A       		.byte	0x5a
 596 0334 07       		.uleb128 0x7
 597 0335 06090000 		.4byte	.LASF69
 598 0339 04       		.byte	0x4
 599 033a 6F       		.byte	0x6f
 600 033b B8000000 		.4byte	0xb8
 601 033f 5C       		.byte	0x5c
 602 0340 07       		.uleb128 0x7
 603 0341 E5000000 		.4byte	.LASF70
 604 0345 04       		.byte	0x4
 605 0346 70       		.byte	0x70
 606 0347 A2000000 		.4byte	0xa2
 607 034b 5E       		.byte	0x5e
 608 034c 07       		.uleb128 0x7
 609 034d 3E070000 		.4byte	.LASF71
 610 0351 04       		.byte	0x4
 611 0352 71       		.byte	0x71
 612 0353 A2000000 		.4byte	0xa2
 613 0357 5F       		.byte	0x5f
 614 0358 07       		.uleb128 0x7
 615 0359 05060000 		.4byte	.LASF72
 616 035d 04       		.byte	0x4
 617 035e 72       		.byte	0x72
 618 035f A2000000 		.4byte	0xa2
 619 0363 60       		.byte	0x60
 620 0364 07       		.uleb128 0x7
 621 0365 17070000 		.4byte	.LASF73
 622 0369 04       		.byte	0x4
 623 036a 73       		.byte	0x73
 624 036b CE000000 		.4byte	0xce
 625 036f 64       		.byte	0x64
 626 0370 07       		.uleb128 0x7
 627 0371 0B010000 		.4byte	.LASF74
 628 0375 04       		.byte	0x4
 629 0376 76       		.byte	0x76
 630 0377 B8000000 		.4byte	0xb8
 631 037b 68       		.byte	0x68
 632 037c 07       		.uleb128 0x7
 633 037d 93030000 		.4byte	.LASF75
 634 0381 04       		.byte	0x4
 635 0382 77       		.byte	0x77
 636 0383 B8000000 		.4byte	0xb8
 637 0387 6A       		.byte	0x6a
ARM GAS  C:\Users\Angel\AppData\Local\Temp\cchT2LBQ.s 			page 13


 638 0388 07       		.uleb128 0x7
 639 0389 2D040000 		.4byte	.LASF76
 640 038d 04       		.byte	0x4
 641 038e 78       		.byte	0x78
 642 038f B8000000 		.4byte	0xb8
 643 0393 6C       		.byte	0x6c
 644 0394 07       		.uleb128 0x7
 645 0395 6F040000 		.4byte	.LASF77
 646 0399 04       		.byte	0x4
 647 039a 79       		.byte	0x79
 648 039b B8000000 		.4byte	0xb8
 649 039f 6E       		.byte	0x6e
 650 03a0 07       		.uleb128 0x7
 651 03a1 E6070000 		.4byte	.LASF78
 652 03a5 04       		.byte	0x4
 653 03a6 7B       		.byte	0x7b
 654 03a7 A2000000 		.4byte	0xa2
 655 03ab 70       		.byte	0x70
 656 03ac 07       		.uleb128 0x7
 657 03ad A4010000 		.4byte	.LASF79
 658 03b1 04       		.byte	0x4
 659 03b2 7C       		.byte	0x7c
 660 03b3 A2000000 		.4byte	0xa2
 661 03b7 71       		.byte	0x71
 662 03b8 07       		.uleb128 0x7
 663 03b9 5C0A0000 		.4byte	.LASF80
 664 03bd 04       		.byte	0x4
 665 03be 7D       		.byte	0x7d
 666 03bf A2000000 		.4byte	0xa2
 667 03c3 72       		.byte	0x72
 668 03c4 07       		.uleb128 0x7
 669 03c5 D2050000 		.4byte	.LASF81
 670 03c9 04       		.byte	0x4
 671 03ca 7E       		.byte	0x7e
 672 03cb A2000000 		.4byte	0xa2
 673 03cf 73       		.byte	0x73
 674 03d0 07       		.uleb128 0x7
 675 03d1 23080000 		.4byte	.LASF82
 676 03d5 04       		.byte	0x4
 677 03d6 80       		.byte	0x80
 678 03d7 B8000000 		.4byte	0xb8
 679 03db 74       		.byte	0x74
 680 03dc 07       		.uleb128 0x7
 681 03dd AE080000 		.4byte	.LASF83
 682 03e1 04       		.byte	0x4
 683 03e2 81       		.byte	0x81
 684 03e3 B8000000 		.4byte	0xb8
 685 03e7 76       		.byte	0x76
 686 03e8 07       		.uleb128 0x7
 687 03e9 B6020000 		.4byte	.LASF84
 688 03ed 04       		.byte	0x4
 689 03ee 82       		.byte	0x82
 690 03ef B8000000 		.4byte	0xb8
 691 03f3 78       		.byte	0x78
 692 03f4 07       		.uleb128 0x7
 693 03f5 AF000000 		.4byte	.LASF85
 694 03f9 04       		.byte	0x4
ARM GAS  C:\Users\Angel\AppData\Local\Temp\cchT2LBQ.s 			page 14


 695 03fa 83       		.byte	0x83
 696 03fb B8000000 		.4byte	0xb8
 697 03ff 7A       		.byte	0x7a
 698 0400 07       		.uleb128 0x7
 699 0401 CF090000 		.4byte	.LASF86
 700 0405 04       		.byte	0x4
 701 0406 86       		.byte	0x86
 702 0407 A2000000 		.4byte	0xa2
 703 040b 7C       		.byte	0x7c
 704 040c 07       		.uleb128 0x7
 705 040d 2A090000 		.4byte	.LASF87
 706 0411 04       		.byte	0x4
 707 0412 87       		.byte	0x87
 708 0413 A2000000 		.4byte	0xa2
 709 0417 7D       		.byte	0x7d
 710 0418 07       		.uleb128 0x7
 711 0419 4F000000 		.4byte	.LASF88
 712 041d 04       		.byte	0x4
 713 041e 88       		.byte	0x88
 714 041f A2000000 		.4byte	0xa2
 715 0423 7E       		.byte	0x7e
 716 0424 07       		.uleb128 0x7
 717 0425 50020000 		.4byte	.LASF89
 718 0429 04       		.byte	0x4
 719 042a 89       		.byte	0x89
 720 042b A2000000 		.4byte	0xa2
 721 042f 7F       		.byte	0x7f
 722 0430 07       		.uleb128 0x7
 723 0431 5D030000 		.4byte	.LASF90
 724 0435 04       		.byte	0x4
 725 0436 8A       		.byte	0x8a
 726 0437 A2000000 		.4byte	0xa2
 727 043b 80       		.byte	0x80
 728 043c 07       		.uleb128 0x7
 729 043d FB040000 		.4byte	.LASF91
 730 0441 04       		.byte	0x4
 731 0442 8D       		.byte	0x8d
 732 0443 CE000000 		.4byte	0xce
 733 0447 84       		.byte	0x84
 734 0448 07       		.uleb128 0x7
 735 0449 C4000000 		.4byte	.LASF92
 736 044d 04       		.byte	0x4
 737 044e 8E       		.byte	0x8e
 738 044f CE000000 		.4byte	0xce
 739 0453 88       		.byte	0x88
 740 0454 07       		.uleb128 0x7
 741 0455 BA090000 		.4byte	.LASF93
 742 0459 04       		.byte	0x4
 743 045a 8F       		.byte	0x8f
 744 045b CE000000 		.4byte	0xce
 745 045f 8C       		.byte	0x8c
 746 0460 07       		.uleb128 0x7
 747 0461 2B050000 		.4byte	.LASF94
 748 0465 04       		.byte	0x4
 749 0466 90       		.byte	0x90
 750 0467 CE000000 		.4byte	0xce
 751 046b 90       		.byte	0x90
ARM GAS  C:\Users\Angel\AppData\Local\Temp\cchT2LBQ.s 			page 15


 752 046c 07       		.uleb128 0x7
 753 046d 3E030000 		.4byte	.LASF95
 754 0471 04       		.byte	0x4
 755 0472 91       		.byte	0x91
 756 0473 CE000000 		.4byte	0xce
 757 0477 94       		.byte	0x94
 758 0478 07       		.uleb128 0x7
 759 0479 E5040000 		.4byte	.LASF96
 760 047d 04       		.byte	0x4
 761 047e 92       		.byte	0x92
 762 047f CE000000 		.4byte	0xce
 763 0483 98       		.byte	0x98
 764 0484 07       		.uleb128 0x7
 765 0485 160A0000 		.4byte	.LASF97
 766 0489 04       		.byte	0x4
 767 048a 93       		.byte	0x93
 768 048b CE000000 		.4byte	0xce
 769 048f 9C       		.byte	0x9c
 770 0490 07       		.uleb128 0x7
 771 0491 25010000 		.4byte	.LASF98
 772 0495 04       		.byte	0x4
 773 0496 94       		.byte	0x94
 774 0497 CE000000 		.4byte	0xce
 775 049b A0       		.byte	0xa0
 776 049c 07       		.uleb128 0x7
 777 049d FB010000 		.4byte	.LASF99
 778 04a1 04       		.byte	0x4
 779 04a2 95       		.byte	0x95
 780 04a3 B8000000 		.4byte	0xb8
 781 04a7 A4       		.byte	0xa4
 782 04a8 07       		.uleb128 0x7
 783 04a9 52080000 		.4byte	.LASF100
 784 04ad 04       		.byte	0x4
 785 04ae 96       		.byte	0x96
 786 04af B8000000 		.4byte	0xb8
 787 04b3 A6       		.byte	0xa6
 788 04b4 07       		.uleb128 0x7
 789 04b5 32070000 		.4byte	.LASF101
 790 04b9 04       		.byte	0x4
 791 04ba 97       		.byte	0x97
 792 04bb B8000000 		.4byte	0xb8
 793 04bf A8       		.byte	0xa8
 794 04c0 07       		.uleb128 0x7
 795 04c1 95080000 		.4byte	.LASF102
 796 04c5 04       		.byte	0x4
 797 04c6 98       		.byte	0x98
 798 04c7 B8000000 		.4byte	0xb8
 799 04cb AA       		.byte	0xaa
 800 04cc 07       		.uleb128 0x7
 801 04cd 3C040000 		.4byte	.LASF103
 802 04d1 04       		.byte	0x4
 803 04d2 99       		.byte	0x99
 804 04d3 B8000000 		.4byte	0xb8
 805 04d7 AC       		.byte	0xac
 806 04d8 07       		.uleb128 0x7
 807 04d9 E9050000 		.4byte	.LASF104
 808 04dd 04       		.byte	0x4
ARM GAS  C:\Users\Angel\AppData\Local\Temp\cchT2LBQ.s 			page 16


 809 04de 9A       		.byte	0x9a
 810 04df B8000000 		.4byte	0xb8
 811 04e3 AE       		.byte	0xae
 812 04e4 07       		.uleb128 0x7
 813 04e5 0F090000 		.4byte	.LASF105
 814 04e9 04       		.byte	0x4
 815 04ea 9D       		.byte	0x9d
 816 04eb B8000000 		.4byte	0xb8
 817 04ef B0       		.byte	0xb0
 818 04f0 07       		.uleb128 0x7
 819 04f1 62000000 		.4byte	.LASF106
 820 04f5 04       		.byte	0x4
 821 04f6 9E       		.byte	0x9e
 822 04f7 CE000000 		.4byte	0xce
 823 04fb B4       		.byte	0xb4
 824 04fc 00       		.byte	0
 825 04fd 03       		.uleb128 0x3
 826 04fe 9A040000 		.4byte	.LASF107
 827 0502 04       		.byte	0x4
 828 0503 9F       		.byte	0x9f
 829 0504 EC000000 		.4byte	0xec
 830 0508 08       		.uleb128 0x8
 831 0509 04       		.byte	0x4
 832 050a 0E050000 		.4byte	0x50e
 833 050e 09       		.uleb128 0x9
 834 050f 02       		.uleb128 0x2
 835 0510 01       		.byte	0x1
 836 0511 08       		.byte	0x8
 837 0512 7F080000 		.4byte	.LASF108
 838 0516 02       		.uleb128 0x2
 839 0517 04       		.byte	0x4
 840 0518 04       		.byte	0x4
 841 0519 11070000 		.4byte	.LASF109
 842 051d 02       		.uleb128 0x2
 843 051e 08       		.byte	0x8
 844 051f 04       		.byte	0x4
 845 0520 AF020000 		.4byte	.LASF110
 846 0524 0A       		.uleb128 0xa
 847 0525 04       		.byte	0x4
 848 0526 02       		.uleb128 0x2
 849 0527 01       		.byte	0x1
 850 0528 02       		.byte	0x2
 851 0529 8D070000 		.4byte	.LASF111
 852 052d 0B       		.uleb128 0xb
 853 052e 01       		.byte	0x1
 854 052f 3E000000 		.4byte	0x3e
 855 0533 05       		.byte	0x5
 856 0534 1304     		.2byte	0x413
 857 0536 53050000 		.4byte	0x553
 858 053a 0C       		.uleb128 0xc
 859 053b 29020000 		.4byte	.LASF112
 860 053f 00       		.byte	0
 861 0540 0C       		.uleb128 0xc
 862 0541 74070000 		.4byte	.LASF113
 863 0545 01       		.byte	0x1
 864 0546 0C       		.uleb128 0xc
 865 0547 8C020000 		.4byte	.LASF114
ARM GAS  C:\Users\Angel\AppData\Local\Temp\cchT2LBQ.s 			page 17


 866 054b 02       		.byte	0x2
 867 054c 0C       		.uleb128 0xc
 868 054d E4090000 		.4byte	.LASF115
 869 0551 03       		.byte	0x3
 870 0552 00       		.byte	0
 871 0553 0D       		.uleb128 0xd
 872 0554 B9010000 		.4byte	.LASF116
 873 0558 05       		.byte	0x5
 874 0559 1804     		.2byte	0x418
 875 055b 2D050000 		.4byte	0x52d
 876 055f 0E       		.uleb128 0xe
 877 0560 78       		.byte	0x78
 878 0561 05       		.byte	0x5
 879 0562 0205     		.2byte	0x502
 880 0564 2C060000 		.4byte	0x62c
 881 0568 0F       		.uleb128 0xf
 882 0569 E8080000 		.4byte	.LASF117
 883 056d 05       		.byte	0x5
 884 056e 0405     		.2byte	0x504
 885 0570 CE000000 		.4byte	0xce
 886 0574 00       		.byte	0
 887 0575 0F       		.uleb128 0xf
 888 0576 91090000 		.4byte	.LASF118
 889 057a 05       		.byte	0x5
 890 057b 0505     		.2byte	0x505
 891 057d CE000000 		.4byte	0xce
 892 0581 04       		.byte	0x4
 893 0582 0F       		.uleb128 0xf
 894 0583 D6020000 		.4byte	.LASF119
 895 0587 05       		.byte	0x5
 896 0588 0605     		.2byte	0x506
 897 058a CE000000 		.4byte	0xce
 898 058e 08       		.byte	0x8
 899 058f 0F       		.uleb128 0xf
 900 0590 C5050000 		.4byte	.LASF120
 901 0594 05       		.byte	0x5
 902 0595 0705     		.2byte	0x507
 903 0597 CE000000 		.4byte	0xce
 904 059b 0C       		.byte	0xc
 905 059c 0F       		.uleb128 0xf
 906 059d 5B040000 		.4byte	.LASF121
 907 05a1 05       		.byte	0x5
 908 05a2 0805     		.2byte	0x508
 909 05a4 CE000000 		.4byte	0xce
 910 05a8 10       		.byte	0x10
 911 05a9 0F       		.uleb128 0xf
 912 05aa 0C0A0000 		.4byte	.LASF122
 913 05ae 05       		.byte	0x5
 914 05af 0905     		.2byte	0x509
 915 05b1 53050000 		.4byte	0x553
 916 05b5 14       		.byte	0x14
 917 05b6 0F       		.uleb128 0xf
 918 05b7 65070000 		.4byte	.LASF123
 919 05bb 05       		.byte	0x5
 920 05bc 0A05     		.2byte	0x50a
 921 05be CE000000 		.4byte	0xce
 922 05c2 18       		.byte	0x18
ARM GAS  C:\Users\Angel\AppData\Local\Temp\cchT2LBQ.s 			page 18


 923 05c3 0F       		.uleb128 0xf
 924 05c4 AA040000 		.4byte	.LASF124
 925 05c8 05       		.byte	0x5
 926 05c9 0B05     		.2byte	0x50b
 927 05cb 2C060000 		.4byte	0x62c
 928 05cf 1C       		.byte	0x1c
 929 05d0 0F       		.uleb128 0xf
 930 05d1 DD070000 		.4byte	.LASF125
 931 05d5 05       		.byte	0x5
 932 05d6 0C05     		.2byte	0x50c
 933 05d8 CE000000 		.4byte	0xce
 934 05dc 5C       		.byte	0x5c
 935 05dd 0F       		.uleb128 0xf
 936 05de A3000000 		.4byte	.LASF126
 937 05e2 05       		.byte	0x5
 938 05e3 0D05     		.2byte	0x50d
 939 05e5 CE000000 		.4byte	0xce
 940 05e9 60       		.byte	0x60
 941 05ea 0F       		.uleb128 0xf
 942 05eb 50060000 		.4byte	.LASF127
 943 05ef 05       		.byte	0x5
 944 05f0 0E05     		.2byte	0x50e
 945 05f2 CE000000 		.4byte	0xce
 946 05f6 64       		.byte	0x64
 947 05f7 0F       		.uleb128 0xf
 948 05f8 D3070000 		.4byte	.LASF128
 949 05fc 05       		.byte	0x5
 950 05fd 0F05     		.2byte	0x50f
 951 05ff CE000000 		.4byte	0xce
 952 0603 68       		.byte	0x68
 953 0604 0F       		.uleb128 0xf
 954 0605 350A0000 		.4byte	.LASF129
 955 0609 05       		.byte	0x5
 956 060a 1005     		.2byte	0x510
 957 060c CE000000 		.4byte	0xce
 958 0610 6C       		.byte	0x6c
 959 0611 0F       		.uleb128 0xf
 960 0612 F7050000 		.4byte	.LASF130
 961 0616 05       		.byte	0x5
 962 0617 1105     		.2byte	0x511
 963 0619 26050000 		.4byte	0x526
 964 061d 70       		.byte	0x70
 965 061e 0F       		.uleb128 0xf
 966 061f 67080000 		.4byte	.LASF131
 967 0623 05       		.byte	0x5
 968 0624 1205     		.2byte	0x512
 969 0626 CE000000 		.4byte	0xce
 970 062a 74       		.byte	0x74
 971 062b 00       		.byte	0
 972 062c 10       		.uleb128 0x10
 973 062d CE000000 		.4byte	0xce
 974 0631 3C060000 		.4byte	0x63c
 975 0635 11       		.uleb128 0x11
 976 0636 D9000000 		.4byte	0xd9
 977 063a 0F       		.byte	0xf
 978 063b 00       		.byte	0
 979 063c 0D       		.uleb128 0xd
ARM GAS  C:\Users\Angel\AppData\Local\Temp\cchT2LBQ.s 			page 19


 980 063d 76010000 		.4byte	.LASF132
 981 0641 05       		.byte	0x5
 982 0642 1305     		.2byte	0x513
 983 0644 5F050000 		.4byte	0x55f
 984 0648 08       		.uleb128 0x8
 985 0649 04       		.byte	0x4
 986 064a 4E060000 		.4byte	0x64e
 987 064e 12       		.uleb128 0x12
 988 064f 59060000 		.4byte	0x659
 989 0653 13       		.uleb128 0x13
 990 0654 CE000000 		.4byte	0xce
 991 0658 00       		.byte	0
 992 0659 0D       		.uleb128 0xd
 993 065a D4030000 		.4byte	.LASF133
 994 065e 06       		.byte	0x6
 995 065f D901     		.2byte	0x1d9
 996 0661 48060000 		.4byte	0x648
 997 0665 14       		.uleb128 0x14
 998 0666 720A0000 		.4byte	.LASF156
 999 066a 38       		.byte	0x38
 1000 066b 06       		.byte	0x6
 1001 066c 7502     		.2byte	0x275
 1002 066e 29070000 		.4byte	0x729
 1003 0672 0F       		.uleb128 0xf
 1004 0673 2C0A0000 		.4byte	.LASF134
 1005 0677 06       		.byte	0x6
 1006 0678 7802     		.2byte	0x278
 1007 067a E0000000 		.4byte	0xe0
 1008 067e 00       		.byte	0
 1009 067f 0F       		.uleb128 0xf
 1010 0680 21060000 		.4byte	.LASF135
 1011 0684 06       		.byte	0x6
 1012 0685 7902     		.2byte	0x279
 1013 0687 E0000000 		.4byte	0xe0
 1014 068b 04       		.byte	0x4
 1015 068c 0F       		.uleb128 0xf
 1016 068d 1B010000 		.4byte	.LASF136
 1017 0691 06       		.byte	0x6
 1018 0692 7B02     		.2byte	0x27b
 1019 0694 24050000 		.4byte	0x524
 1020 0698 08       		.byte	0x8
 1021 0699 0F       		.uleb128 0xf
 1022 069a ED080000 		.4byte	.LASF137
 1023 069e 06       		.byte	0x6
 1024 069f 7C02     		.2byte	0x27c
 1025 06a1 CE000000 		.4byte	0xce
 1026 06a5 0C       		.byte	0xc
 1027 06a6 0F       		.uleb128 0xf
 1028 06a7 D7040000 		.4byte	.LASF138
 1029 06ab 06       		.byte	0x6
 1030 06ac 7D02     		.2byte	0x27d
 1031 06ae E0000000 		.4byte	0xe0
 1032 06b2 10       		.byte	0x10
 1033 06b3 0F       		.uleb128 0xf
 1034 06b4 FE090000 		.4byte	.LASF139
 1035 06b8 06       		.byte	0x6
 1036 06b9 7E02     		.2byte	0x27e
ARM GAS  C:\Users\Angel\AppData\Local\Temp\cchT2LBQ.s 			page 20


 1037 06bb E0000000 		.4byte	0xe0
 1038 06bf 14       		.byte	0x14
 1039 06c0 0F       		.uleb128 0xf
 1040 06c1 43090000 		.4byte	.LASF140
 1041 06c5 06       		.byte	0x6
 1042 06c6 8002     		.2byte	0x280
 1043 06c8 24050000 		.4byte	0x524
 1044 06cc 18       		.byte	0x18
 1045 06cd 0F       		.uleb128 0xf
 1046 06ce 1E000000 		.4byte	.LASF141
 1047 06d2 06       		.byte	0x6
 1048 06d3 8102     		.2byte	0x281
 1049 06d5 CE000000 		.4byte	0xce
 1050 06d9 1C       		.byte	0x1c
 1051 06da 0F       		.uleb128 0xf
 1052 06db 35030000 		.4byte	.LASF142
 1053 06df 06       		.byte	0x6
 1054 06e0 8202     		.2byte	0x282
 1055 06e2 E0000000 		.4byte	0xe0
 1056 06e6 20       		.byte	0x20
 1057 06e7 0F       		.uleb128 0xf
 1058 06e8 88040000 		.4byte	.LASF143
 1059 06ec 06       		.byte	0x6
 1060 06ed 8402     		.2byte	0x284
 1061 06ef 24050000 		.4byte	0x524
 1062 06f3 24       		.byte	0x24
 1063 06f4 0F       		.uleb128 0xf
 1064 06f5 53030000 		.4byte	.LASF144
 1065 06f9 06       		.byte	0x6
 1066 06fa 8502     		.2byte	0x285
 1067 06fc CE000000 		.4byte	0xce
 1068 0700 28       		.byte	0x28
 1069 0701 0F       		.uleb128 0xf
 1070 0702 54070000 		.4byte	.LASF145
 1071 0706 06       		.byte	0x6
 1072 0707 8602     		.2byte	0x286
 1073 0709 E0000000 		.4byte	0xe0
 1074 070d 2C       		.byte	0x2c
 1075 070e 0F       		.uleb128 0xf
 1076 070f 66040000 		.4byte	.LASF146
 1077 0713 06       		.byte	0x6
 1078 0714 8B02     		.2byte	0x28b
 1079 0716 59060000 		.4byte	0x659
 1080 071a 30       		.byte	0x30
 1081 071b 0F       		.uleb128 0xf
 1082 071c 3B090000 		.4byte	.LASF147
 1083 0720 06       		.byte	0x6
 1084 0721 8E02     		.2byte	0x28e
 1085 0723 CE000000 		.4byte	0xce
 1086 0727 34       		.byte	0x34
 1087 0728 00       		.byte	0
 1088 0729 0D       		.uleb128 0xd
 1089 072a 49090000 		.4byte	.LASF148
 1090 072e 06       		.byte	0x6
 1091 072f 9102     		.2byte	0x291
 1092 0731 65060000 		.4byte	0x665
 1093 0735 06       		.uleb128 0x6
ARM GAS  C:\Users\Angel\AppData\Local\Temp\cchT2LBQ.s 			page 21


 1094 0736 14       		.byte	0x14
 1095 0737 07       		.byte	0x7
 1096 0738 3B       		.byte	0x3b
 1097 0739 7A070000 		.4byte	0x77a
 1098 073d 07       		.uleb128 0x7
 1099 073e B5040000 		.4byte	.LASF149
 1100 0742 07       		.byte	0x7
 1101 0743 3D       		.byte	0x3d
 1102 0744 CE000000 		.4byte	0xce
 1103 0748 00       		.byte	0
 1104 0749 07       		.uleb128 0x7
 1105 074a 8E040000 		.4byte	.LASF150
 1106 074e 07       		.byte	0x7
 1107 074f 3E       		.byte	0x3e
 1108 0750 CE000000 		.4byte	0xce
 1109 0754 04       		.byte	0x4
 1110 0755 07       		.uleb128 0x7
 1111 0756 1F030000 		.4byte	.LASF151
 1112 075a 07       		.byte	0x7
 1113 075b 3F       		.byte	0x3f
 1114 075c 7A070000 		.4byte	0x77a
 1115 0760 08       		.byte	0x8
 1116 0761 07       		.uleb128 0x7
 1117 0762 FB080000 		.4byte	.LASF152
 1118 0766 07       		.byte	0x7
 1119 0767 40       		.byte	0x40
 1120 0768 CE000000 		.4byte	0xce
 1121 076c 0C       		.byte	0xc
 1122 076d 07       		.uleb128 0x7
 1123 076e DC010000 		.4byte	.LASF153
 1124 0772 07       		.byte	0x7
 1125 0773 45       		.byte	0x45
 1126 0774 CE000000 		.4byte	0xce
 1127 0778 10       		.byte	0x10
 1128 0779 00       		.byte	0
 1129 077a 08       		.uleb128 0x8
 1130 077b 04       		.byte	0x4
 1131 077c 80070000 		.4byte	0x780
 1132 0780 15       		.uleb128 0x15
 1133 0781 3C060000 		.4byte	0x63c
 1134 0785 03       		.uleb128 0x3
 1135 0786 9C090000 		.4byte	.LASF154
 1136 078a 07       		.byte	0x7
 1137 078b 48       		.byte	0x48
 1138 078c 35070000 		.4byte	0x735
 1139 0790 08       		.uleb128 0x8
 1140 0791 04       		.byte	0x4
 1141 0792 0F050000 		.4byte	0x50f
 1142 0796 03       		.uleb128 0x3
 1143 0797 63090000 		.4byte	.LASF155
 1144 079b 08       		.byte	0x8
 1145 079c 07       		.byte	0x7
 1146 079d 08050000 		.4byte	0x508
 1147 07a1 16       		.uleb128 0x16
 1148 07a2 28000000 		.4byte	.LASF157
 1149 07a6 0C       		.byte	0xc
 1150 07a7 08       		.byte	0x8
ARM GAS  C:\Users\Angel\AppData\Local\Temp\cchT2LBQ.s 			page 22


 1151 07a8 09       		.byte	0x9
 1152 07a9 D2070000 		.4byte	0x7d2
 1153 07ad 07       		.uleb128 0x7
 1154 07ae 0B040000 		.4byte	.LASF158
 1155 07b2 08       		.byte	0x8
 1156 07b3 0A       		.byte	0xa
 1157 07b4 90070000 		.4byte	0x790
 1158 07b8 00       		.byte	0
 1159 07b9 07       		.uleb128 0x7
 1160 07ba 90080000 		.4byte	.LASF159
 1161 07be 08       		.byte	0x8
 1162 07bf 0B       		.byte	0xb
 1163 07c0 96070000 		.4byte	0x796
 1164 07c4 04       		.byte	0x4
 1165 07c5 07       		.uleb128 0x7
 1166 07c6 00000000 		.4byte	.LASF160
 1167 07ca 08       		.byte	0x8
 1168 07cb 0C       		.byte	0xc
 1169 07cc 90070000 		.4byte	0x790
 1170 07d0 08       		.byte	0x8
 1171 07d1 00       		.byte	0
 1172 07d2 03       		.uleb128 0x3
 1173 07d3 A9070000 		.4byte	.LASF161
 1174 07d7 08       		.byte	0x8
 1175 07d8 0D       		.byte	0xd
 1176 07d9 A1070000 		.4byte	0x7a1
 1177 07dd 17       		.uleb128 0x17
 1178 07de CB030000 		.4byte	.LASF174
 1179 07e2 01       		.byte	0x1
 1180 07e3 07       		.byte	0x7
 1181 07e4 96070000 		.4byte	0x796
 1182 07e8 00000000 		.4byte	.LFB529
 1183 07ec 38000000 		.4byte	.LFE529-.LFB529
 1184 07f0 01       		.uleb128 0x1
 1185 07f1 9C       		.byte	0x9c
 1186 07f2 73080000 		.4byte	0x873
 1187 07f6 18       		.uleb128 0x18
 1188 07f7 570A0000 		.4byte	.LASF162
 1189 07fb 01       		.byte	0x1
 1190 07fc 07       		.byte	0x7
 1191 07fd 73080000 		.4byte	0x873
 1192 0801 00000000 		.4byte	.LLST0
 1193 0805 19       		.uleb128 0x19
 1194 0806 73747200 		.ascii	"str\000"
 1195 080a 01       		.byte	0x1
 1196 080b 07       		.byte	0x7
 1197 080c 90070000 		.4byte	0x790
 1198 0810 2C000000 		.4byte	.LLST1
 1199 0814 1A       		.uleb128 0x1a
 1200 0815 6900     		.ascii	"i\000"
 1201 0817 01       		.byte	0x1
 1202 0818 09       		.byte	0x9
 1203 0819 94000000 		.4byte	0x94
 1204 081d 58000000 		.4byte	.LLST2
 1205 0821 1A       		.uleb128 0x1a
 1206 0822 70747200 		.ascii	"ptr\000"
 1207 0826 01       		.byte	0x1
ARM GAS  C:\Users\Angel\AppData\Local\Temp\cchT2LBQ.s 			page 23


 1208 0827 0A       		.byte	0xa
 1209 0828 96070000 		.4byte	0x796
 1210 082c 77000000 		.4byte	.LLST3
 1211 0830 1B       		.uleb128 0x1b
 1212 0831 636D6400 		.ascii	"cmd\000"
 1213 0835 01       		.byte	0x1
 1214 0836 0B       		.byte	0xb
 1215 0837 79080000 		.4byte	0x879
 1216 083b 02       		.uleb128 0x2
 1217 083c 91       		.byte	0x91
 1218 083d 5C       		.sleb128 -36
 1219 083e 1C       		.uleb128 0x1c
 1220 083f 10000000 		.4byte	.LVL3
 1221 0843 89090000 		.4byte	0x989
 1222 0847 62080000 		.4byte	0x862
 1223 084b 1D       		.uleb128 0x1d
 1224 084c 01       		.uleb128 0x1
 1225 084d 50       		.byte	0x50
 1226 084e 03       		.uleb128 0x3
 1227 084f F3       		.byte	0xf3
 1228 0850 01       		.uleb128 0x1
 1229 0851 51       		.byte	0x51
 1230 0852 1D       		.uleb128 0x1d
 1231 0853 01       		.uleb128 0x1
 1232 0854 51       		.byte	0x51
 1233 0855 05       		.uleb128 0x5
 1234 0856 03       		.byte	0x3
 1235 0857 00000000 		.4byte	.LC0
 1236 085b 1D       		.uleb128 0x1d
 1237 085c 01       		.uleb128 0x1
 1238 085d 52       		.byte	0x52
 1239 085e 02       		.uleb128 0x2
 1240 085f 91       		.byte	0x91
 1241 0860 5C       		.sleb128 -36
 1242 0861 00       		.byte	0
 1243 0862 1E       		.uleb128 0x1e
 1244 0863 1A000000 		.4byte	.LVL5
 1245 0867 94090000 		.4byte	0x994
 1246 086b 1D       		.uleb128 0x1d
 1247 086c 01       		.uleb128 0x1
 1248 086d 51       		.byte	0x51
 1249 086e 02       		.uleb128 0x2
 1250 086f 91       		.byte	0x91
 1251 0870 5C       		.sleb128 -36
 1252 0871 00       		.byte	0
 1253 0872 00       		.byte	0
 1254 0873 08       		.uleb128 0x8
 1255 0874 04       		.byte	0x4
 1256 0875 D2070000 		.4byte	0x7d2
 1257 0879 10       		.uleb128 0x10
 1258 087a 0F050000 		.4byte	0x50f
 1259 087e 89080000 		.4byte	0x889
 1260 0882 11       		.uleb128 0x11
 1261 0883 D9000000 		.4byte	0xd9
 1262 0887 10       		.byte	0x10
 1263 0888 00       		.byte	0
 1264 0889 1F       		.uleb128 0x1f
ARM GAS  C:\Users\Angel\AppData\Local\Temp\cchT2LBQ.s 			page 24


 1265 088a B0090000 		.4byte	.LASF175
 1266 088e 01       		.byte	0x1
 1267 088f 18       		.byte	0x18
 1268 0890 00000000 		.4byte	.LFB530
 1269 0894 4C000000 		.4byte	.LFE530-.LFB530
 1270 0898 01       		.uleb128 0x1
 1271 0899 9C       		.byte	0x9c
 1272 089a 25090000 		.4byte	0x925
 1273 089e 18       		.uleb128 0x18
 1274 089f 570A0000 		.4byte	.LASF162
 1275 08a3 01       		.byte	0x1
 1276 08a4 18       		.byte	0x18
 1277 08a5 73080000 		.4byte	0x873
 1278 08a9 A2000000 		.4byte	.LLST4
 1279 08ad 1A       		.uleb128 0x1a
 1280 08ae 6900     		.ascii	"i\000"
 1281 08b0 01       		.byte	0x1
 1282 08b1 1A       		.byte	0x1a
 1283 08b2 94000000 		.4byte	0x94
 1284 08b6 CE000000 		.4byte	.LLST5
 1285 08ba 1C       		.uleb128 0x1c
 1286 08bb 0A000000 		.4byte	.LVL11
 1287 08bf 9F090000 		.4byte	0x99f
 1288 08c3 D1080000 		.4byte	0x8d1
 1289 08c7 1D       		.uleb128 0x1d
 1290 08c8 01       		.uleb128 0x1
 1291 08c9 50       		.byte	0x50
 1292 08ca 05       		.uleb128 0x5
 1293 08cb 03       		.byte	0x3
 1294 08cc 04000000 		.4byte	.LC1
 1295 08d0 00       		.byte	0
 1296 08d1 20       		.uleb128 0x20
 1297 08d2 12000000 		.4byte	.LVL13
 1298 08d6 9F090000 		.4byte	0x99f
 1299 08da 1C       		.uleb128 0x1c
 1300 08db 18000000 		.4byte	.LVL14
 1301 08df 9F090000 		.4byte	0x99f
 1302 08e3 F1080000 		.4byte	0x8f1
 1303 08e7 1D       		.uleb128 0x1d
 1304 08e8 01       		.uleb128 0x1
 1305 08e9 50       		.byte	0x50
 1306 08ea 05       		.uleb128 0x5
 1307 08eb 03       		.byte	0x3
 1308 08ec 18000000 		.4byte	.LC2
 1309 08f0 00       		.byte	0
 1310 08f1 20       		.uleb128 0x20
 1311 08f2 1E000000 		.4byte	.LVL15
 1312 08f6 9F090000 		.4byte	0x99f
 1313 08fa 1C       		.uleb128 0x1c
 1314 08fb 24000000 		.4byte	.LVL16
 1315 08ff 9F090000 		.4byte	0x99f
 1316 0903 11090000 		.4byte	0x911
 1317 0907 1D       		.uleb128 0x1d
 1318 0908 01       		.uleb128 0x1
 1319 0909 50       		.byte	0x50
 1320 090a 05       		.uleb128 0x5
 1321 090b 03       		.byte	0x3
ARM GAS  C:\Users\Angel\AppData\Local\Temp\cchT2LBQ.s 			page 25


 1322 090c 1C000000 		.4byte	.LC3
 1323 0910 00       		.byte	0
 1324 0911 1E       		.uleb128 0x1e
 1325 0912 3A000000 		.4byte	.LVL18
 1326 0916 9F090000 		.4byte	0x99f
 1327 091a 1D       		.uleb128 0x1d
 1328 091b 01       		.uleb128 0x1
 1329 091c 50       		.byte	0x50
 1330 091d 05       		.uleb128 0x5
 1331 091e 03       		.byte	0x3
 1332 091f 20000000 		.4byte	.LC4
 1333 0923 00       		.byte	0
 1334 0924 00       		.byte	0
 1335 0925 21       		.uleb128 0x21
 1336 0926 3B010000 		.4byte	.LASF163
 1337 092a 09       		.byte	0x9
 1338 092b F907     		.2byte	0x7f9
 1339 092d 31090000 		.4byte	0x931
 1340 0931 05       		.uleb128 0x5
 1341 0932 C3000000 		.4byte	0xc3
 1342 0936 22       		.uleb128 0x22
 1343 0937 28070000 		.4byte	.LASF164
 1344 093b 04       		.byte	0x4
 1345 093c A7       		.byte	0xa7
 1346 093d 41090000 		.4byte	0x941
 1347 0941 08       		.uleb128 0x8
 1348 0942 04       		.byte	0x4
 1349 0943 47090000 		.4byte	0x947
 1350 0947 15       		.uleb128 0x15
 1351 0948 FD040000 		.4byte	0x4fd
 1352 094c 22       		.uleb128 0x22
 1353 094d F3030000 		.4byte	.LASF165
 1354 0951 0A       		.byte	0xa
 1355 0952 87       		.byte	0x87
 1356 0953 29070000 		.4byte	0x729
 1357 0957 21       		.uleb128 0x21
 1358 0958 3E080000 		.4byte	.LASF166
 1359 095c 07       		.byte	0x7
 1360 095d 6001     		.2byte	0x160
 1361 095f CE000000 		.4byte	0xce
 1362 0963 10       		.uleb128 0x10
 1363 0964 73090000 		.4byte	0x973
 1364 0968 73090000 		.4byte	0x973
 1365 096c 11       		.uleb128 0x11
 1366 096d D9000000 		.4byte	0xd9
 1367 0971 00       		.byte	0
 1368 0972 00       		.byte	0
 1369 0973 15       		.uleb128 0x15
 1370 0974 85070000 		.4byte	0x785
 1371 0978 21       		.uleb128 0x21
 1372 0979 4A040000 		.4byte	.LASF167
 1373 097d 07       		.byte	0x7
 1374 097e 6401     		.2byte	0x164
 1375 0980 84090000 		.4byte	0x984
 1376 0984 15       		.uleb128 0x15
 1377 0985 63090000 		.4byte	0x963
 1378 0989 23       		.uleb128 0x23
ARM GAS  C:\Users\Angel\AppData\Local\Temp\cchT2LBQ.s 			page 26


 1379 098a 72050000 		.4byte	.LASF168
 1380 098e 72050000 		.4byte	.LASF168
 1381 0992 0B       		.byte	0xb
 1382 0993 BF       		.byte	0xbf
 1383 0994 23       		.uleb128 0x23
 1384 0995 34000000 		.4byte	.LASF169
 1385 0999 34000000 		.4byte	.LASF169
 1386 099d 0C       		.byte	0xc
 1387 099e 1C       		.byte	0x1c
 1388 099f 23       		.uleb128 0x23
 1389 09a0 41020000 		.4byte	.LASF170
 1390 09a4 41020000 		.4byte	.LASF170
 1391 09a8 0D       		.byte	0xd
 1392 09a9 13       		.byte	0x13
 1393 09aa 00       		.byte	0
 1394              		.section	.debug_abbrev,"",%progbits
 1395              	.Ldebug_abbrev0:
 1396 0000 01       		.uleb128 0x1
 1397 0001 11       		.uleb128 0x11
 1398 0002 01       		.byte	0x1
 1399 0003 25       		.uleb128 0x25
 1400 0004 0E       		.uleb128 0xe
 1401 0005 13       		.uleb128 0x13
 1402 0006 0B       		.uleb128 0xb
 1403 0007 03       		.uleb128 0x3
 1404 0008 0E       		.uleb128 0xe
 1405 0009 1B       		.uleb128 0x1b
 1406 000a 0E       		.uleb128 0xe
 1407 000b 55       		.uleb128 0x55
 1408 000c 17       		.uleb128 0x17
 1409 000d 11       		.uleb128 0x11
 1410 000e 01       		.uleb128 0x1
 1411 000f 10       		.uleb128 0x10
 1412 0010 17       		.uleb128 0x17
 1413 0011 00       		.byte	0
 1414 0012 00       		.byte	0
 1415 0013 02       		.uleb128 0x2
 1416 0014 24       		.uleb128 0x24
 1417 0015 00       		.byte	0
 1418 0016 0B       		.uleb128 0xb
 1419 0017 0B       		.uleb128 0xb
 1420 0018 3E       		.uleb128 0x3e
 1421 0019 0B       		.uleb128 0xb
 1422 001a 03       		.uleb128 0x3
 1423 001b 0E       		.uleb128 0xe
 1424 001c 00       		.byte	0
 1425 001d 00       		.byte	0
 1426 001e 03       		.uleb128 0x3
 1427 001f 16       		.uleb128 0x16
 1428 0020 00       		.byte	0
 1429 0021 03       		.uleb128 0x3
 1430 0022 0E       		.uleb128 0xe
 1431 0023 3A       		.uleb128 0x3a
 1432 0024 0B       		.uleb128 0xb
 1433 0025 3B       		.uleb128 0x3b
 1434 0026 0B       		.uleb128 0xb
 1435 0027 49       		.uleb128 0x49
ARM GAS  C:\Users\Angel\AppData\Local\Temp\cchT2LBQ.s 			page 27


 1436 0028 13       		.uleb128 0x13
 1437 0029 00       		.byte	0
 1438 002a 00       		.byte	0
 1439 002b 04       		.uleb128 0x4
 1440 002c 24       		.uleb128 0x24
 1441 002d 00       		.byte	0
 1442 002e 0B       		.uleb128 0xb
 1443 002f 0B       		.uleb128 0xb
 1444 0030 3E       		.uleb128 0x3e
 1445 0031 0B       		.uleb128 0xb
 1446 0032 03       		.uleb128 0x3
 1447 0033 08       		.uleb128 0x8
 1448 0034 00       		.byte	0
 1449 0035 00       		.byte	0
 1450 0036 05       		.uleb128 0x5
 1451 0037 35       		.uleb128 0x35
 1452 0038 00       		.byte	0
 1453 0039 49       		.uleb128 0x49
 1454 003a 13       		.uleb128 0x13
 1455 003b 00       		.byte	0
 1456 003c 00       		.byte	0
 1457 003d 06       		.uleb128 0x6
 1458 003e 13       		.uleb128 0x13
 1459 003f 01       		.byte	0x1
 1460 0040 0B       		.uleb128 0xb
 1461 0041 0B       		.uleb128 0xb
 1462 0042 3A       		.uleb128 0x3a
 1463 0043 0B       		.uleb128 0xb
 1464 0044 3B       		.uleb128 0x3b
 1465 0045 0B       		.uleb128 0xb
 1466 0046 01       		.uleb128 0x1
 1467 0047 13       		.uleb128 0x13
 1468 0048 00       		.byte	0
 1469 0049 00       		.byte	0
 1470 004a 07       		.uleb128 0x7
 1471 004b 0D       		.uleb128 0xd
 1472 004c 00       		.byte	0
 1473 004d 03       		.uleb128 0x3
 1474 004e 0E       		.uleb128 0xe
 1475 004f 3A       		.uleb128 0x3a
 1476 0050 0B       		.uleb128 0xb
 1477 0051 3B       		.uleb128 0x3b
 1478 0052 0B       		.uleb128 0xb
 1479 0053 49       		.uleb128 0x49
 1480 0054 13       		.uleb128 0x13
 1481 0055 38       		.uleb128 0x38
 1482 0056 0B       		.uleb128 0xb
 1483 0057 00       		.byte	0
 1484 0058 00       		.byte	0
 1485 0059 08       		.uleb128 0x8
 1486 005a 0F       		.uleb128 0xf
 1487 005b 00       		.byte	0
 1488 005c 0B       		.uleb128 0xb
 1489 005d 0B       		.uleb128 0xb
 1490 005e 49       		.uleb128 0x49
 1491 005f 13       		.uleb128 0x13
 1492 0060 00       		.byte	0
ARM GAS  C:\Users\Angel\AppData\Local\Temp\cchT2LBQ.s 			page 28


 1493 0061 00       		.byte	0
 1494 0062 09       		.uleb128 0x9
 1495 0063 15       		.uleb128 0x15
 1496 0064 00       		.byte	0
 1497 0065 27       		.uleb128 0x27
 1498 0066 19       		.uleb128 0x19
 1499 0067 00       		.byte	0
 1500 0068 00       		.byte	0
 1501 0069 0A       		.uleb128 0xa
 1502 006a 0F       		.uleb128 0xf
 1503 006b 00       		.byte	0
 1504 006c 0B       		.uleb128 0xb
 1505 006d 0B       		.uleb128 0xb
 1506 006e 00       		.byte	0
 1507 006f 00       		.byte	0
 1508 0070 0B       		.uleb128 0xb
 1509 0071 04       		.uleb128 0x4
 1510 0072 01       		.byte	0x1
 1511 0073 0B       		.uleb128 0xb
 1512 0074 0B       		.uleb128 0xb
 1513 0075 49       		.uleb128 0x49
 1514 0076 13       		.uleb128 0x13
 1515 0077 3A       		.uleb128 0x3a
 1516 0078 0B       		.uleb128 0xb
 1517 0079 3B       		.uleb128 0x3b
 1518 007a 05       		.uleb128 0x5
 1519 007b 01       		.uleb128 0x1
 1520 007c 13       		.uleb128 0x13
 1521 007d 00       		.byte	0
 1522 007e 00       		.byte	0
 1523 007f 0C       		.uleb128 0xc
 1524 0080 28       		.uleb128 0x28
 1525 0081 00       		.byte	0
 1526 0082 03       		.uleb128 0x3
 1527 0083 0E       		.uleb128 0xe
 1528 0084 1C       		.uleb128 0x1c
 1529 0085 0B       		.uleb128 0xb
 1530 0086 00       		.byte	0
 1531 0087 00       		.byte	0
 1532 0088 0D       		.uleb128 0xd
 1533 0089 16       		.uleb128 0x16
 1534 008a 00       		.byte	0
 1535 008b 03       		.uleb128 0x3
 1536 008c 0E       		.uleb128 0xe
 1537 008d 3A       		.uleb128 0x3a
 1538 008e 0B       		.uleb128 0xb
 1539 008f 3B       		.uleb128 0x3b
 1540 0090 05       		.uleb128 0x5
 1541 0091 49       		.uleb128 0x49
 1542 0092 13       		.uleb128 0x13
 1543 0093 00       		.byte	0
 1544 0094 00       		.byte	0
 1545 0095 0E       		.uleb128 0xe
 1546 0096 13       		.uleb128 0x13
 1547 0097 01       		.byte	0x1
 1548 0098 0B       		.uleb128 0xb
 1549 0099 0B       		.uleb128 0xb
ARM GAS  C:\Users\Angel\AppData\Local\Temp\cchT2LBQ.s 			page 29


 1550 009a 3A       		.uleb128 0x3a
 1551 009b 0B       		.uleb128 0xb
 1552 009c 3B       		.uleb128 0x3b
 1553 009d 05       		.uleb128 0x5
 1554 009e 01       		.uleb128 0x1
 1555 009f 13       		.uleb128 0x13
 1556 00a0 00       		.byte	0
 1557 00a1 00       		.byte	0
 1558 00a2 0F       		.uleb128 0xf
 1559 00a3 0D       		.uleb128 0xd
 1560 00a4 00       		.byte	0
 1561 00a5 03       		.uleb128 0x3
 1562 00a6 0E       		.uleb128 0xe
 1563 00a7 3A       		.uleb128 0x3a
 1564 00a8 0B       		.uleb128 0xb
 1565 00a9 3B       		.uleb128 0x3b
 1566 00aa 05       		.uleb128 0x5
 1567 00ab 49       		.uleb128 0x49
 1568 00ac 13       		.uleb128 0x13
 1569 00ad 38       		.uleb128 0x38
 1570 00ae 0B       		.uleb128 0xb
 1571 00af 00       		.byte	0
 1572 00b0 00       		.byte	0
 1573 00b1 10       		.uleb128 0x10
 1574 00b2 01       		.uleb128 0x1
 1575 00b3 01       		.byte	0x1
 1576 00b4 49       		.uleb128 0x49
 1577 00b5 13       		.uleb128 0x13
 1578 00b6 01       		.uleb128 0x1
 1579 00b7 13       		.uleb128 0x13
 1580 00b8 00       		.byte	0
 1581 00b9 00       		.byte	0
 1582 00ba 11       		.uleb128 0x11
 1583 00bb 21       		.uleb128 0x21
 1584 00bc 00       		.byte	0
 1585 00bd 49       		.uleb128 0x49
 1586 00be 13       		.uleb128 0x13
 1587 00bf 2F       		.uleb128 0x2f
 1588 00c0 0B       		.uleb128 0xb
 1589 00c1 00       		.byte	0
 1590 00c2 00       		.byte	0
 1591 00c3 12       		.uleb128 0x12
 1592 00c4 15       		.uleb128 0x15
 1593 00c5 01       		.byte	0x1
 1594 00c6 27       		.uleb128 0x27
 1595 00c7 19       		.uleb128 0x19
 1596 00c8 01       		.uleb128 0x1
 1597 00c9 13       		.uleb128 0x13
 1598 00ca 00       		.byte	0
 1599 00cb 00       		.byte	0
 1600 00cc 13       		.uleb128 0x13
 1601 00cd 05       		.uleb128 0x5
 1602 00ce 00       		.byte	0
 1603 00cf 49       		.uleb128 0x49
 1604 00d0 13       		.uleb128 0x13
 1605 00d1 00       		.byte	0
 1606 00d2 00       		.byte	0
ARM GAS  C:\Users\Angel\AppData\Local\Temp\cchT2LBQ.s 			page 30


 1607 00d3 14       		.uleb128 0x14
 1608 00d4 13       		.uleb128 0x13
 1609 00d5 01       		.byte	0x1
 1610 00d6 03       		.uleb128 0x3
 1611 00d7 0E       		.uleb128 0xe
 1612 00d8 0B       		.uleb128 0xb
 1613 00d9 0B       		.uleb128 0xb
 1614 00da 3A       		.uleb128 0x3a
 1615 00db 0B       		.uleb128 0xb
 1616 00dc 3B       		.uleb128 0x3b
 1617 00dd 05       		.uleb128 0x5
 1618 00de 01       		.uleb128 0x1
 1619 00df 13       		.uleb128 0x13
 1620 00e0 00       		.byte	0
 1621 00e1 00       		.byte	0
 1622 00e2 15       		.uleb128 0x15
 1623 00e3 26       		.uleb128 0x26
 1624 00e4 00       		.byte	0
 1625 00e5 49       		.uleb128 0x49
 1626 00e6 13       		.uleb128 0x13
 1627 00e7 00       		.byte	0
 1628 00e8 00       		.byte	0
 1629 00e9 16       		.uleb128 0x16
 1630 00ea 13       		.uleb128 0x13
 1631 00eb 01       		.byte	0x1
 1632 00ec 03       		.uleb128 0x3
 1633 00ed 0E       		.uleb128 0xe
 1634 00ee 0B       		.uleb128 0xb
 1635 00ef 0B       		.uleb128 0xb
 1636 00f0 3A       		.uleb128 0x3a
 1637 00f1 0B       		.uleb128 0xb
 1638 00f2 3B       		.uleb128 0x3b
 1639 00f3 0B       		.uleb128 0xb
 1640 00f4 01       		.uleb128 0x1
 1641 00f5 13       		.uleb128 0x13
 1642 00f6 00       		.byte	0
 1643 00f7 00       		.byte	0
 1644 00f8 17       		.uleb128 0x17
 1645 00f9 2E       		.uleb128 0x2e
 1646 00fa 01       		.byte	0x1
 1647 00fb 3F       		.uleb128 0x3f
 1648 00fc 19       		.uleb128 0x19
 1649 00fd 03       		.uleb128 0x3
 1650 00fe 0E       		.uleb128 0xe
 1651 00ff 3A       		.uleb128 0x3a
 1652 0100 0B       		.uleb128 0xb
 1653 0101 3B       		.uleb128 0x3b
 1654 0102 0B       		.uleb128 0xb
 1655 0103 27       		.uleb128 0x27
 1656 0104 19       		.uleb128 0x19
 1657 0105 49       		.uleb128 0x49
 1658 0106 13       		.uleb128 0x13
 1659 0107 11       		.uleb128 0x11
 1660 0108 01       		.uleb128 0x1
 1661 0109 12       		.uleb128 0x12
 1662 010a 06       		.uleb128 0x6
 1663 010b 40       		.uleb128 0x40
ARM GAS  C:\Users\Angel\AppData\Local\Temp\cchT2LBQ.s 			page 31


 1664 010c 18       		.uleb128 0x18
 1665 010d 9742     		.uleb128 0x2117
 1666 010f 19       		.uleb128 0x19
 1667 0110 01       		.uleb128 0x1
 1668 0111 13       		.uleb128 0x13
 1669 0112 00       		.byte	0
 1670 0113 00       		.byte	0
 1671 0114 18       		.uleb128 0x18
 1672 0115 05       		.uleb128 0x5
 1673 0116 00       		.byte	0
 1674 0117 03       		.uleb128 0x3
 1675 0118 0E       		.uleb128 0xe
 1676 0119 3A       		.uleb128 0x3a
 1677 011a 0B       		.uleb128 0xb
 1678 011b 3B       		.uleb128 0x3b
 1679 011c 0B       		.uleb128 0xb
 1680 011d 49       		.uleb128 0x49
 1681 011e 13       		.uleb128 0x13
 1682 011f 02       		.uleb128 0x2
 1683 0120 17       		.uleb128 0x17
 1684 0121 00       		.byte	0
 1685 0122 00       		.byte	0
 1686 0123 19       		.uleb128 0x19
 1687 0124 05       		.uleb128 0x5
 1688 0125 00       		.byte	0
 1689 0126 03       		.uleb128 0x3
 1690 0127 08       		.uleb128 0x8
 1691 0128 3A       		.uleb128 0x3a
 1692 0129 0B       		.uleb128 0xb
 1693 012a 3B       		.uleb128 0x3b
 1694 012b 0B       		.uleb128 0xb
 1695 012c 49       		.uleb128 0x49
 1696 012d 13       		.uleb128 0x13
 1697 012e 02       		.uleb128 0x2
 1698 012f 17       		.uleb128 0x17
 1699 0130 00       		.byte	0
 1700 0131 00       		.byte	0
 1701 0132 1A       		.uleb128 0x1a
 1702 0133 34       		.uleb128 0x34
 1703 0134 00       		.byte	0
 1704 0135 03       		.uleb128 0x3
 1705 0136 08       		.uleb128 0x8
 1706 0137 3A       		.uleb128 0x3a
 1707 0138 0B       		.uleb128 0xb
 1708 0139 3B       		.uleb128 0x3b
 1709 013a 0B       		.uleb128 0xb
 1710 013b 49       		.uleb128 0x49
 1711 013c 13       		.uleb128 0x13
 1712 013d 02       		.uleb128 0x2
 1713 013e 17       		.uleb128 0x17
 1714 013f 00       		.byte	0
 1715 0140 00       		.byte	0
 1716 0141 1B       		.uleb128 0x1b
 1717 0142 34       		.uleb128 0x34
 1718 0143 00       		.byte	0
 1719 0144 03       		.uleb128 0x3
 1720 0145 08       		.uleb128 0x8
ARM GAS  C:\Users\Angel\AppData\Local\Temp\cchT2LBQ.s 			page 32


 1721 0146 3A       		.uleb128 0x3a
 1722 0147 0B       		.uleb128 0xb
 1723 0148 3B       		.uleb128 0x3b
 1724 0149 0B       		.uleb128 0xb
 1725 014a 49       		.uleb128 0x49
 1726 014b 13       		.uleb128 0x13
 1727 014c 02       		.uleb128 0x2
 1728 014d 18       		.uleb128 0x18
 1729 014e 00       		.byte	0
 1730 014f 00       		.byte	0
 1731 0150 1C       		.uleb128 0x1c
 1732 0151 898201   		.uleb128 0x4109
 1733 0154 01       		.byte	0x1
 1734 0155 11       		.uleb128 0x11
 1735 0156 01       		.uleb128 0x1
 1736 0157 31       		.uleb128 0x31
 1737 0158 13       		.uleb128 0x13
 1738 0159 01       		.uleb128 0x1
 1739 015a 13       		.uleb128 0x13
 1740 015b 00       		.byte	0
 1741 015c 00       		.byte	0
 1742 015d 1D       		.uleb128 0x1d
 1743 015e 8A8201   		.uleb128 0x410a
 1744 0161 00       		.byte	0
 1745 0162 02       		.uleb128 0x2
 1746 0163 18       		.uleb128 0x18
 1747 0164 9142     		.uleb128 0x2111
 1748 0166 18       		.uleb128 0x18
 1749 0167 00       		.byte	0
 1750 0168 00       		.byte	0
 1751 0169 1E       		.uleb128 0x1e
 1752 016a 898201   		.uleb128 0x4109
 1753 016d 01       		.byte	0x1
 1754 016e 11       		.uleb128 0x11
 1755 016f 01       		.uleb128 0x1
 1756 0170 31       		.uleb128 0x31
 1757 0171 13       		.uleb128 0x13
 1758 0172 00       		.byte	0
 1759 0173 00       		.byte	0
 1760 0174 1F       		.uleb128 0x1f
 1761 0175 2E       		.uleb128 0x2e
 1762 0176 01       		.byte	0x1
 1763 0177 3F       		.uleb128 0x3f
 1764 0178 19       		.uleb128 0x19
 1765 0179 03       		.uleb128 0x3
 1766 017a 0E       		.uleb128 0xe
 1767 017b 3A       		.uleb128 0x3a
 1768 017c 0B       		.uleb128 0xb
 1769 017d 3B       		.uleb128 0x3b
 1770 017e 0B       		.uleb128 0xb
 1771 017f 27       		.uleb128 0x27
 1772 0180 19       		.uleb128 0x19
 1773 0181 11       		.uleb128 0x11
 1774 0182 01       		.uleb128 0x1
 1775 0183 12       		.uleb128 0x12
 1776 0184 06       		.uleb128 0x6
 1777 0185 40       		.uleb128 0x40
ARM GAS  C:\Users\Angel\AppData\Local\Temp\cchT2LBQ.s 			page 33


 1778 0186 18       		.uleb128 0x18
 1779 0187 9742     		.uleb128 0x2117
 1780 0189 19       		.uleb128 0x19
 1781 018a 01       		.uleb128 0x1
 1782 018b 13       		.uleb128 0x13
 1783 018c 00       		.byte	0
 1784 018d 00       		.byte	0
 1785 018e 20       		.uleb128 0x20
 1786 018f 898201   		.uleb128 0x4109
 1787 0192 00       		.byte	0
 1788 0193 11       		.uleb128 0x11
 1789 0194 01       		.uleb128 0x1
 1790 0195 31       		.uleb128 0x31
 1791 0196 13       		.uleb128 0x13
 1792 0197 00       		.byte	0
 1793 0198 00       		.byte	0
 1794 0199 21       		.uleb128 0x21
 1795 019a 34       		.uleb128 0x34
 1796 019b 00       		.byte	0
 1797 019c 03       		.uleb128 0x3
 1798 019d 0E       		.uleb128 0xe
 1799 019e 3A       		.uleb128 0x3a
 1800 019f 0B       		.uleb128 0xb
 1801 01a0 3B       		.uleb128 0x3b
 1802 01a1 05       		.uleb128 0x5
 1803 01a2 49       		.uleb128 0x49
 1804 01a3 13       		.uleb128 0x13
 1805 01a4 3F       		.uleb128 0x3f
 1806 01a5 19       		.uleb128 0x19
 1807 01a6 3C       		.uleb128 0x3c
 1808 01a7 19       		.uleb128 0x19
 1809 01a8 00       		.byte	0
 1810 01a9 00       		.byte	0
 1811 01aa 22       		.uleb128 0x22
 1812 01ab 34       		.uleb128 0x34
 1813 01ac 00       		.byte	0
 1814 01ad 03       		.uleb128 0x3
 1815 01ae 0E       		.uleb128 0xe
 1816 01af 3A       		.uleb128 0x3a
 1817 01b0 0B       		.uleb128 0xb
 1818 01b1 3B       		.uleb128 0x3b
 1819 01b2 0B       		.uleb128 0xb
 1820 01b3 49       		.uleb128 0x49
 1821 01b4 13       		.uleb128 0x13
 1822 01b5 3F       		.uleb128 0x3f
 1823 01b6 19       		.uleb128 0x19
 1824 01b7 3C       		.uleb128 0x3c
 1825 01b8 19       		.uleb128 0x19
 1826 01b9 00       		.byte	0
 1827 01ba 00       		.byte	0
 1828 01bb 23       		.uleb128 0x23
 1829 01bc 2E       		.uleb128 0x2e
 1830 01bd 00       		.byte	0
 1831 01be 3F       		.uleb128 0x3f
 1832 01bf 19       		.uleb128 0x19
 1833 01c0 3C       		.uleb128 0x3c
 1834 01c1 19       		.uleb128 0x19
ARM GAS  C:\Users\Angel\AppData\Local\Temp\cchT2LBQ.s 			page 34


 1835 01c2 6E       		.uleb128 0x6e
 1836 01c3 0E       		.uleb128 0xe
 1837 01c4 03       		.uleb128 0x3
 1838 01c5 0E       		.uleb128 0xe
 1839 01c6 3A       		.uleb128 0x3a
 1840 01c7 0B       		.uleb128 0xb
 1841 01c8 3B       		.uleb128 0x3b
 1842 01c9 0B       		.uleb128 0xb
 1843 01ca 00       		.byte	0
 1844 01cb 00       		.byte	0
 1845 01cc 00       		.byte	0
 1846              		.section	.debug_loc,"",%progbits
 1847              	.Ldebug_loc0:
 1848              	.LLST0:
 1849 0000 00000000 		.4byte	.LVL0
 1850 0004 08000000 		.4byte	.LVL1
 1851 0008 0100     		.2byte	0x1
 1852 000a 50       		.byte	0x50
 1853 000b 08000000 		.4byte	.LVL1
 1854 000f 32000000 		.4byte	.LVL8
 1855 0013 0100     		.2byte	0x1
 1856 0015 55       		.byte	0x55
 1857 0016 32000000 		.4byte	.LVL8
 1858 001a 38000000 		.4byte	.LFE529
 1859 001e 0400     		.2byte	0x4
 1860 0020 F3       		.byte	0xf3
 1861 0021 01       		.uleb128 0x1
 1862 0022 50       		.byte	0x50
 1863 0023 9F       		.byte	0x9f
 1864 0024 00000000 		.4byte	0
 1865 0028 00000000 		.4byte	0
 1866              	.LLST1:
 1867 002c 00000000 		.4byte	.LVL0
 1868 0030 0C000000 		.4byte	.LVL2
 1869 0034 0100     		.2byte	0x1
 1870 0036 51       		.byte	0x51
 1871 0037 0C000000 		.4byte	.LVL2
 1872 003b 0F000000 		.4byte	.LVL3-1
 1873 003f 0100     		.2byte	0x1
 1874 0041 50       		.byte	0x50
 1875 0042 0F000000 		.4byte	.LVL3-1
 1876 0046 38000000 		.4byte	.LFE529
 1877 004a 0400     		.2byte	0x4
 1878 004c F3       		.byte	0xf3
 1879 004d 01       		.uleb128 0x1
 1880 004e 51       		.byte	0x51
 1881 004f 9F       		.byte	0x9f
 1882 0050 00000000 		.4byte	0
 1883 0054 00000000 		.4byte	0
 1884              	.LLST2:
 1885 0058 10000000 		.4byte	.LVL3
 1886 005c 14000000 		.4byte	.LVL4
 1887 0060 0200     		.2byte	0x2
 1888 0062 30       		.byte	0x30
 1889 0063 9F       		.byte	0x9f
 1890 0064 14000000 		.4byte	.LVL4
 1891 0068 32000000 		.4byte	.LVL8
ARM GAS  C:\Users\Angel\AppData\Local\Temp\cchT2LBQ.s 			page 35


 1892 006c 0100     		.2byte	0x1
 1893 006e 54       		.byte	0x54
 1894 006f 00000000 		.4byte	0
 1895 0073 00000000 		.4byte	0
 1896              	.LLST3:
 1897 0077 08000000 		.4byte	.LVL1
 1898 007b 2C000000 		.4byte	.LVL7
 1899 007f 0200     		.2byte	0x2
 1900 0081 30       		.byte	0x30
 1901 0082 9F       		.byte	0x9f
 1902 0083 2C000000 		.4byte	.LVL7
 1903 0087 32000000 		.4byte	.LVL8
 1904 008b 0200     		.2byte	0x2
 1905 008d 76       		.byte	0x76
 1906 008e 04       		.sleb128 4
 1907 008f 32000000 		.4byte	.LVL8
 1908 0093 38000000 		.4byte	.LFE529
 1909 0097 0100     		.2byte	0x1
 1910 0099 50       		.byte	0x50
 1911 009a 00000000 		.4byte	0
 1912 009e 00000000 		.4byte	0
 1913              	.LLST4:
 1914 00a2 00000000 		.4byte	.LVL9
 1915 00a6 06000000 		.4byte	.LVL10
 1916 00aa 0100     		.2byte	0x1
 1917 00ac 50       		.byte	0x50
 1918 00ad 06000000 		.4byte	.LVL10
 1919 00b1 3C000000 		.4byte	.LVL19
 1920 00b5 0100     		.2byte	0x1
 1921 00b7 55       		.byte	0x55
 1922 00b8 3C000000 		.4byte	.LVL19
 1923 00bc 4C000000 		.4byte	.LFE530
 1924 00c0 0400     		.2byte	0x4
 1925 00c2 F3       		.byte	0xf3
 1926 00c3 01       		.uleb128 0x1
 1927 00c4 50       		.byte	0x50
 1928 00c5 9F       		.byte	0x9f
 1929 00c6 00000000 		.4byte	0
 1930 00ca 00000000 		.4byte	0
 1931              	.LLST5:
 1932 00ce 0A000000 		.4byte	.LVL11
 1933 00d2 0E000000 		.4byte	.LVL12
 1934 00d6 0200     		.2byte	0x2
 1935 00d8 30       		.byte	0x30
 1936 00d9 9F       		.byte	0x9f
 1937 00da 0E000000 		.4byte	.LVL12
 1938 00de 3C000000 		.4byte	.LVL19
 1939 00e2 0100     		.2byte	0x1
 1940 00e4 54       		.byte	0x54
 1941 00e5 00000000 		.4byte	0
 1942 00e9 00000000 		.4byte	0
 1943              		.section	.debug_aranges,"",%progbits
 1944 0000 24000000 		.4byte	0x24
 1945 0004 0200     		.2byte	0x2
 1946 0006 00000000 		.4byte	.Ldebug_info0
 1947 000a 04       		.byte	0x4
 1948 000b 00       		.byte	0
ARM GAS  C:\Users\Angel\AppData\Local\Temp\cchT2LBQ.s 			page 36


 1949 000c 0000     		.2byte	0
 1950 000e 0000     		.2byte	0
 1951 0010 00000000 		.4byte	.LFB529
 1952 0014 38000000 		.4byte	.LFE529-.LFB529
 1953 0018 00000000 		.4byte	.LFB530
 1954 001c 4C000000 		.4byte	.LFE530-.LFB530
 1955 0020 00000000 		.4byte	0
 1956 0024 00000000 		.4byte	0
 1957              		.section	.debug_ranges,"",%progbits
 1958              	.Ldebug_ranges0:
 1959 0000 00000000 		.4byte	.LFB529
 1960 0004 38000000 		.4byte	.LFE529
 1961 0008 00000000 		.4byte	.LFB530
 1962 000c 4C000000 		.4byte	.LFE530
 1963 0010 00000000 		.4byte	0
 1964 0014 00000000 		.4byte	0
 1965              		.section	.debug_line,"",%progbits
 1966              	.Ldebug_line0:
 1967 0000 59030000 		.section	.debug_str,"MS",%progbits,1
 1967      02000403 
 1967      00000201 
 1967      FB0E0D00 
 1967      01010101 
 1968              	.LASF160:
 1969 0000 64657363 		.ascii	"description\000"
 1969      72697074 
 1969      696F6E00 
 1970              	.LASF56:
 1971 000c 70726F74 		.ascii	"protBusMasterMask\000"
 1971      4275734D 
 1971      61737465 
 1971      724D6173 
 1971      6B00
 1972              	.LASF141:
 1973 001e 72784275 		.ascii	"rxBufSize\000"
 1973      6653697A 
 1973      6500
 1974              	.LASF157:
 1975 0028 5F665F6C 		.ascii	"_f_list_st_\000"
 1975      6973745F 
 1975      73745F00 
 1976              	.LASF169:
 1977 0034 73747263 		.ascii	"strcmp\000"
 1977      6D7000
 1978              	.LASF66:
 1979 003b 666C6173 		.ascii	"flashCtlMainWs3Freq\000"
 1979      6843746C 
 1979      4D61696E 
 1979      57733346 
 1979      72657100 
 1980              	.LASF88:
 1981 004f 6770696F 		.ascii	"gpioPrtCfgInOffset\000"
 1981      50727443 
 1981      6667496E 
 1981      4F666673 
 1981      657400
 1982              	.LASF106:
ARM GAS  C:\Users\Angel\AppData\Local\Temp\cchT2LBQ.s 			page 37


 1983 0062 6970634C 		.ascii	"ipcLockStatusOffset\000"
 1983      6F636B53 
 1983      74617475 
 1983      734F6666 
 1983      73657400 
 1984              	.LASF50:
 1985 0076 70657269 		.ascii	"periClockNr\000"
 1985      436C6F63 
 1985      6B4E7200 
 1986              	.LASF28:
 1987 0082 70617373 		.ascii	"passBase\000"
 1987      42617365 
 1987      00
 1988              	.LASF41:
 1989 008b 63707573 		.ascii	"cpussIpcIrqNr\000"
 1989      73497063 
 1989      4972714E 
 1989      7200
 1990              	.LASF3:
 1991 0099 5F5F7569 		.ascii	"__uint8_t\000"
 1991      6E74385F 
 1991      7400
 1992              	.LASF126:
 1993 00a3 73617449 		.ascii	"satIntrMask\000"
 1993      6E74724D 
 1993      61736B00 
 1994              	.LASF85:
 1995 00af 70657269 		.ascii	"periDiv24_5CtlOffset\000"
 1995      44697632 
 1995      345F3543 
 1995      746C4F66 
 1995      66736574 
 1996              	.LASF92:
 1997 00c4 63707573 		.ascii	"cpussCm4ClockCtlOffset\000"
 1997      73436D34 
 1997      436C6F63 
 1997      6B43746C 
 1997      4F666673 
 1998              	.LASF21:
 1999 00db 63707573 		.ascii	"cpussBase\000"
 1999      73426173 
 1999      6500
 2000              	.LASF70:
 2001 00e5 64774368 		.ascii	"dwChCtlPrioPos\000"
 2001      43746C50 
 2001      72696F50 
 2001      6F7300
 2002              	.LASF12:
 2003 00f4 6C6F6E67 		.ascii	"long long unsigned int\000"
 2003      206C6F6E 
 2003      6720756E 
 2003      7369676E 
 2003      65642069 
 2004              	.LASF74:
 2005 010b 70657269 		.ascii	"periTrCmdOffset\000"
 2005      5472436D 
 2005      644F6666 
ARM GAS  C:\Users\Angel\AppData\Local\Temp\cchT2LBQ.s 			page 38


 2005      73657400 
 2006              	.LASF136:
 2007 011b 72785269 		.ascii	"rxRingBuf\000"
 2007      6E674275 
 2007      6600
 2008              	.LASF98:
 2009 0125 63707573 		.ascii	"cpussSysTickCtlOffset\000"
 2009      73537973 
 2009      5469636B 
 2009      43746C4F 
 2009      66667365 
 2010              	.LASF163:
 2011 013b 49544D5F 		.ascii	"ITM_RxBuffer\000"
 2011      52784275 
 2011      66666572 
 2011      00
 2012              	.LASF59:
 2013 0148 666C6173 		.ascii	"flashPipeRequired\000"
 2013      68506970 
 2013      65526571 
 2013      75697265 
 2013      6400
 2014              	.LASF63:
 2015 015a 666C6173 		.ascii	"flashCtlMainWs0Freq\000"
 2015      6843746C 
 2015      4D61696E 
 2015      57733046 
 2015      72657100 
 2016              	.LASF15:
 2017 016e 696E7431 		.ascii	"int16_t\000"
 2017      365F7400 
 2018              	.LASF132:
 2019 0176 63795F73 		.ascii	"cy_stc_sar_config_t\000"
 2019      74635F73 
 2019      61725F63 
 2019      6F6E6669 
 2019      675F7400 
 2020              	.LASF11:
 2021 018a 6C6F6E67 		.ascii	"long long int\000"
 2021      206C6F6E 
 2021      6720696E 
 2021      7400
 2022              	.LASF1:
 2023 0198 7369676E 		.ascii	"signed char\000"
 2023      65642063 
 2023      68617200 
 2024              	.LASF79:
 2025 01a4 70657269 		.ascii	"periDivCmdTypeSelPos\000"
 2025      44697643 
 2025      6D645479 
 2025      70655365 
 2025      6C506F73 
 2026              	.LASF116:
 2027 01b9 63795F65 		.ascii	"cy_en_sar_range_detect_condition_t\000"
 2027      6E5F7361 
 2027      725F7261 
 2027      6E67655F 
ARM GAS  C:\Users\Angel\AppData\Local\Temp\cchT2LBQ.s 			page 39


 2027      64657465 
 2028              	.LASF153:
 2029 01dc 636C6B44 		.ascii	"clkDivider\000"
 2029      69766964 
 2029      657200
 2030              	.LASF25:
 2031 01e7 70726F74 		.ascii	"protBase\000"
 2031      42617365 
 2031      00
 2032              	.LASF37:
 2033 01f0 69706356 		.ascii	"ipcVersion\000"
 2033      65727369 
 2033      6F6E00
 2034              	.LASF99:
 2035 01fb 63707573 		.ascii	"cpussCm0NmiCtlOffset\000"
 2035      73436D30 
 2035      4E6D6943 
 2035      746C4F66 
 2035      66736574 
 2036              	.LASF47:
 2037 0210 73727373 		.ascii	"srssNumClkpath\000"
 2037      4E756D43 
 2037      6C6B7061 
 2037      746800
 2038              	.LASF26:
 2039 021f 6873696F 		.ascii	"hsiomBase\000"
 2039      6D426173 
 2039      6500
 2040              	.LASF112:
 2041 0229 43595F53 		.ascii	"CY_SAR_RANGE_COND_BELOW\000"
 2041      41525F52 
 2041      414E4745 
 2041      5F434F4E 
 2041      445F4245 
 2042              	.LASF170:
 2043 0241 7072696E 		.ascii	"print\000"
 2043      7400
 2044              	.LASF8:
 2045 0247 6C6F6E67 		.ascii	"long int\000"
 2045      20696E74 
 2045      00
 2046              	.LASF89:
 2047 0250 6770696F 		.ascii	"gpioPrtCfgOutOffset\000"
 2047      50727443 
 2047      66674F75 
 2047      744F6666 
 2047      73657400 
 2048              	.LASF57:
 2049 0264 63727970 		.ascii	"cryptoMemSize\000"
 2049      746F4D65 
 2049      6D53697A 
 2049      6500
 2050              	.LASF23:
 2051 0272 70657269 		.ascii	"periBase\000"
 2051      42617365 
 2051      00
 2052              	.LASF55:
ARM GAS  C:\Users\Angel\AppData\Local\Temp\cchT2LBQ.s 			page 40


 2053 027b 73797350 		.ascii	"sysPmSimoPresent\000"
 2053      6D53696D 
 2053      6F507265 
 2053      73656E74 
 2053      00
 2054              	.LASF114:
 2055 028c 43595F53 		.ascii	"CY_SAR_RANGE_COND_ABOVE\000"
 2055      41525F52 
 2055      414E4745 
 2055      5F434F4E 
 2055      445F4142 
 2056              	.LASF45:
 2057 02a4 63707573 		.ascii	"cpussFmIrq\000"
 2057      73466D49 
 2057      727100
 2058              	.LASF110:
 2059 02af 646F7562 		.ascii	"double\000"
 2059      6C6500
 2060              	.LASF84:
 2061 02b6 70657269 		.ascii	"periDiv16_5CtlOffset\000"
 2061      44697631 
 2061      365F3543 
 2061      746C4F66 
 2061      66736574 
 2062              	.LASF48:
 2063 02cb 73727373 		.ascii	"srssNumPll\000"
 2063      4E756D50 
 2063      6C6C00
 2064              	.LASF119:
 2065 02d6 73616D70 		.ascii	"sampleTime01\000"
 2065      6C655469 
 2065      6D653031 
 2065      00
 2066              	.LASF6:
 2067 02e3 73686F72 		.ascii	"short unsigned int\000"
 2067      7420756E 
 2067      7369676E 
 2067      65642069 
 2067      6E7400
 2068              	.LASF32:
 2069 02f6 63727970 		.ascii	"cryptoVersion\000"
 2069      746F5665 
 2069      7273696F 
 2069      6E00
 2070              	.LASF9:
 2071 0304 5F5F7569 		.ascii	"__uint32_t\000"
 2071      6E743332 
 2071      5F7400
 2072              	.LASF52:
 2073 030f 70617373 		.ascii	"passSarChannels\000"
 2073      53617243 
 2073      68616E6E 
 2073      656C7300 
 2074              	.LASF151:
 2075 031f 6877436F 		.ascii	"hwConfigStc\000"
 2075      6E666967 
 2075      53746300 
ARM GAS  C:\Users\Angel\AppData\Local\Temp\cchT2LBQ.s 			page 41


 2076              	.LASF4:
 2077 032b 5F5F696E 		.ascii	"__int16_t\000"
 2077      7431365F 
 2077      7400
 2078              	.LASF142:
 2079 0335 72784275 		.ascii	"rxBufIdx\000"
 2079      66496478 
 2079      00
 2080              	.LASF95:
 2081 033e 63707573 		.ascii	"cpussCm4PwrCtlOffset\000"
 2081      73436D34 
 2081      50777243 
 2081      746C4F66 
 2081      66736574 
 2082              	.LASF144:
 2083 0353 74784275 		.ascii	"txBufSize\000"
 2083      6653697A 
 2083      6500
 2084              	.LASF90:
 2085 035d 6770696F 		.ascii	"gpioPrtCfgSioOffset\000"
 2085      50727443 
 2085      66675369 
 2085      6F4F6666 
 2085      73657400 
 2086              	.LASF42:
 2087 0371 63707573 		.ascii	"cpussDwChNr\000"
 2087      73447743 
 2087      684E7200 
 2088              	.LASF13:
 2089 037d 756E7369 		.ascii	"unsigned int\000"
 2089      676E6564 
 2089      20696E74 
 2089      00
 2090              	.LASF16:
 2091 038a 75696E74 		.ascii	"uint16_t\000"
 2091      31365F74 
 2091      00
 2092              	.LASF75:
 2093 0393 70657269 		.ascii	"periTrCmdGrSelMsk\000"
 2093      5472436D 
 2093      64477253 
 2093      656C4D73 
 2093      6B00
 2094              	.LASF64:
 2095 03a5 666C6173 		.ascii	"flashCtlMainWs1Freq\000"
 2095      6843746C 
 2095      4D61696E 
 2095      57733146 
 2095      72657100 
 2096              	.LASF10:
 2097 03b9 6C6F6E67 		.ascii	"long unsigned int\000"
 2097      20756E73 
 2097      69676E65 
 2097      6420696E 
 2097      7400
 2098              	.LASF174:
 2099 03cb 6765745F 		.ascii	"get_func\000"
ARM GAS  C:\Users\Angel\AppData\Local\Temp\cchT2LBQ.s 			page 42


 2099      66756E63 
 2099      00
 2100              	.LASF133:
 2101 03d4 63795F63 		.ascii	"cy_cb_scb_uart_handle_events_t\000"
 2101      625F7363 
 2101      625F7561 
 2101      72745F68 
 2101      616E646C 
 2102              	.LASF165:
 2103 03f3 55415254 		.ascii	"UART_context\000"
 2103      5F636F6E 
 2103      74657874 
 2103      00
 2104              	.LASF40:
 2105 0400 63707573 		.ascii	"cpussIpcNr\000"
 2105      73497063 
 2105      4E7200
 2106              	.LASF158:
 2107 040b 6E616D65 		.ascii	"name\000"
 2107      00
 2108              	.LASF27:
 2109 0410 6770696F 		.ascii	"gpioBase\000"
 2109      42617365 
 2109      00
 2110              	.LASF65:
 2111 0419 666C6173 		.ascii	"flashCtlMainWs2Freq\000"
 2111      6843746C 
 2111      4D61696E 
 2111      57733246 
 2111      72657100 
 2112              	.LASF76:
 2113 042d 70657269 		.ascii	"periTrGrOffset\000"
 2113      54724772 
 2113      4F666673 
 2113      657400
 2114              	.LASF103:
 2115 043c 63707573 		.ascii	"cpussRam1Ctl0\000"
 2115      7352616D 
 2115      3143746C 
 2115      3000
 2116              	.LASF167:
 2117 044a 4144435F 		.ascii	"ADC_1_allConfigs\000"
 2117      315F616C 
 2117      6C436F6E 
 2117      66696773 
 2117      00
 2118              	.LASF121:
 2119 045b 72616E67 		.ascii	"rangeThres\000"
 2119      65546872 
 2119      657300
 2120              	.LASF146:
 2121 0466 63624576 		.ascii	"cbEvents\000"
 2121      656E7473 
 2121      00
 2122              	.LASF77:
 2123 046f 70657269 		.ascii	"periTrGrSize\000"
 2123      54724772 
ARM GAS  C:\Users\Angel\AppData\Local\Temp\cchT2LBQ.s 			page 43


 2123      53697A65 
 2123      00
 2124              	.LASF35:
 2125 047c 6770696F 		.ascii	"gpioVersion\000"
 2125      56657273 
 2125      696F6E00 
 2126              	.LASF143:
 2127 0488 74784275 		.ascii	"txBuf\000"
 2127      6600
 2128              	.LASF150:
 2129 048e 6E756D43 		.ascii	"numChannels\000"
 2129      68616E6E 
 2129      656C7300 
 2130              	.LASF107:
 2131 049a 63795F73 		.ascii	"cy_stc_device_t\000"
 2131      74635F64 
 2131      65766963 
 2131      655F7400 
 2132              	.LASF124:
 2133 04aa 6368616E 		.ascii	"chanConfig\000"
 2133      436F6E66 
 2133      696700
 2134              	.LASF149:
 2135 04b5 6368616E 		.ascii	"channelBase\000"
 2135      6E656C42 
 2135      61736500 
 2136              	.LASF7:
 2137 04c1 5F5F696E 		.ascii	"__int32_t\000"
 2137      7433325F 
 2137      7400
 2138              	.LASF53:
 2139 04cb 65704D6F 		.ascii	"epMonitorNr\000"
 2139      6E69746F 
 2139      724E7200 
 2140              	.LASF138:
 2141 04d7 72785269 		.ascii	"rxRingBufHead\000"
 2141      6E674275 
 2141      66486561 
 2141      6400
 2142              	.LASF96:
 2143 04e5 63707573 		.ascii	"cpussTrimRamCtlOffset\000"
 2143      73547269 
 2143      6D52616D 
 2143      43746C4F 
 2143      66667365 
 2144              	.LASF91:
 2145 04fb 63707573 		.ascii	"cpussCm0ClockCtlOffset\000"
 2145      73436D30 
 2145      436C6F63 
 2145      6B43746C 
 2145      4F666673 
 2146              	.LASF31:
 2147 0512 63707573 		.ascii	"cpussVersion\000"
 2147      73566572 
 2147      73696F6E 
 2147      00
 2148              	.LASF38:
ARM GAS  C:\Users\Angel\AppData\Local\Temp\cchT2LBQ.s 			page 44


 2149 051f 70657269 		.ascii	"periVersion\000"
 2149      56657273 
 2149      696F6E00 
 2150              	.LASF94:
 2151 052b 63707573 		.ascii	"cpussCm0StatusOffset\000"
 2151      73436D30 
 2151      53746174 
 2151      75734F66 
 2151      66736574 
 2152              	.LASF172:
 2153 0540 736F7572 		.ascii	"sources\\func_list\\func_list.c\000"
 2153      6365735C 
 2153      66756E63 
 2153      5F6C6973 
 2153      745C6675 
 2154              	.LASF19:
 2155 055e 73697A65 		.ascii	"sizetype\000"
 2155      74797065 
 2155      00
 2156              	.LASF68:
 2157 0567 64774368 		.ascii	"dwChOffset\000"
 2157      4F666673 
 2157      657400
 2158              	.LASF168:
 2159 0572 73736361 		.ascii	"sscanf\000"
 2159      6E6600
 2160              	.LASF43:
 2161 0579 63707573 		.ascii	"cpussFlashPaSize\000"
 2161      73466C61 
 2161      73685061 
 2161      53697A65 
 2161      00
 2162              	.LASF173:
 2163 058a 433A5C55 		.ascii	"C:\\Users\\Angel\\OneDrive\\Desktop\\clcd_063proto_"
 2163      73657273 
 2163      5C416E67 
 2163      656C5C4F 
 2163      6E654472 
 2164 05b8 32313031 		.ascii	"210114.cydsn\000"
 2164      31342E63 
 2164      7964736E 
 2164      00
 2165              	.LASF120:
 2166 05c5 73616D70 		.ascii	"sampleTime23\000"
 2166      6C655469 
 2166      6D653233 
 2166      00
 2167              	.LASF81:
 2168 05d2 70657269 		.ascii	"periDivCmdPaTypeSelPos\000"
 2168      44697643 
 2168      6D645061 
 2168      54797065 
 2168      53656C50 
 2169              	.LASF104:
 2170 05e9 63707573 		.ascii	"cpussRam2Ctl0\000"
 2170      7352616D 
 2170      3243746C 
ARM GAS  C:\Users\Angel\AppData\Local\Temp\cchT2LBQ.s 			page 45


 2170      3000
 2171              	.LASF130:
 2172 05f7 636F6E66 		.ascii	"configRouting\000"
 2172      6967526F 
 2172      7574696E 
 2172      6700
 2173              	.LASF72:
 2174 0605 64775374 		.ascii	"dwStatusChIdxPos\000"
 2174      61747573 
 2174      43684964 
 2174      78506F73 
 2174      00
 2175              	.LASF54:
 2176 0616 75646250 		.ascii	"udbPresent\000"
 2176      72657365 
 2176      6E7400
 2177              	.LASF135:
 2178 0621 72785374 		.ascii	"rxStatus\000"
 2178      61747573 
 2178      00
 2179              	.LASF34:
 2180 062a 666C6173 		.ascii	"flashcVersion\000"
 2180      68635665 
 2180      7273696F 
 2180      6E00
 2181              	.LASF30:
 2182 0638 63727970 		.ascii	"cryptoBase\000"
 2182      746F4261 
 2182      736500
 2183              	.LASF51:
 2184 0643 736D6966 		.ascii	"smifDeviceNr\000"
 2184      44657669 
 2184      63654E72 
 2184      00
 2185              	.LASF127:
 2186 0650 72616E67 		.ascii	"rangeIntrMask\000"
 2186      65496E74 
 2186      724D6173 
 2186      6B00
 2187              	.LASF171:
 2188 065e 474E5520 		.ascii	"GNU C11 5.4.1 20160609 (release) [ARM/embedded-5-br"
 2188      43313120 
 2188      352E342E 
 2188      31203230 
 2188      31363036 
 2189 0691 616E6368 		.ascii	"anch revision 237715] -mcpu=cortex-m4 -mfloat-abi=s"
 2189      20726576 
 2189      6973696F 
 2189      6E203233 
 2189      37373135 
 2190 06c4 6F667466 		.ascii	"oftfp -mfpu=fpv4-sp-d16 -mthumb -g -Og -ffunction-s"
 2190      70202D6D 
 2190      6670753D 
 2190      66707634 
 2190      2D73702D 
 2191 06f7 65637469 		.ascii	"ections -ffat-lto-objects\000"
 2191      6F6E7320 
ARM GAS  C:\Users\Angel\AppData\Local\Temp\cchT2LBQ.s 			page 46


 2191      2D666661 
 2191      742D6C74 
 2191      6F2D6F62 
 2192              	.LASF109:
 2193 0711 666C6F61 		.ascii	"float\000"
 2193      7400
 2194              	.LASF73:
 2195 0717 64775374 		.ascii	"dwStatusChIdxMsk\000"
 2195      61747573 
 2195      43684964 
 2195      784D736B 
 2195      00
 2196              	.LASF164:
 2197 0728 63795F64 		.ascii	"cy_device\000"
 2197      65766963 
 2197      6500
 2198              	.LASF101:
 2199 0732 63707573 		.ascii	"cpussRomCtl\000"
 2199      73526F6D 
 2199      43746C00 
 2200              	.LASF71:
 2201 073e 64774368 		.ascii	"dwChCtlPreemptablePos\000"
 2201      43746C50 
 2201      7265656D 
 2201      70746162 
 2201      6C65506F 
 2202              	.LASF145:
 2203 0754 74784C65 		.ascii	"txLeftToTransmit\000"
 2203      6674546F 
 2203      5472616E 
 2203      736D6974 
 2203      00
 2204              	.LASF123:
 2205 0765 6368616E 		.ascii	"chanEn\000"
 2205      456E00
 2206              	.LASF24:
 2207 076c 75646242 		.ascii	"udbBase\000"
 2207      61736500 
 2208              	.LASF113:
 2209 0774 43595F53 		.ascii	"CY_SAR_RANGE_COND_INSIDE\000"
 2209      41525F52 
 2209      414E4745 
 2209      5F434F4E 
 2209      445F494E 
 2210              	.LASF111:
 2211 078d 5F426F6F 		.ascii	"_Bool\000"
 2211      6C00
 2212              	.LASF17:
 2213 0793 696E7433 		.ascii	"int32_t\000"
 2213      325F7400 
 2214              	.LASF2:
 2215 079b 756E7369 		.ascii	"unsigned char\000"
 2215      676E6564 
 2215      20636861 
 2215      7200
 2216              	.LASF161:
 2217 07a9 665F6C69 		.ascii	"f_list_type\000"
ARM GAS  C:\Users\Angel\AppData\Local\Temp\cchT2LBQ.s 			page 47


 2217      73745F74 
 2217      79706500 
 2218              	.LASF67:
 2219 07b5 666C6173 		.ascii	"flashCtlMainWs4Freq\000"
 2219      6843746C 
 2219      4D61696E 
 2219      57733446 
 2219      72657100 
 2220              	.LASF0:
 2221 07c9 73686F72 		.ascii	"short int\000"
 2221      7420696E 
 2221      7400
 2222              	.LASF128:
 2223 07d3 6D757853 		.ascii	"muxSwitch\000"
 2223      77697463 
 2223      6800
 2224              	.LASF125:
 2225 07dd 696E7472 		.ascii	"intrMask\000"
 2225      4D61736B 
 2225      00
 2226              	.LASF78:
 2227 07e6 70657269 		.ascii	"periDivCmdDivSelMsk\000"
 2227      44697643 
 2227      6D644469 
 2227      7653656C 
 2227      4D736B00 
 2228              	.LASF22:
 2229 07fa 666C6173 		.ascii	"flashcBase\000"
 2229      68634261 
 2229      736500
 2230              	.LASF49:
 2231 0805 73727373 		.ascii	"srssNumHfroot\000"
 2231      4E756D48 
 2231      66726F6F 
 2231      7400
 2232              	.LASF62:
 2233 0813 666C6173 		.ascii	"flashEraseDelay\000"
 2233      68457261 
 2233      73654465 
 2233      6C617900 
 2234              	.LASF82:
 2235 0823 70657269 		.ascii	"periDiv8CtlOffset\000"
 2235      44697638 
 2235      43746C4F 
 2235      66667365 
 2235      7400
 2236              	.LASF18:
 2237 0835 75696E74 		.ascii	"uint32_t\000"
 2237      33325F74 
 2237      00
 2238              	.LASF166:
 2239 083e 4144435F 		.ascii	"ADC_1_currentConfig\000"
 2239      315F6375 
 2239      7272656E 
 2239      74436F6E 
 2239      66696700 
 2240              	.LASF100:
ARM GAS  C:\Users\Angel\AppData\Local\Temp\cchT2LBQ.s 			page 48


 2241 0852 63707573 		.ascii	"cpussCm4NmiCtlOffset\000"
 2241      73436D34 
 2241      4E6D6943 
 2241      746C4F66 
 2241      66736574 
 2242              	.LASF131:
 2243 0867 76726566 		.ascii	"vrefMvValue\000"
 2243      4D765661 
 2243      6C756500 
 2244              	.LASF20:
 2245 0873 6C6F6E67 		.ascii	"long double\000"
 2245      20646F75 
 2245      626C6500 
 2246              	.LASF108:
 2247 087f 63686172 		.ascii	"char\000"
 2247      00
 2248              	.LASF39:
 2249 0884 70726F74 		.ascii	"protVersion\000"
 2249      56657273 
 2249      696F6E00 
 2250              	.LASF159:
 2251 0890 66756E63 		.ascii	"func\000"
 2251      00
 2252              	.LASF102:
 2253 0895 63707573 		.ascii	"cpussRam0Ctl0\000"
 2253      7352616D 
 2253      3043746C 
 2253      3000
 2254              	.LASF5:
 2255 08a3 5F5F7569 		.ascii	"__uint16_t\000"
 2255      6E743136 
 2255      5F7400
 2256              	.LASF83:
 2257 08ae 70657269 		.ascii	"periDiv16CtlOffset\000"
 2257      44697631 
 2257      3643746C 
 2257      4F666673 
 2257      657400
 2258              	.LASF14:
 2259 08c1 75696E74 		.ascii	"uint8_t\000"
 2259      385F7400 
 2260              	.LASF36:
 2261 08c9 6873696F 		.ascii	"hsiomVersion\000"
 2261      6D566572 
 2261      73696F6E 
 2261      00
 2262              	.LASF61:
 2263 08d6 666C6173 		.ascii	"flashProgramDelay\000"
 2263      6850726F 
 2263      6772616D 
 2263      44656C61 
 2263      7900
 2264              	.LASF117:
 2265 08e8 6374726C 		.ascii	"ctrl\000"
 2265      00
 2266              	.LASF137:
 2267 08ed 72785269 		.ascii	"rxRingBufSize\000"
ARM GAS  C:\Users\Angel\AppData\Local\Temp\cchT2LBQ.s 			page 49


 2267      6E674275 
 2267      6653697A 
 2267      6500
 2268              	.LASF152:
 2269 08fb 6D697363 		.ascii	"miscConfig\000"
 2269      436F6E66 
 2269      696700
 2270              	.LASF69:
 2271 0906 64774368 		.ascii	"dwChSize\000"
 2271      53697A65 
 2271      00
 2272              	.LASF105:
 2273 090f 69706353 		.ascii	"ipcStructSize\000"
 2273      74727563 
 2273      7453697A 
 2273      6500
 2274              	.LASF44:
 2275 091d 63707573 		.ascii	"cpussIpc0Irq\000"
 2275      73497063 
 2275      30497271 
 2275      00
 2276              	.LASF87:
 2277 092a 6770696F 		.ascii	"gpioPrtCfgOffset\000"
 2277      50727443 
 2277      66674F66 
 2277      66736574 
 2277      00
 2278              	.LASF147:
 2279 093b 696E6974 		.ascii	"initKey\000"
 2279      4B657900 
 2280              	.LASF140:
 2281 0943 72784275 		.ascii	"rxBuf\000"
 2281      6600
 2282              	.LASF148:
 2283 0949 63795F73 		.ascii	"cy_stc_scb_uart_context_t\000"
 2283      74635F73 
 2283      63625F75 
 2283      6172745F 
 2283      636F6E74 
 2284              	.LASF155:
 2285 0963 66756E63 		.ascii	"func_ptr\000"
 2285      5F707472 
 2285      00
 2286              	.LASF46:
 2287 096c 63707573 		.ascii	"cpussNotConnectedIrq\000"
 2287      734E6F74 
 2287      436F6E6E 
 2287      65637465 
 2287      64497271 
 2288              	.LASF60:
 2289 0981 666C6173 		.ascii	"flashWriteDelay\000"
 2289      68577269 
 2289      74654465 
 2289      6C617900 
 2290              	.LASF118:
 2291 0991 73616D70 		.ascii	"sampleCtrl\000"
 2291      6C654374 
ARM GAS  C:\Users\Angel\AppData\Local\Temp\cchT2LBQ.s 			page 50


 2291      726C00
 2292              	.LASF154:
 2293 099c 4144435F 		.ascii	"ADC_1_CONFIG_STRUCT\000"
 2293      315F434F 
 2293      4E464947 
 2293      5F535452 
 2293      55435400 
 2294              	.LASF175:
 2295 09b0 73686F77 		.ascii	"show_help\000"
 2295      5F68656C 
 2295      7000
 2296              	.LASF93:
 2297 09ba 63707573 		.ascii	"cpussCm4StatusOffset\000"
 2297      73436D34 
 2297      53746174 
 2297      75734F66 
 2297      66736574 
 2298              	.LASF86:
 2299 09cf 6770696F 		.ascii	"gpioPrtIntrCfgOffset\000"
 2299      50727449 
 2299      6E747243 
 2299      66674F66 
 2299      66736574 
 2300              	.LASF115:
 2301 09e4 43595F53 		.ascii	"CY_SAR_RANGE_COND_OUTSIDE\000"
 2301      41525F52 
 2301      414E4745 
 2301      5F434F4E 
 2301      445F4F55 
 2302              	.LASF139:
 2303 09fe 72785269 		.ascii	"rxRingBufTail\000"
 2303      6E674275 
 2303      66546169 
 2303      6C00
 2304              	.LASF122:
 2305 0a0c 72616E67 		.ascii	"rangeCond\000"
 2305      65436F6E 
 2305      6400
 2306              	.LASF97:
 2307 0a16 63707573 		.ascii	"cpussTrimRomCtlOffset\000"
 2307      73547269 
 2307      6D526F6D 
 2307      43746C4F 
 2307      66667365 
 2308              	.LASF134:
 2309 0a2c 74785374 		.ascii	"txStatus\000"
 2309      61747573 
 2309      00
 2310              	.LASF129:
 2311 0a35 6D757853 		.ascii	"muxSwitchSqCtrl\000"
 2311      77697463 
 2311      68537143 
 2311      74726C00 
 2312              	.LASF33:
 2313 0a45 64775665 		.ascii	"dwVersion\000"
 2313      7273696F 
 2313      6E00
ARM GAS  C:\Users\Angel\AppData\Local\Temp\cchT2LBQ.s 			page 51


 2314              	.LASF29:
 2315 0a4f 69706342 		.ascii	"ipcBase\000"
 2315      61736500 
 2316              	.LASF162:
 2317 0a57 6C697374 		.ascii	"list\000"
 2317      00
 2318              	.LASF80:
 2319 0a5c 70657269 		.ascii	"periDivCmdPaDivSelPos\000"
 2319      44697643 
 2319      6D645061 
 2319      44697653 
 2319      656C506F 
 2320              	.LASF156:
 2321 0a72 63795F73 		.ascii	"cy_stc_scb_uart_context\000"
 2321      74635F73 
 2321      63625F75 
 2321      6172745F 
 2321      636F6E74 
 2322              	.LASF58:
 2323 0a8a 666C6173 		.ascii	"flashRwwRequired\000"
 2323      68527777 
 2323      52657175 
 2323      69726564 
 2323      00
 2324              		.ident	"GCC: (GNU Tools for ARM Embedded Processors) 5.4.1 20160609 (release) [ARM/embedded-5-bran
